#
# A fatal error has been detected by the Java Runtime Environment:
#
#  SIGSEGV (0xb) at pc=0x00007fff72cf5b80, pid=47235, tid=775
#
# JRE version: Java(TM) SE Runtime Environment (15.0+36) (build 15+36-1562)
# Java VM: Java HotSpot(TM) 64-Bit Server VM (15+36-1562, mixed mode, sharing, tiered, compressed oops, g1 gc, bsd-amd64)
# Problematic frame:
# C  [libsystem_platform.dylib+0x1b80]  _platform_strncpy+0x40
#
# No core dump will be written. Core dumps have been disabled. To enable core dumping, try "ulimit -c unlimited" before starting Java again
#
# If you would like to submit a bug report, please visit:
#   https://bugreport.java.com/bugreport/crash.jsp
# The crash happened outside the Java Virtual Machine in native code.
# See problematic frame for where to report the bug.
#

---------------  S U M M A R Y ------------

Command Line: -javaagent:/Applications/IntelliJ IDEA CE.app/Contents/lib/idea_rt.jar=53995:/Applications/IntelliJ IDEA CE.app/Contents/bin -Dfile.encoding=UTF-8 App

Host: MacBookPro11,1 x86_64 2600 MHz, 4 cores, 8G, Darwin 19.6.0
Time: Thu Jan 14 17:15:28 2021 WET elapsed time: 4.389005 seconds (0d 0h 0m 4s)

---------------  T H R E A D  ---------------

Current thread (0x00007fed51881a00):  JavaThread "AppKit Thread" daemon [_thread_in_native, id=775, stack(0x00007ffee3e02000,0x00007ffee4602000)]

Stack: [0x00007ffee3e02000,0x00007ffee4602000],  sp=0x00007ffee45fdf78,  free space=8175k
Native frames: (J=compiled Java code, A=aot compiled Java code, j=interpreted, Vv=VM code, C=native code)
C  [libsystem_platform.dylib+0x1b80]  _platform_strncpy+0x40
C  [libdispatch.dylib+0x2658]  _dispatch_client_callout+0x8
C  [libdispatch.dylib+0xe7ab]  _dispatch_async_and_wait_invoke+0x57
C  [libdispatch.dylib+0x2658]  _dispatch_client_callout+0x8
C  [libdispatch.dylib+0xdcab]  _dispatch_main_queue_callback_4CF+0x3a8
C  [CoreFoundation+0xc2e81]  __CFRUNLOOP_IS_SERVICING_THE_MAIN_DISPATCH_QUEUE__+0x9
C  [CoreFoundation+0x82c87]  __CFRunLoopRun+0x7ec
C  [CoreFoundation+0x81e3e]  CFRunLoopRunSpecific+0x1ce
C  [HIToolbox+0x2fabd]  RunCurrentEventLoopInMode+0x124
C  [HIToolbox+0x2f7d5]  ReceiveNextEventCommon+0x248
C  [HIToolbox+0x2f579]  _BlockUntilNextEventMatchingListInModeWithFilter+0x40
C  [AppKit+0x41039]  _DPSNextEvent+0x373
C  [AppKit+0x3f880]  -[NSApplication(NSEvent) _nextEventMatchingEventMask:untilDate:inMode:dequeue:]+0x548
C  [libosxapp.dylib+0x270a]  -[NSApplicationAWT nextEventMatchingMask:untilDate:inMode:dequeue:]+0x7a
C  [AppKit+0x3158e]  -[NSApplication run]+0x292
C  [libosxapp.dylib+0x24fe]  +[NSApplicationAWT runAWTLoopWithApp:]+0x9e
C  [libawt_lwawt.dylib+0x3f2f6]  +[AWTStarter starter:headless:]+0x416
C  [JavaNativeFoundation+0x6ff9]  +[JNFRunLoop _performCopiedBlock:]+0xf
C  [Foundation+0x9b0dd]  __NSThreadPerformPerform+0xcc
C  [CoreFoundation+0x83d52]  __CFRUNLOOP_IS_CALLING_OUT_TO_A_SOURCE0_PERFORM_FUNCTION__+0x11
C  [CoreFoundation+0x83cf1]  __CFRunLoopDoSource0+0x67
C  [CoreFoundation+0x83b0b]  __CFRunLoopDoSources0+0xd1
C  [CoreFoundation+0x8283a]  __CFRunLoopRun+0x39f
C  [CoreFoundation+0x81e3e]  CFRunLoopRunSpecific+0x1ce
C  [libjli.dylib+0x6e32]  CreateExecutionEnvironment+0x192
C  [libjli.dylib+0x2674]  JLI_Launch+0x614
C  [java+0xc16]  main+0x196
C  [libdyld.dylib+0x1acc9]  start+0x1


siginfo: si_signo: 11 (SIGSEGV), si_code: 1 (SEGV_MAPERR), si_addr: 0x0000000000000000

Register to memory mapping:

RAX=0x0 is NULL
RBX=0x000070000f7d0bb0 is pointing into the stack for thread: 0x00007fed50810c00
RCX=0x0000000000000004 is an unknown value
RDX=0x00000000000000ff is an unknown value
RSP=0x00007ffee45fdf78 is pointing into the stack for thread: 0x00007fed51881a00
RBP=0x00007ffee45fdf90 is pointing into the stack for thread: 0x00007fed51881a00
RSI=0x0 is NULL
RDI=0x000070000f7d0c1c is pointing into the stack for thread: 0x00007fed50810c00
R8 =0x000070000f7d0c1c is pointing into the stack for thread: 0x00007fed50810c00
R9 =0x0 is NULL
R10=0x00007fed5108bdd0 points into unknown readable memory: 0x657461766972702f | 2f 70 72 69 76 61 74 65
R11=0x00007fff72cf5b40: _platform_strncpy+0 in /usr/lib/system/libsystem_platform.dylib at 0x00007fff72cf4000
R12=0x0 is NULL
R13=0x0 is NULL
R14=0x000000018549cb82: GCC_except_table25+0x606 in /private/var/folders/nt/d15y3yj164vc6vgh07r462200000gn/T/bluecove_Sofia_0/libbluecove.jnilib at 0x000000018548c000
R15=0x00007fff99239000: _dispatch_main_q+0 in /usr/lib/system/libdispatch.dylib at 0x00007fff72aa3000


Registers:
RAX=0x0000000000000000, RBX=0x000070000f7d0bb0, RCX=0x0000000000000004, RDX=0x00000000000000ff
RSP=0x00007ffee45fdf78, RBP=0x00007ffee45fdf90, RSI=0x0000000000000000, RDI=0x000070000f7d0c1c
R8 =0x000070000f7d0c1c, R9 =0x0000000000000000, R10=0x00007fed5108bdd0, R11=0x00007fff72cf5b40
R12=0x0000000000000000, R13=0x0000000000000000, R14=0x000000018549cb82, R15=0x00007fff99239000
RIP=0x00007fff72cf5b80, EFLAGS=0x0000000000010202, ERR=0x0000000000000004
  TRAPNO=0x000000000000000e

Top of Stack: (sp=0x00007ffee45fdf78)
0x00007ffee45fdf78:   0000000185490397 000070000f7d0b00
0x00007ffee45fdf88:   0000000000000000 00007ffee45fdfb0
0x00007ffee45fdf98:   00007fff72aa5658 000070000f7d0b50
0x00007ffee45fdfa8:   000070000f7d0b00 00007ffee45fdff0
0x00007ffee45fdfb8:   00007fff72ab17ab 00007fff99239000
0x00007ffee45fdfc8:   0000000000000000 0000000000000000
0x00007ffee45fdfd8:   000070000f7d0b00 0000000000000000
0x00007ffee45fdfe8:   0000000000000013 00007ffee45fe010
0x00007ffee45fdff8:   00007fff72aa5658 00000000000020ff
0x00007ffee45fe008:   000070000f7d0b00 00007ffee45fe0a0
0x00007ffee45fe018:   00007fff72ab0cab 0000000000000000
0x00007ffee45fe028:   0000000000000000 0000000000000000
0x00007ffee45fe038:   0000000000000000 00007fff99239000
0x00007ffee45fe048:   0000000000000000 000070000f7d0b00
0x00007ffee45fe058:   0000000000000000 00000000000020ff
0x00007ffee45fe068:   0000000000000000 00007ffee45fe0b0
0x00007ffee45fe078:   00007fed4fc0de60 0000000000000001
0x00007ffee45fe088:   00007ffee45fe190 0000000000000e03
0x00007ffee45fe098:   00007fed4fc0dfe0 00007ffee45fe0b0
0x00007ffee45fe0a8:   00007fff38acde81 00007ffee45fedc0
0x00007ffee45fe0b8:   00007fff38a8dc87 00007fed4fc0de60
0x00007ffee45fe0c8:   00007fed4fc0dfe0 00007fff8fc8d250
0x00007ffee45fe0d8:   0000000000001303 0000000000000e03
0x00007ffee45fe0e8:   00007fff902fbcc0 00007fff7ce829a1
0x00007ffee45fe0f8:   00007fff7ce95f27 00007fff7ce879e8
0x00007ffee45fe108:   00007fed4fc7a770 ffffffffffffffff
0x00007ffee45fe118:   00007fed4fc7a780 00007fed4fc0dff0
0x00007ffee45fe128:   00007fed4fc0de70 41c2d859d86627c8
0x00007ffee45fe138:   0000000000000000 00007ffee45fe190
0x00007ffee45fe148:   0000000100000004 00007fed508d3068
0x00007ffee45fe158:   00000e03000000fb 00000e0300001303
0x00007ffee45fe168:   0000000000000000 00007fed54208280 

Instructions: (pc=0x00007fff72cf5b80)
0x00007fff72cf5a80:   83 f8 02 74 1e 83 f8 04 74 e1 48 98 48 8d 0d cb
0x00007fff72cf5a90:   54 00 00 48 89 0d de 1f 56 26 48 89 05 07 20 56
0x00007fff72cf5aa0:   26 0f 0b 48 83 c4 08 5b 5d c3 e8 8f 4b 00 00 89
0x00007fff72cf5ab0:   f0 48 8d 0d 76 54 00 00 48 89 0d b9 1f 56 26 48
0x00007fff72cf5ac0:   89 05 e2 1f 56 26 0f 0b 55 48 89 e5 41 57 41 56
0x00007fff72cf5ad0:   41 55 41 54 53 50 49 89 ff 44 8a 2e 45 84 ed 74
0x00007fff72cf5ae0:   37 49 89 f6 49 ff c6 4c 89 f7 e8 51 f3 ff ff 49
0x00007fff72cf5af0:   89 c4 41 8a 07 84 c0 74 24 4c 89 fb 49 ff c7 44
0x00007fff72cf5b00:   38 e8 75 ee 4c 89 ff 4c 89 f6 4c 89 e2 e8 ee f0
0x00007fff72cf5b10:   ff ff 85 c0 75 dc eb 07 4c 89 fb eb 02 31 db 48
0x00007fff72cf5b20:   89 d8 48 83 c4 08 5b 41 5c 41 5d 41 5e 41 5f 5d
0x00007fff72cf5b30:   c3 90 90 90 90 90 90 90 90 90 90 90 90 90 90 90
0x00007fff72cf5b40:   49 89 f8 89 f9 f7 d9 83 e1 0f 75 1f 89 f0 b9 00
0x00007fff72cf5b50:   10 00 00 25 ff 0f 00 00 29 c1 48 39 d1 48 0f 47
0x00007fff72cf5b60:   ca c1 e9 04 75 4a b9 10 00 00 00 48 83 fa 1f 77
0x00007fff72cf5b70:   0f 89 d1 85 d2 75 09 e9 ac 00 00 00 0f 1f 40 00
0x00007fff72cf5b80:   0f b6 06 48 83 c6 01 48 83 ea 01 88 07 48 83 c7
0x00007fff72cf5b90:   01 85 c0 0f 84 83 00 00 00 48 83 e9 01 75 e1 48
0x00007fff72cf5ba0:   85 d2 75 a8 e9 7f 00 00 00 0f 1f 80 00 00 00 00
0x00007fff72cf5bb0:   f3 0f 6f 0e 66 0f ef c0 48 83 c6 10 66 0f 74 c1
0x00007fff72cf5bc0:   66 0f d7 c0 85 c0 75 13 66 0f 7f 0f 48 83 c7 10
0x00007fff72cf5bd0:   48 83 ea 10 83 e9 01 75 d7 eb 8b 0f bc c8 48 29
0x00007fff72cf5be0:   ca f6 c1 08 74 0d 66 0f d6 0f 66 0f 73 d9 08 48
0x00007fff72cf5bf0:   83 c7 08 f6 c1 04 74 0d 66 0f 7e 0f 66 0f 73 d9
0x00007fff72cf5c00:   04 48 83 c7 04 83 e1 03 74 12 66 0f 7e c8 88 07
0x00007fff72cf5c10:   c1 e8 08 48 83 c7 01 83 e9 01 75 f2 48 89 d6 41
0x00007fff72cf5c20:   50 e8 d8 4b 00 00 41 58 4c 89 c0 c3 65 8b 0c 25
0x00007fff72cf5c30:   18 00 00 00 31 c0 f0 0f b1 0f 0f 94 c0 c3 65 8b
0x00007fff72cf5c40:   0c 25 18 00 00 00 31 c0 f0 0f b1 0f 0f 85 27 14
0x00007fff72cf5c50:   00 00 c3 65 8b 04 25 18 00 00 00 31 f6 87 37 39
0x00007fff72cf5c60:   c6 0f 85 d2 14 00 00 c3 65 8b 0c 25 18 00 00 00
0x00007fff72cf5c70:   31 c0 f0 0f b1 0f 0f 94 c0 c3 55 48 89 e5 53 50 


Stack slot to memory mapping:
stack at sp + 0 slots: 0x0000000185490397: ___Z22synchronousBTOperationP8Runnable_block_invoke+0x6b in /private/var/folders/nt/d15y3yj164vc6vgh07r462200000gn/T/bluecove_Sofia_0/libbluecove.jnilib at 0x000000018548c000
stack at sp + 1 slots: 0x000070000f7d0b00 is pointing into the stack for thread: 0x00007fed50810c00
stack at sp + 2 slots: 0x0 is NULL
stack at sp + 3 slots: 0x00007ffee45fdfb0 is pointing into the stack for thread: 0x00007fed51881a00
stack at sp + 4 slots: 0x00007fff72aa5658: _dispatch_client_callout+0x8 in /usr/lib/system/libdispatch.dylib at 0x00007fff72aa3000
stack at sp + 5 slots: 0x000070000f7d0b50 is pointing into the stack for thread: 0x00007fed50810c00
stack at sp + 6 slots: 0x000070000f7d0b00 is pointing into the stack for thread: 0x00007fed50810c00
stack at sp + 7 slots: 0x00007ffee45fdff0 is pointing into the stack for thread: 0x00007fed51881a00


---------------  P R O C E S S  ---------------

Threads class SMR info:
_java_thread_list=0x00007fed5493c240, length=19, elements={
0x00007fed50810c00, 0x00007fed5001ba00, 0x00007fed5080b000, 0x00007fed5001d400,
0x00007fed5001da00, 0x00007fed50895800, 0x00007fed5080b600, 0x00007fed51809600,
0x00007fed5001e000, 0x00007fed50897800, 0x00007fed5282cc00, 0x00007fed51881a00,
0x00007fed529c7c00, 0x00007fed5012a000, 0x00007fed500c5000, 0x00007fed529d3a00,
0x00007fed500eaa00, 0x00007fed52c19a00, 0x00007fed5190cc00
}

Java Threads: ( => current thread )
  0x00007fed50810c00 JavaThread "main" [_thread_in_native, id=6147, stack(0x000070000f6d2000,0x000070000f7d2000)]
  0x00007fed5001ba00 JavaThread "Reference Handler" daemon [_thread_blocked, id=15619, stack(0x000070000fde7000,0x000070000fee7000)]
  0x00007fed5080b000 JavaThread "Finalizer" daemon [_thread_blocked, id=13571, stack(0x000070000feea000,0x000070000ffea000)]
  0x00007fed5001d400 JavaThread "Signal Dispatcher" daemon [_thread_blocked, id=22787, stack(0x0000700010176000,0x0000700010276000)]
  0x00007fed5001da00 JavaThread "Service Thread" daemon [_thread_blocked, id=41731, stack(0x0000700010279000,0x0000700010379000)]
  0x00007fed50895800 JavaThread "C2 CompilerThread0" daemon [_thread_blocked, id=41219, stack(0x000070001037c000,0x000070001047c000)]
  0x00007fed5080b600 JavaThread "C1 CompilerThread0" daemon [_thread_blocked, id=40195, stack(0x000070001047f000,0x000070001057f000)]
  0x00007fed51809600 JavaThread "Sweeper thread" daemon [_thread_blocked, id=23811, stack(0x0000700010582000,0x0000700010682000)]
  0x00007fed5001e000 JavaThread "Common-Cleaner" daemon [_thread_blocked, id=24067, stack(0x0000700010685000,0x0000700010785000)]
  0x00007fed50897800 JavaThread "Monitor Ctrl-Break" daemon [_thread_in_native, id=25091, stack(0x0000700010788000,0x0000700010888000)]
  0x00007fed5282cc00 JavaThread "Notification Thread" daemon [_thread_blocked, id=25603, stack(0x000070001088b000,0x000070001098b000)]
=>0x00007fed51881a00 JavaThread "AppKit Thread" daemon [_thread_in_native, id=775, stack(0x00007ffee3e02000,0x00007ffee4602000)]
  0x00007fed529c7c00 JavaThread "Java2D Queue Flusher" daemon [_thread_blocked, id=56583, stack(0x0000700010d1d000,0x0000700010e1d000)]
  0x00007fed5012a000 JavaThread "Java2D Disposer" daemon [_thread_blocked, id=71427, stack(0x0000700010e20000,0x0000700010f20000)]
  0x00007fed500c5000 JavaThread "Attach Listener" daemon [_thread_blocked, id=63243, stack(0x0000700010f23000,0x0000700011023000)]
  0x00007fed529d3a00 JavaThread "AWT-Shutdown" [_thread_blocked, id=63751, stack(0x0000700010a91000,0x0000700010b91000)]
  0x00007fed500eaa00 JavaThread "AWT-EventQueue-0" [_thread_blocked, id=44063, stack(0x0000700011026000,0x0000700011126000)]
  0x00007fed52c19a00 JavaThread "TimerQueue" daemon [_thread_blocked, id=129795, stack(0x0000700011129000,0x0000700011229000)]
  0x00007fed5190cc00 JavaThread "BluecoveAsynchronousShutdownThread" daemon [_thread_blocked, id=129283, stack(0x000070001122c000,0x000070001132c000)]

Other Threads:
  0x00007fed4fd3ad00 VMThread "VM Thread" [stack: 0x000070000fce4000,0x000070000fde4000] [id=16899]
  0x00007fed510447d0 WatcherThread [stack: 0x000070001098e000,0x0000700010a8e000] [id=25859]
  0x00007fed4fd1b440 GCTaskThread "GC Thread#0" [stack: 0x000070000f7d5000,0x000070000f8d5000] [id=19715]
  0x00007fed4fc122e0 ConcurrentGCThread "G1 Main Marker" [stack: 0x000070000f8d8000,0x000070000f9d8000] [id=19203]
  0x00007fed510045d0 ConcurrentGCThread "G1 Conc#0" [stack: 0x000070000f9db000,0x000070000fadb000] [id=18435]
  0x00007fed4fd36ab0 ConcurrentGCThread "G1 Refine#0" [stack: 0x000070000fade000,0x000070000fbde000] [id=17923]
  0x00007fed4fd37b30 ConcurrentGCThread "G1 Young RemSet Sampling" [stack: 0x000070000fbe1000,0x000070000fce1000] [id=17411]

Threads with active compile tasks:

VM state: not at safepoint (normal execution)

VM Mutex/Monitor currently owned by a thread: None

Heap address: 0x0000000780000000, size: 2048 MB, Compressed Oops mode: Zero based, Oop shift amount: 3
CDS archive(s) mapped at: [0x0000000800000000-0x0000000800b2c000-0x0000000800b2c000), size 11714560, SharedBaseAddress: 0x0000000800000000, ArchiveRelocationMode: 0.
Compressed class space mapped at: 0x0000000800b2c000-0x0000000840b2c000, size: 1073741824
Narrow klass base: 0x0000000800000000, Narrow klass shift: 3, Narrow klass range: 0x100000000

GC Precious Log:
 CPUs: 4 total, 4 available
 Memory: 8192M
 Large Page Support: Disabled
 NUMA Support: Disabled
 Compressed Oops: Enabled (Zero based)
 Heap Region Size: 1M
 Heap Min Capacity: 8M
 Heap Initial Capacity: 128M
 Heap Max Capacity: 2G
 Pre-touch: Disabled
 Parallel Workers: 4
 Concurrent Workers: 1
 Concurrent Refinement Workers: 4
 Periodic GC: Disabled

Heap:
 garbage-first heap   total 133120K, used 12072K [0x0000000780000000, 0x0000000800000000)
  region size 1024K, 12 young (12288K), 0 survivors (0K)
 Metaspace       used 10488K, capacity 10722K, committed 10880K, reserved 1058816K
  class space    used 1242K, capacity 1308K, committed 1408K, reserved 1048576K

Heap Regions: E=young(eden), S=young(survivor), O=old, HS=humongous(starts), HC=humongous(continues), CS=collection set, F=free, OA=open archive, CA=closed archive, TAMS=top-at-mark-start (previous, next)
|   0|0x0000000780000000, 0x0000000780000000, 0x0000000780100000|  0%| F|  |TAMS 0x0000000780000000, 0x0000000780000000| Untracked 
|   1|0x0000000780100000, 0x0000000780100000, 0x0000000780200000|  0%| F|  |TAMS 0x0000000780100000, 0x0000000780100000| Untracked 
|   2|0x0000000780200000, 0x0000000780200000, 0x0000000780300000|  0%| F|  |TAMS 0x0000000780200000, 0x0000000780200000| Untracked 
|   3|0x0000000780300000, 0x0000000780300000, 0x0000000780400000|  0%| F|  |TAMS 0x0000000780300000, 0x0000000780300000| Untracked 
|   4|0x0000000780400000, 0x0000000780400000, 0x0000000780500000|  0%| F|  |TAMS 0x0000000780400000, 0x0000000780400000| Untracked 
|   5|0x0000000780500000, 0x0000000780500000, 0x0000000780600000|  0%| F|  |TAMS 0x0000000780500000, 0x0000000780500000| Untracked 
|   6|0x0000000780600000, 0x0000000780600000, 0x0000000780700000|  0%| F|  |TAMS 0x0000000780600000, 0x0000000780600000| Untracked 
|   7|0x0000000780700000, 0x0000000780700000, 0x0000000780800000|  0%| F|  |TAMS 0x0000000780700000, 0x0000000780700000| Untracked 
|   8|0x0000000780800000, 0x0000000780800000, 0x0000000780900000|  0%| F|  |TAMS 0x0000000780800000, 0x0000000780800000| Untracked 
|   9|0x0000000780900000, 0x0000000780900000, 0x0000000780a00000|  0%| F|  |TAMS 0x0000000780900000, 0x0000000780900000| Untracked 
|  10|0x0000000780a00000, 0x0000000780a00000, 0x0000000780b00000|  0%| F|  |TAMS 0x0000000780a00000, 0x0000000780a00000| Untracked 
|  11|0x0000000780b00000, 0x0000000780b00000, 0x0000000780c00000|  0%| F|  |TAMS 0x0000000780b00000, 0x0000000780b00000| Untracked 
|  12|0x0000000780c00000, 0x0000000780c00000, 0x0000000780d00000|  0%| F|  |TAMS 0x0000000780c00000, 0x0000000780c00000| Untracked 
|  13|0x0000000780d00000, 0x0000000780d00000, 0x0000000780e00000|  0%| F|  |TAMS 0x0000000780d00000, 0x0000000780d00000| Untracked 
|  14|0x0000000780e00000, 0x0000000780e00000, 0x0000000780f00000|  0%| F|  |TAMS 0x0000000780e00000, 0x0000000780e00000| Untracked 
|  15|0x0000000780f00000, 0x0000000780f00000, 0x0000000781000000|  0%| F|  |TAMS 0x0000000780f00000, 0x0000000780f00000| Untracked 
|  16|0x0000000781000000, 0x0000000781000000, 0x0000000781100000|  0%| F|  |TAMS 0x0000000781000000, 0x0000000781000000| Untracked 
|  17|0x0000000781100000, 0x0000000781100000, 0x0000000781200000|  0%| F|  |TAMS 0x0000000781100000, 0x0000000781100000| Untracked 
|  18|0x0000000781200000, 0x0000000781200000, 0x0000000781300000|  0%| F|  |TAMS 0x0000000781200000, 0x0000000781200000| Untracked 
|  19|0x0000000781300000, 0x0000000781300000, 0x0000000781400000|  0%| F|  |TAMS 0x0000000781300000, 0x0000000781300000| Untracked 
|  20|0x0000000781400000, 0x0000000781400000, 0x0000000781500000|  0%| F|  |TAMS 0x0000000781400000, 0x0000000781400000| Untracked 
|  21|0x0000000781500000, 0x0000000781500000, 0x0000000781600000|  0%| F|  |TAMS 0x0000000781500000, 0x0000000781500000| Untracked 
|  22|0x0000000781600000, 0x0000000781600000, 0x0000000781700000|  0%| F|  |TAMS 0x0000000781600000, 0x0000000781600000| Untracked 
|  23|0x0000000781700000, 0x0000000781700000, 0x0000000781800000|  0%| F|  |TAMS 0x0000000781700000, 0x0000000781700000| Untracked 
|  24|0x0000000781800000, 0x0000000781800000, 0x0000000781900000|  0%| F|  |TAMS 0x0000000781800000, 0x0000000781800000| Untracked 
|  25|0x0000000781900000, 0x0000000781900000, 0x0000000781a00000|  0%| F|  |TAMS 0x0000000781900000, 0x0000000781900000| Untracked 
|  26|0x0000000781a00000, 0x0000000781a00000, 0x0000000781b00000|  0%| F|  |TAMS 0x0000000781a00000, 0x0000000781a00000| Untracked 
|  27|0x0000000781b00000, 0x0000000781b00000, 0x0000000781c00000|  0%| F|  |TAMS 0x0000000781b00000, 0x0000000781b00000| Untracked 
|  28|0x0000000781c00000, 0x0000000781c00000, 0x0000000781d00000|  0%| F|  |TAMS 0x0000000781c00000, 0x0000000781c00000| Untracked 
|  29|0x0000000781d00000, 0x0000000781d00000, 0x0000000781e00000|  0%| F|  |TAMS 0x0000000781d00000, 0x0000000781d00000| Untracked 
|  30|0x0000000781e00000, 0x0000000781e00000, 0x0000000781f00000|  0%| F|  |TAMS 0x0000000781e00000, 0x0000000781e00000| Untracked 
|  31|0x0000000781f00000, 0x0000000781f00000, 0x0000000782000000|  0%| F|  |TAMS 0x0000000781f00000, 0x0000000781f00000| Untracked 
|  32|0x0000000782000000, 0x0000000782000000, 0x0000000782100000|  0%| F|  |TAMS 0x0000000782000000, 0x0000000782000000| Untracked 
|  33|0x0000000782100000, 0x0000000782100000, 0x0000000782200000|  0%| F|  |TAMS 0x0000000782100000, 0x0000000782100000| Untracked 
|  34|0x0000000782200000, 0x0000000782200000, 0x0000000782300000|  0%| F|  |TAMS 0x0000000782200000, 0x0000000782200000| Untracked 
|  35|0x0000000782300000, 0x0000000782300000, 0x0000000782400000|  0%| F|  |TAMS 0x0000000782300000, 0x0000000782300000| Untracked 
|  36|0x0000000782400000, 0x0000000782400000, 0x0000000782500000|  0%| F|  |TAMS 0x0000000782400000, 0x0000000782400000| Untracked 
|  37|0x0000000782500000, 0x0000000782500000, 0x0000000782600000|  0%| F|  |TAMS 0x0000000782500000, 0x0000000782500000| Untracked 
|  38|0x0000000782600000, 0x0000000782600000, 0x0000000782700000|  0%| F|  |TAMS 0x0000000782600000, 0x0000000782600000| Untracked 
|  39|0x0000000782700000, 0x0000000782700000, 0x0000000782800000|  0%| F|  |TAMS 0x0000000782700000, 0x0000000782700000| Untracked 
|  40|0x0000000782800000, 0x0000000782800000, 0x0000000782900000|  0%| F|  |TAMS 0x0000000782800000, 0x0000000782800000| Untracked 
|  41|0x0000000782900000, 0x0000000782900000, 0x0000000782a00000|  0%| F|  |TAMS 0x0000000782900000, 0x0000000782900000| Untracked 
|  42|0x0000000782a00000, 0x0000000782a00000, 0x0000000782b00000|  0%| F|  |TAMS 0x0000000782a00000, 0x0000000782a00000| Untracked 
|  43|0x0000000782b00000, 0x0000000782b00000, 0x0000000782c00000|  0%| F|  |TAMS 0x0000000782b00000, 0x0000000782b00000| Untracked 
|  44|0x0000000782c00000, 0x0000000782c00000, 0x0000000782d00000|  0%| F|  |TAMS 0x0000000782c00000, 0x0000000782c00000| Untracked 
|  45|0x0000000782d00000, 0x0000000782d00000, 0x0000000782e00000|  0%| F|  |TAMS 0x0000000782d00000, 0x0000000782d00000| Untracked 
|  46|0x0000000782e00000, 0x0000000782e00000, 0x0000000782f00000|  0%| F|  |TAMS 0x0000000782e00000, 0x0000000782e00000| Untracked 
|  47|0x0000000782f00000, 0x0000000782f00000, 0x0000000783000000|  0%| F|  |TAMS 0x0000000782f00000, 0x0000000782f00000| Untracked 
|  48|0x0000000783000000, 0x0000000783000000, 0x0000000783100000|  0%| F|  |TAMS 0x0000000783000000, 0x0000000783000000| Untracked 
|  49|0x0000000783100000, 0x0000000783100000, 0x0000000783200000|  0%| F|  |TAMS 0x0000000783100000, 0x0000000783100000| Untracked 
|  50|0x0000000783200000, 0x0000000783200000, 0x0000000783300000|  0%| F|  |TAMS 0x0000000783200000, 0x0000000783200000| Untracked 
|  51|0x0000000783300000, 0x0000000783300000, 0x0000000783400000|  0%| F|  |TAMS 0x0000000783300000, 0x0000000783300000| Untracked 
|  52|0x0000000783400000, 0x0000000783400000, 0x0000000783500000|  0%| F|  |TAMS 0x0000000783400000, 0x0000000783400000| Untracked 
|  53|0x0000000783500000, 0x0000000783500000, 0x0000000783600000|  0%| F|  |TAMS 0x0000000783500000, 0x0000000783500000| Untracked 
|  54|0x0000000783600000, 0x0000000783600000, 0x0000000783700000|  0%| F|  |TAMS 0x0000000783600000, 0x0000000783600000| Untracked 
|  55|0x0000000783700000, 0x0000000783700000, 0x0000000783800000|  0%| F|  |TAMS 0x0000000783700000, 0x0000000783700000| Untracked 
|  56|0x0000000783800000, 0x0000000783800000, 0x0000000783900000|  0%| F|  |TAMS 0x0000000783800000, 0x0000000783800000| Untracked 
|  57|0x0000000783900000, 0x0000000783900000, 0x0000000783a00000|  0%| F|  |TAMS 0x0000000783900000, 0x0000000783900000| Untracked 
|  58|0x0000000783a00000, 0x0000000783a00000, 0x0000000783b00000|  0%| F|  |TAMS 0x0000000783a00000, 0x0000000783a00000| Untracked 
|  59|0x0000000783b00000, 0x0000000783b00000, 0x0000000783c00000|  0%| F|  |TAMS 0x0000000783b00000, 0x0000000783b00000| Untracked 
|  60|0x0000000783c00000, 0x0000000783c00000, 0x0000000783d00000|  0%| F|  |TAMS 0x0000000783c00000, 0x0000000783c00000| Untracked 
|  61|0x0000000783d00000, 0x0000000783d00000, 0x0000000783e00000|  0%| F|  |TAMS 0x0000000783d00000, 0x0000000783d00000| Untracked 
|  62|0x0000000783e00000, 0x0000000783e00000, 0x0000000783f00000|  0%| F|  |TAMS 0x0000000783e00000, 0x0000000783e00000| Untracked 
|  63|0x0000000783f00000, 0x0000000783f00000, 0x0000000784000000|  0%| F|  |TAMS 0x0000000783f00000, 0x0000000783f00000| Untracked 
|  64|0x0000000784000000, 0x0000000784000000, 0x0000000784100000|  0%| F|  |TAMS 0x0000000784000000, 0x0000000784000000| Untracked 
|  65|0x0000000784100000, 0x0000000784100000, 0x0000000784200000|  0%| F|  |TAMS 0x0000000784100000, 0x0000000784100000| Untracked 
|  66|0x0000000784200000, 0x0000000784200000, 0x0000000784300000|  0%| F|  |TAMS 0x0000000784200000, 0x0000000784200000| Untracked 
|  67|0x0000000784300000, 0x0000000784300000, 0x0000000784400000|  0%| F|  |TAMS 0x0000000784300000, 0x0000000784300000| Untracked 
|  68|0x0000000784400000, 0x0000000784400000, 0x0000000784500000|  0%| F|  |TAMS 0x0000000784400000, 0x0000000784400000| Untracked 
|  69|0x0000000784500000, 0x0000000784500000, 0x0000000784600000|  0%| F|  |TAMS 0x0000000784500000, 0x0000000784500000| Untracked 
|  70|0x0000000784600000, 0x0000000784600000, 0x0000000784700000|  0%| F|  |TAMS 0x0000000784600000, 0x0000000784600000| Untracked 
|  71|0x0000000784700000, 0x0000000784700000, 0x0000000784800000|  0%| F|  |TAMS 0x0000000784700000, 0x0000000784700000| Untracked 
|  72|0x0000000784800000, 0x0000000784800000, 0x0000000784900000|  0%| F|  |TAMS 0x0000000784800000, 0x0000000784800000| Untracked 
|  73|0x0000000784900000, 0x0000000784900000, 0x0000000784a00000|  0%| F|  |TAMS 0x0000000784900000, 0x0000000784900000| Untracked 
|  74|0x0000000784a00000, 0x0000000784a00000, 0x0000000784b00000|  0%| F|  |TAMS 0x0000000784a00000, 0x0000000784a00000| Untracked 
|  75|0x0000000784b00000, 0x0000000784b00000, 0x0000000784c00000|  0%| F|  |TAMS 0x0000000784b00000, 0x0000000784b00000| Untracked 
|  76|0x0000000784c00000, 0x0000000784c00000, 0x0000000784d00000|  0%| F|  |TAMS 0x0000000784c00000, 0x0000000784c00000| Untracked 
|  77|0x0000000784d00000, 0x0000000784d00000, 0x0000000784e00000|  0%| F|  |TAMS 0x0000000784d00000, 0x0000000784d00000| Untracked 
|  78|0x0000000784e00000, 0x0000000784e00000, 0x0000000784f00000|  0%| F|  |TAMS 0x0000000784e00000, 0x0000000784e00000| Untracked 
|  79|0x0000000784f00000, 0x0000000784f00000, 0x0000000785000000|  0%| F|  |TAMS 0x0000000784f00000, 0x0000000784f00000| Untracked 
|  80|0x0000000785000000, 0x0000000785000000, 0x0000000785100000|  0%| F|  |TAMS 0x0000000785000000, 0x0000000785000000| Untracked 
|  81|0x0000000785100000, 0x0000000785100000, 0x0000000785200000|  0%| F|  |TAMS 0x0000000785100000, 0x0000000785100000| Untracked 
|  82|0x0000000785200000, 0x0000000785200000, 0x0000000785300000|  0%| F|  |TAMS 0x0000000785200000, 0x0000000785200000| Untracked 
|  83|0x0000000785300000, 0x0000000785300000, 0x0000000785400000|  0%| F|  |TAMS 0x0000000785300000, 0x0000000785300000| Untracked 
|  84|0x0000000785400000, 0x0000000785400000, 0x0000000785500000|  0%| F|  |TAMS 0x0000000785400000, 0x0000000785400000| Untracked 
|  85|0x0000000785500000, 0x0000000785500000, 0x0000000785600000|  0%| F|  |TAMS 0x0000000785500000, 0x0000000785500000| Untracked 
|  86|0x0000000785600000, 0x0000000785600000, 0x0000000785700000|  0%| F|  |TAMS 0x0000000785600000, 0x0000000785600000| Untracked 
|  87|0x0000000785700000, 0x0000000785700000, 0x0000000785800000|  0%| F|  |TAMS 0x0000000785700000, 0x0000000785700000| Untracked 
|  88|0x0000000785800000, 0x0000000785800000, 0x0000000785900000|  0%| F|  |TAMS 0x0000000785800000, 0x0000000785800000| Untracked 
|  89|0x0000000785900000, 0x0000000785900000, 0x0000000785a00000|  0%| F|  |TAMS 0x0000000785900000, 0x0000000785900000| Untracked 
|  90|0x0000000785a00000, 0x0000000785a00000, 0x0000000785b00000|  0%| F|  |TAMS 0x0000000785a00000, 0x0000000785a00000| Untracked 
|  91|0x0000000785b00000, 0x0000000785b00000, 0x0000000785c00000|  0%| F|  |TAMS 0x0000000785b00000, 0x0000000785b00000| Untracked 
|  92|0x0000000785c00000, 0x0000000785c00000, 0x0000000785d00000|  0%| F|  |TAMS 0x0000000785c00000, 0x0000000785c00000| Untracked 
|  93|0x0000000785d00000, 0x0000000785d00000, 0x0000000785e00000|  0%| F|  |TAMS 0x0000000785d00000, 0x0000000785d00000| Untracked 
|  94|0x0000000785e00000, 0x0000000785e00000, 0x0000000785f00000|  0%| F|  |TAMS 0x0000000785e00000, 0x0000000785e00000| Untracked 
|  95|0x0000000785f00000, 0x0000000785f00000, 0x0000000786000000|  0%| F|  |TAMS 0x0000000785f00000, 0x0000000785f00000| Untracked 
|  96|0x0000000786000000, 0x0000000786000000, 0x0000000786100000|  0%| F|  |TAMS 0x0000000786000000, 0x0000000786000000| Untracked 
|  97|0x0000000786100000, 0x0000000786100000, 0x0000000786200000|  0%| F|  |TAMS 0x0000000786100000, 0x0000000786100000| Untracked 
|  98|0x0000000786200000, 0x0000000786200000, 0x0000000786300000|  0%| F|  |TAMS 0x0000000786200000, 0x0000000786200000| Untracked 
|  99|0x0000000786300000, 0x0000000786300000, 0x0000000786400000|  0%| F|  |TAMS 0x0000000786300000, 0x0000000786300000| Untracked 
| 100|0x0000000786400000, 0x0000000786400000, 0x0000000786500000|  0%| F|  |TAMS 0x0000000786400000, 0x0000000786400000| Untracked 
| 101|0x0000000786500000, 0x0000000786500000, 0x0000000786600000|  0%| F|  |TAMS 0x0000000786500000, 0x0000000786500000| Untracked 
| 102|0x0000000786600000, 0x0000000786600000, 0x0000000786700000|  0%| F|  |TAMS 0x0000000786600000, 0x0000000786600000| Untracked 
| 103|0x0000000786700000, 0x0000000786700000, 0x0000000786800000|  0%| F|  |TAMS 0x0000000786700000, 0x0000000786700000| Untracked 
| 104|0x0000000786800000, 0x0000000786800000, 0x0000000786900000|  0%| F|  |TAMS 0x0000000786800000, 0x0000000786800000| Untracked 
| 105|0x0000000786900000, 0x0000000786900000, 0x0000000786a00000|  0%| F|  |TAMS 0x0000000786900000, 0x0000000786900000| Untracked 
| 106|0x0000000786a00000, 0x0000000786a00000, 0x0000000786b00000|  0%| F|  |TAMS 0x0000000786a00000, 0x0000000786a00000| Untracked 
| 107|0x0000000786b00000, 0x0000000786b00000, 0x0000000786c00000|  0%| F|  |TAMS 0x0000000786b00000, 0x0000000786b00000| Untracked 
| 108|0x0000000786c00000, 0x0000000786c00000, 0x0000000786d00000|  0%| F|  |TAMS 0x0000000786c00000, 0x0000000786c00000| Untracked 
| 109|0x0000000786d00000, 0x0000000786d00000, 0x0000000786e00000|  0%| F|  |TAMS 0x0000000786d00000, 0x0000000786d00000| Untracked 
| 110|0x0000000786e00000, 0x0000000786e00000, 0x0000000786f00000|  0%| F|  |TAMS 0x0000000786e00000, 0x0000000786e00000| Untracked 
| 111|0x0000000786f00000, 0x0000000786f00000, 0x0000000787000000|  0%| F|  |TAMS 0x0000000786f00000, 0x0000000786f00000| Untracked 
| 112|0x0000000787000000, 0x0000000787000000, 0x0000000787100000|  0%| F|  |TAMS 0x0000000787000000, 0x0000000787000000| Untracked 
| 113|0x0000000787100000, 0x0000000787100000, 0x0000000787200000|  0%| F|  |TAMS 0x0000000787100000, 0x0000000787100000| Untracked 
| 114|0x0000000787200000, 0x0000000787200000, 0x0000000787300000|  0%| F|  |TAMS 0x0000000787200000, 0x0000000787200000| Untracked 
| 115|0x0000000787300000, 0x0000000787300000, 0x0000000787400000|  0%| F|  |TAMS 0x0000000787300000, 0x0000000787300000| Untracked 
| 116|0x0000000787400000, 0x000000078748a1a8, 0x0000000787500000| 53%| E|  |TAMS 0x0000000787400000, 0x0000000787400000| Complete 
| 117|0x0000000787500000, 0x0000000787600000, 0x0000000787600000|100%| E|CS|TAMS 0x0000000787500000, 0x0000000787500000| Complete 
| 118|0x0000000787600000, 0x0000000787700000, 0x0000000787700000|100%| E|CS|TAMS 0x0000000787600000, 0x0000000787600000| Complete 
| 119|0x0000000787700000, 0x0000000787800000, 0x0000000787800000|100%| E|CS|TAMS 0x0000000787700000, 0x0000000787700000| Complete 
| 120|0x0000000787800000, 0x0000000787900000, 0x0000000787900000|100%| E|CS|TAMS 0x0000000787800000, 0x0000000787800000| Complete 
| 121|0x0000000787900000, 0x0000000787a00000, 0x0000000787a00000|100%| E|CS|TAMS 0x0000000787900000, 0x0000000787900000| Complete 
| 122|0x0000000787a00000, 0x0000000787b00000, 0x0000000787b00000|100%| E|CS|TAMS 0x0000000787a00000, 0x0000000787a00000| Complete 
| 123|0x0000000787b00000, 0x0000000787c00000, 0x0000000787c00000|100%| E|CS|TAMS 0x0000000787b00000, 0x0000000787b00000| Complete 
| 124|0x0000000787c00000, 0x0000000787d00000, 0x0000000787d00000|100%| E|CS|TAMS 0x0000000787c00000, 0x0000000787c00000| Complete 
| 125|0x0000000787d00000, 0x0000000787e00000, 0x0000000787e00000|100%| E|CS|TAMS 0x0000000787d00000, 0x0000000787d00000| Complete 
| 126|0x0000000787e00000, 0x0000000787f00000, 0x0000000787f00000|100%| E|CS|TAMS 0x0000000787e00000, 0x0000000787e00000| Complete 
| 127|0x0000000787f00000, 0x0000000788000000, 0x0000000788000000|100%| E|CS|TAMS 0x0000000787f00000, 0x0000000787f00000| Complete 
|1022|0x00000007bfe00000, 0x00000007bfe51000, 0x00000007bff00000| 31%|OA|  |TAMS 0x00000007bfe00000, 0x00000007bfe00000| Untracked 
|1023|0x00000007bff00000, 0x00000007bff79000, 0x00000007c0000000| 47%|CA|  |TAMS 0x00000007bff00000, 0x00000007bff00000| Untracked 

Card table byte_map: [0x000000010d4fa000,0x000000010d8fa000] _byte_map_base: 0x00000001098fa000

Marking Bits (Prev, Next): (CMBitMap*) 0x00007fed5000b210, (CMBitMap*) 0x00007fed5000b250
 Prev Bits: [0x000000010dcfa000, 0x000000010fcfa000)
 Next Bits: [0x0000000128268000, 0x000000012a268000)

Polling page: 0x000000010b638000

Metaspace:

Usage:
  Non-class:      9.19 MB capacity,     9.03 MB ( 98%) used,   152.70 KB (  2%) free+waste,    15.38 KB ( <1%) overhead. 
      Class:      1.28 MB capacity,     1.21 MB ( 95%) used,    59.05 KB (  5%) free+waste,     6.81 KB ( <1%) overhead. 
       Both:     10.47 MB capacity,    10.24 MB ( 98%) used,   211.76 KB (  2%) free+waste,    22.19 KB ( <1%) overhead. 

Virtual space:
  Non-class space:       10.00 MB reserved,       9.25 MB ( 92%) committed 
      Class space:        1.00 GB reserved,       1.38 MB ( <1%) committed 
             Both:        1.01 GB reserved,      10.62 MB (  1%) committed 

Chunk freelists:
   Non-Class:  58.00 KB
       Class:  20.00 KB
        Both:  78.00 KB

MaxMetaspaceSize: 17179869184.00 GB
CompressedClassSpaceSize: 1.00 GB

CodeHeap 'non-profiled nmethods': size=120032Kb used=391Kb max_used=391Kb free=119640Kb
 bounds [0x0000000120d30000, 0x0000000120fa0000, 0x0000000128268000]
CodeHeap 'profiled nmethods': size=120028Kb used=1879Kb max_used=1879Kb free=118148Kb
 bounds [0x00000001197f9000, 0x0000000119a69000, 0x0000000120d30000]
CodeHeap 'non-nmethods': size=5700Kb used=1331Kb max_used=1349Kb free=4368Kb
 bounds [0x0000000119268000, 0x00000001194d8000, 0x00000001197f9000]
 total_blobs=1866 nmethods=1222 adapters=558
 compilation: enabled
              stopped_count=0, restarted_count=0
 full_count=0

Compilation events (20 events):
Event: 4.280 Thread 0x00007fed5080b600 1211       3       java.nio.DirectByteBufferR::<init> (21 bytes)
Event: 4.280 Thread 0x00007fed5080b600 nmethod 1211 0x00000001199cab90 code [0x00000001199cad20, 0x00000001199cae60]
Event: 4.280 Thread 0x00007fed5080b600 1212       3       java.nio.DirectByteBufferR::slice (66 bytes)
Event: 4.281 Thread 0x00007fed5080b600 nmethod 1212 0x00000001199caf10 code [0x00000001199cb0c0, 0x00000001199cb320]
Event: 4.281 Thread 0x00007fed5080b600 1214       3       java.io.FilterInputStream::read (9 bytes)
Event: 4.281 Thread 0x00007fed5080b600 nmethod 1214 0x00000001199cb410 code [0x00000001199cb5a0, 0x00000001199cb760]
Event: 4.281 Thread 0x00007fed5080b600 1215       3       java.io.FilterInputStream::read (11 bytes)
Event: 4.281 Thread 0x00007fed50895800 1217       4       java.util.HashMap::resize (356 bytes)
Event: 4.281 Thread 0x00007fed5080b600 nmethod 1215 0x00000001199cb810 code [0x00000001199cb9a0, 0x00000001199cbb60]
Event: 4.281 Thread 0x00007fed5080b600 1216       3       java.io.FileDescriptor$1::getAppend (5 bytes)
Event: 4.281 Thread 0x00007fed5080b600 nmethod 1216 0x00000001199cbc10 code [0x00000001199cbda0, 0x00000001199cbeb0]
Event: 4.282 Thread 0x00007fed5080b600 1218   !   3       java.util.zip.Inflater::inflate (418 bytes)
Event: 4.284 Thread 0x00007fed5080b600 nmethod 1218 0x00000001199cbf90 code [0x00000001199cc240, 0x00000001199cd420]
Event: 4.300 Thread 0x00007fed50895800 nmethod 1217 0x0000000120d90990 code [0x0000000120d90b40, 0x0000000120d91758]
Event: 4.385 Thread 0x00007fed5080b600 1219       3       sun.awt.AWTAutoShutdown::isReadyToShutdown (37 bytes)
Event: 4.385 Thread 0x00007fed5080b600 nmethod 1219 0x00000001199cde10 code [0x00000001199cdfc0, 0x00000001199ce330]
Event: 4.385 Thread 0x00007fed5080b600 1220       3       sun.awt.AWTAutoShutdown::getInstance (4 bytes)
Event: 4.385 Thread 0x00007fed5080b600 nmethod 1220 0x00000001199ce410 code [0x00000001199ce5a0, 0x00000001199ce690]
Event: 4.385 Thread 0x00007fed5080b600 1221       3       java.security.AccessController::getContext (23 bytes)
Event: 4.386 Thread 0x00007fed5080b600 nmethod 1221 0x00000001199ce710 code [0x00000001199ce8c0, 0x00000001199ceb70]

GC Heap History (0 events):
No events

Deoptimization events (20 events):
Event: 4.118 Thread 0x00007fed50810c00 Uncommon trap: trap_request=0xffffffc6 fr.pc=0x0000000120d6f554 relative=0x0000000000000414
Event: 4.118 Thread 0x00007fed50810c00 Uncommon trap: reason=bimorphic_or_optimized_type_check action=maybe_recompile pc=0x0000000120d6f554 method=java.util.HashMap.getNode(Ljava/lang/Object;)Ljava/util/HashMap$Node; @ 128 c2
Event: 4.119 Thread 0x00007fed50810c00 DEOPT PACKING pc=0x0000000120d6f554 sp=0x000070000f7d12e0
Event: 4.119 Thread 0x00007fed50810c00 DEOPT UNPACKING pc=0x00000001192b6125 sp=0x000070000f7d1218 mode 2
Event: 4.220 Thread 0x00007fed500eaa00 Uncommon trap: trap_request=0xffffffde fr.pc=0x0000000120d3dd9c relative=0x000000000000019c
Event: 4.220 Thread 0x00007fed500eaa00 Uncommon trap: reason=class_check action=maybe_recompile pc=0x0000000120d3dd9c method=java.lang.String.equals(Ljava/lang/Object;)Z @ 8 c2
Event: 4.220 Thread 0x00007fed500eaa00 DEOPT PACKING pc=0x0000000120d3dd9c sp=0x00007000111242b0
Event: 4.220 Thread 0x00007fed500eaa00 DEOPT UNPACKING pc=0x00000001192b6125 sp=0x0000700011124268 mode 2
Event: 4.229 Thread 0x00007fed500eaa00 Uncommon trap: trap_request=0xffffffde fr.pc=0x0000000120d3dd9c relative=0x000000000000019c
Event: 4.229 Thread 0x00007fed500eaa00 Uncommon trap: reason=class_check action=maybe_recompile pc=0x0000000120d3dd9c method=java.lang.String.equals(Ljava/lang/Object;)Z @ 8 c2
Event: 4.229 Thread 0x00007fed500eaa00 DEOPT PACKING pc=0x0000000120d3dd9c sp=0x0000700011124240
Event: 4.229 Thread 0x00007fed500eaa00 DEOPT UNPACKING pc=0x00000001192b6125 sp=0x00007000111241f8 mode 2
Event: 4.234 Thread 0x00007fed500eaa00 Uncommon trap: trap_request=0xffffffde fr.pc=0x0000000120d3dd9c relative=0x000000000000019c
Event: 4.234 Thread 0x00007fed500eaa00 Uncommon trap: reason=class_check action=maybe_recompile pc=0x0000000120d3dd9c method=java.lang.String.equals(Ljava/lang/Object;)Z @ 8 c2
Event: 4.234 Thread 0x00007fed500eaa00 DEOPT PACKING pc=0x0000000120d3dd9c sp=0x0000700011124230
Event: 4.234 Thread 0x00007fed500eaa00 DEOPT UNPACKING pc=0x00000001192b6125 sp=0x00007000111241e8 mode 2
Event: 4.234 Thread 0x00007fed500eaa00 Uncommon trap: trap_request=0xffffffde fr.pc=0x0000000120d3dd9c relative=0x000000000000019c
Event: 4.234 Thread 0x00007fed500eaa00 Uncommon trap: reason=class_check action=maybe_recompile pc=0x0000000120d3dd9c method=java.lang.String.equals(Ljava/lang/Object;)Z @ 8 c2
Event: 4.234 Thread 0x00007fed500eaa00 DEOPT PACKING pc=0x0000000120d3dd9c sp=0x0000700011124270
Event: 4.234 Thread 0x00007fed500eaa00 DEOPT UNPACKING pc=0x00000001192b6125 sp=0x0000700011124228 mode 2

Classes unloaded (0 events):
No events

Classes redefined (0 events):
No events

Internal exceptions (20 events):
Event: 0.391 Thread 0x00007fed50810c00 Exception <a 'java/io/FileNotFoundException'{0x0000000787d3a128}> (0x0000000787d3a128) 
thrown [./open/src/hotspot/share/prims/jni.cpp, line 578]
Event: 0.428 Thread 0x00007fed50810c00 Exception <a 'java/lang/ClassNotFoundException'{0x0000000787d7a568}: sun/awt/resources/spi/awtosxProvider> (0x0000000787d7a568) 
thrown [./open/src/hotspot/share/classfile/systemDictionary.cpp, line 295]
Event: 0.889 Thread 0x00007fed50810c00 Exception <a 'java/lang/NoSuchMethodError'{0x0000000787c04c30}: 'void java.lang.invoke.DirectMethodHandle$Holder.invokeStaticInit(java.lang.Object)'> (0x0000000787c04c30) 
thrown [./open/src/hotspot/share/interpreter/linkResolver.cpp, line 782]
Event: 0.905 Thread 0x00007fed50810c00 Exception <a 'java/lang/NoSuchMethodError'{0x0000000787c27e68}: 'java.lang.Object java.lang.invoke.DirectMethodHandle$Holder.newInvokeSpecial(java.lang.Object, java.lang.Object, java.lang.Object, java.lang.Object, java.lang.Object)'> (0x0000000787c27e68) 
thrown [./open/src/hotspot/share/interpreter/linkResolver.cpp, line 782]
Event: 0.908 Thread 0x00007fed50810c00 Exception <a 'java/lang/NoSuchMethodError'{0x0000000787c338f8}: 'java.lang.Object java.lang.invoke.DirectMethodHandle$Holder.invokeStatic(java.lang.Object, int, java.lang.Object, java.lang.Object, java.lang.Object, java.lang.Object)'> (0x0000000787c338f8) 
thrown [./open/src/hotspot/share/interpreter/linkResolver.cpp, line 782]
Event: 0.917 Thread 0x00007fed50810c00 Exception <a 'java/lang/NoSuchMethodError'{0x0000000787c59db8}: 'java.lang.Object java.lang.invoke.DirectMethodHandle$Holder.invokeStatic(java.lang.Object, int, java.lang.Object)'> (0x0000000787c59db8) 
thrown [./open/src/hotspot/share/interpreter/linkResolver.cpp, line 782]
Event: 0.928 Thread 0x00007fed50810c00 Exception <a 'java/lang/ClassNotFoundException'{0x0000000787c8b278}: com/apple/laf/resources/spi/aquaProvider> (0x0000000787c8b278) 
thrown [./open/src/hotspot/share/classfile/systemDictionary.cpp, line 295]
Event: 1.026 Thread 0x00007fed50810c00 Exception <a 'java/lang/ClassNotFoundException'{0x0000000787cfa440}: com/sun/swing/internal/plaf/basic/resources/spi/basicProvider> (0x0000000787cfa440) 
thrown [./open/src/hotspot/share/classfile/systemDictionary.cpp, line 295]
Event: 1.116 Thread 0x00007fed50810c00 Exception <a 'java/lang/NoSuchMethodError'{0x0000000787b41d20}: 'void java.lang.invoke.DirectMethodHandle$Holder.invokeStatic(java.lang.Object, java.lang.Object, java.lang.Object)'> (0x0000000787b41d20) 
thrown [./open/src/hotspot/share/interpreter/linkResolver.cpp, line 782]
Event: 3.931 Thread 0x00007fed50810c00 Exception <a 'java/lang/NoSuchMethodError'{0x000000078774ce90}: 'java.lang.Object java.lang.invoke.DirectMethodHandle$Holder.newInvokeSpecial(java.lang.Object, java.lang.Object, java.lang.Object, int, java.lang.Object)'> (0x000000078774ce90) 
thrown [./open/src/hotspot/share/interpreter/linkResolver.cpp, line 782]
Event: 3.958 Thread 0x00007fed50810c00 Exception <a 'java/lang/NoSuchMethodError'{0x0000000787758c58}: 'void java.lang.invoke.DirectMethodHandle$Holder.invokeStatic(java.lang.Object, int, long)'> (0x0000000787758c58) 
thrown [./open/src/hotspot/share/interpreter/linkResolver.cpp, line 782]
Event: 3.963 Thread 0x00007fed500eaa00 Exception <a 'java/lang/NoSuchMethodError'{0x0000000787702a00}: 'void java.lang.invoke.DirectMethodHandle$Holder.invokeStatic(java.lang.Object, long)'> (0x0000000787702a00) 
thrown [./open/src/hotspot/share/interpreter/linkResolver.cpp, line 782]
Event: 3.965 Thread 0x00007fed50810c00 Exception <a 'java/lang/NoSuchMethodError'{0x0000000787776d20}: 'java.lang.Object java.lang.invoke.Invokers$Holder.linkToTargetMethod(int, int, int, int, java.lang.Object)'> (0x0000000787776d20) 
thrown [./open/src/hotspot/share/interpreter/linkResolver.cpp, line 782]
Event: 3.967 Thread 0x00007fed50810c00 Exception <a 'java/lang/NoSuchMethodError'{0x000000078777a8d0}: 'void java.lang.invoke.DirectMethodHandle$Holder.invokeStatic(java.lang.Object, java.lang.Object, long)'> (0x000000078777a8d0) 
thrown [./open/src/hotspot/share/interpreter/linkResolver.cpp, line 782]
Event: 3.981 Thread 0x00007fed51881a00 Exception <a 'java/lang/NoSuchMethodError'{0x00000007877907d0}: 'void java.lang.invoke.DirectMethodHandle$Holder.invokeSpecial(java.lang.Object, java.lang.Object, long)'> (0x00000007877907d0) 
thrown [./open/src/hotspot/share/interpreter/linkResolver.cpp, line 782]
Event: 4.017 Thread 0x00007fed50810c00 Exception <a 'java/lang/NoSuchMethodError'{0x00000007877d4cd8}: 'void java.lang.invoke.DirectMethodHandle$Holder.invokeStatic(java.lang.Object, long, long)'> (0x00000007877d4cd8) 
thrown [./open/src/hotspot/share/interpreter/linkResolver.cpp, line 782]
Event: 4.020 Thread 0x00007fed50810c00 Exception <a 'java/lang/NoSuchMethodError'{0x00000007877da590}: 'java.lang.Object java.lang.invoke.DirectMethodHandle$Holder.newInvokeSpecial(java.lang.Object, long)'> (0x00000007877da590) 
thrown [./open/src/hotspot/share/interpreter/linkResolver.cpp, line 782]
Event: 4.023 Thread 0x00007fed50810c00 Exception <a 'java/lang/NoSuchMethodError'{0x00000007877e4a68}: 'java.lang.Object java.lang.invoke.DirectMethodHandle$Holder.newInvokeSpecial(java.lang.Object, java.lang.Object, int)'> (0x00000007877e4a68) 
thrown [./open/src/hotspot/share/interpreter/linkResolver.cpp, line 782]
Event: 4.223 Thread 0x00007fed50810c00 Exception <a 'java/lang/NoClassDefFoundError'{0x00000007875a5838}: org/apache/log4j/Category> (0x00000007875a5838) 
thrown [./open/src/hotspot/share/classfile/systemDictionary.cpp, line 284]
Event: 4.244 Thread 0x00007fed50810c00 Exception <a 'java/lang/UnsatisfiedLinkError'{0x000000078740d840}: 'boolean com.intel.bluetooth.BluetoothStackOSX.isNativeCodeLoaded()'> (0x000000078740d840) 
thrown [./open/src/hotspot/share/prims/nativeLookup.cpp, line 408]

Events (20 events):
Event: 4.276 loading class sun/awt/im/ExecutableInputMethodManager done
Event: 4.276 loading class sun/lwawt/macosx/CInputMethodDescriptor
Event: 4.276 loading class java/awt/im/spi/InputMethodDescriptor
Event: 4.276 loading class java/awt/im/spi/InputMethodDescriptor done
Event: 4.277 loading class sun/lwawt/macosx/CInputMethodDescriptor done
Event: 4.279 loading class sun/awt/im/InputMethodLocator
Event: 4.279 loading class sun/awt/im/InputMethodLocator done
Event: 4.279 loading class sun/awt/im/ExecutableInputMethodManager$3
Event: 4.279 loading class sun/awt/im/ExecutableInputMethodManager$3 done
Event: 4.280 loading class sun/lwawt/macosx/CInputMethod
Event: 4.280 loading class sun/awt/im/InputMethodAdapter
Event: 4.280 loading class java/awt/im/spi/InputMethod
Event: 4.280 loading class java/awt/im/spi/InputMethod done
Event: 4.281 loading class sun/awt/im/InputMethodAdapter done
Event: 4.281 loading class sun/lwawt/macosx/CInputMethod done
Event: 4.283 loading class java/io/FileOutputStream$1
Event: 4.283 loading class java/io/FileOutputStream$1 done
Event: 4.382 Loaded shared library /private/var/folders/nt/d15y3yj164vc6vgh07r462200000gn/T/bluecove_Sofia_0/libbluecove.jnilib
Event: 4.386 Thread 0x00007fed5190cc00 Thread added: 0x00007fed5190cc00
Event: 4.386 Protecting memory [0x000070001122c000,0x0000700011230000] with protection modes 0


Dynamic libraries:
0x00007fff7201f000 	/usr/lib/libz.1.dylib
0x000000010b60a000 	/Library/Java/JavaVirtualMachines/jdk-15.jdk/Contents/Home/lib/libjli.dylib
0x00007fff37b69000 	/System/Library/Frameworks/Cocoa.framework/Versions/A/Cocoa
0x00007fff45362000 	/System/Library/Frameworks/Security.framework/Versions/A/Security
0x00007fff36ace000 	/System/Library/Frameworks/ApplicationServices.framework/Versions/A/ApplicationServices
0x00007fff6fae3000 	/usr/lib/libSystem.B.dylib
0x00007fff728e0000 	/usr/lib/system/libcache.dylib
0x00007fff728e6000 	/usr/lib/system/libcommonCrypto.dylib
0x00007fff728f2000 	/usr/lib/system/libcompiler_rt.dylib
0x00007fff728fa000 	/usr/lib/system/libcopyfile.dylib
0x00007fff72904000 	/usr/lib/system/libcorecrypto.dylib
0x00007fff72aa3000 	/usr/lib/system/libdispatch.dylib
0x00007fff72ae4000 	/usr/lib/system/libdyld.dylib
0x00007fff72b1b000 	/usr/lib/system/libkeymgr.dylib
0x00007fff72b29000 	/usr/lib/system/liblaunch.dylib
0x00007fff72b2a000 	/usr/lib/system/libmacho.dylib
0x00007fff72b30000 	/usr/lib/system/libquarantine.dylib
0x00007fff72b33000 	/usr/lib/system/libremovefile.dylib
0x00007fff72b35000 	/usr/lib/system/libsystem_asl.dylib
0x00007fff72b4d000 	/usr/lib/system/libsystem_blocks.dylib
0x00007fff72b4e000 	/usr/lib/system/libsystem_c.dylib
0x00007fff72bd6000 	/usr/lib/system/libsystem_configuration.dylib
0x00007fff72bda000 	/usr/lib/system/libsystem_coreservices.dylib
0x00007fff72bde000 	/usr/lib/system/libsystem_darwin.dylib
0x00007fff72be7000 	/usr/lib/system/libsystem_dnssd.dylib
0x00007fff72bef000 	/usr/lib/system/libsystem_featureflags.dylib
0x00007fff72bf1000 	/usr/lib/system/libsystem_info.dylib
0x00007fff72c6c000 	/usr/lib/system/libsystem_m.dylib
0x00007fff72cb4000 	/usr/lib/system/libsystem_malloc.dylib
0x00007fff72cdc000 	/usr/lib/system/libsystem_networkextension.dylib
0x00007fff72cea000 	/usr/lib/system/libsystem_notify.dylib
0x00007fff72d08000 	/usr/lib/system/libsystem_sandbox.dylib
0x00007fff72d0d000 	/usr/lib/system/libsystem_secinit.dylib
0x00007fff72c3f000 	/usr/lib/system/libsystem_kernel.dylib
0x00007fff72cf4000 	/usr/lib/system/libsystem_platform.dylib
0x00007fff72cfd000 	/usr/lib/system/libsystem_pthread.dylib
0x00007fff72d10000 	/usr/lib/system/libsystem_symptoms.dylib
0x00007fff72d18000 	/usr/lib/system/libsystem_trace.dylib
0x00007fff72d30000 	/usr/lib/system/libunwind.dylib
0x00007fff72d36000 	/usr/lib/system/libxpc.dylib
0x00007fff71943000 	/usr/lib/libobjc.A.dylib
0x00007fff6fe1c000 	/usr/lib/libc++abi.dylib
0x00007fff6fdc9000 	/usr/lib/libc++.1.dylib
0x00007fff38a0b000 	/System/Library/Frameworks/CoreFoundation.framework/Versions/A/CoreFoundation
0x00007fff3b0c8000 	/System/Library/Frameworks/Foundation.framework/Versions/C/Foundation
0x00007fff35cbe000 	/System/Library/Frameworks/AppKit.framework/Versions/C/AppKit
0x00007fff384ed000 	/System/Library/Frameworks/CoreData.framework/Versions/A/CoreData
0x00007fff69af8000 	/System/Library/PrivateFrameworks/UIFoundation.framework/Versions/A/UIFoundation
0x00007fff64b8c000 	/System/Library/PrivateFrameworks/RemoteViewServices.framework/Versions/A/RemoteViewServices
0x00007fff6c653000 	/System/Library/PrivateFrameworks/XCTTargetBootstrap.framework/Versions/A/XCTTargetBootstrap
0x00007fff388d8000 	/System/Library/Frameworks/CoreDisplay.framework/Versions/A/CoreDisplay
0x00007fff3df83000 	/System/Library/Frameworks/Metal.framework/Versions/A/Metal
0x00007fff52b79000 	/System/Library/PrivateFrameworks/DesktopServicesPriv.framework/Versions/A/DesktopServicesPriv
0x00007fff70c1e000 	/usr/lib/liblangid.dylib
0x00007fff51e0e000 	/System/Library/PrivateFrameworks/CoreSVG.framework/Versions/A/CoreSVG
0x00007fff67ce8000 	/System/Library/PrivateFrameworks/SkyLight.framework/Versions/A/SkyLight
0x00007fff38e8c000 	/System/Library/Frameworks/CoreGraphics.framework/Versions/A/CoreGraphics
0x00007fff34692000 	/System/Library/Frameworks/Accelerate.framework/Versions/A/Accelerate
0x00007fff71f10000 	/usr/lib/libxml2.2.dylib
0x00007fff5db17000 	/System/Library/PrivateFrameworks/IconServices.framework/Versions/A/IconServices
0x00007fff3b8a7000 	/System/Library/Frameworks/IOSurface.framework/Versions/A/IOSurface
0x00007fff6f60d000 	/usr/lib/libDiagnosticMessagesClient.dylib
0x00007fff529d3000 	/System/Library/PrivateFrameworks/DFRFoundation.framework/Versions/A/DFRFoundation
0x00007fff709ad000 	/usr/lib/libicucore.A.dylib
0x00007fff36e00000 	/System/Library/Frameworks/AudioToolbox.framework/Versions/A/AudioToolbox
0x00007fff36ee3000 	/System/Library/Frameworks/AudioUnit.framework/Versions/A/AudioUnit
0x00007fff6fce5000 	/usr/lib/libauto.dylib
0x00007fff52a75000 	/System/Library/PrivateFrameworks/DataDetectorsCore.framework/Versions/A/DataDetectorsCore
0x00007fff3768a000 	/System/Library/Frameworks/Carbon.framework/Versions/A/Frameworks/HIToolbox.framework/Versions/A/HIToolbox
0x00007fff4455c000 	/System/Library/Frameworks/QuartzCore.framework/Versions/A/QuartzCore
0x00007fff379c9000 	/System/Library/Frameworks/Carbon.framework/Versions/A/Frameworks/SpeechRecognition.framework/Versions/A/SpeechRecognition
0x00007fff524e7000 	/System/Library/PrivateFrameworks/CoreUI.framework/Versions/A/CoreUI
0x00007fff37f58000 	/System/Library/Frameworks/CoreAudio.framework/Versions/A/CoreAudio
0x00007fff3ad87000 	/System/Library/Frameworks/DiskArbitration.framework/Versions/A/DiskArbitration
0x00007fff5fb67000 	/System/Library/PrivateFrameworks/MultitouchSupport.framework/Versions/A/MultitouchSupport
0x00007fff70874000 	/usr/lib/libenergytrace.dylib
0x00007fff3b801000 	/System/Library/Frameworks/IOKit.framework/Versions/A/IOKit
0x00007fff39df3000 	/System/Library/Frameworks/CoreServices.framework/Versions/A/CoreServices
0x00007fff61d1f000 	/System/Library/PrivateFrameworks/PerformanceAnalysis.framework/Versions/A/PerformanceAnalysis
0x00007fff4358f000 	/System/Library/Frameworks/OpenGL.framework/Versions/A/OpenGL
0x00007fff37b77000 	/System/Library/Frameworks/ColorSync.framework/Versions/A/ColorSync
0x00007fff3950f000 	/System/Library/Frameworks/CoreImage.framework/Versions/A/CoreImage
0x00007fff3a866000 	/System/Library/Frameworks/CoreText.framework/Versions/A/CoreText
0x00007fff3b937000 	/System/Library/Frameworks/ImageIO.framework/Versions/A/ImageIO
0x00007fff6fe45000 	/usr/lib/libcompression.dylib
0x00007fff6f951000 	/usr/lib/libMobileGestalt.dylib
0x00007fff69862000 	/System/Library/PrivateFrameworks/TextureIO.framework/Versions/A/TextureIO
0x00007fff6fc48000 	/usr/lib/libate.dylib
0x00007fff5dd20000 	/System/Library/PrivateFrameworks/InternationalSupport.framework/Versions/A/InternationalSupport
0x00007fff70c20000 	/usr/lib/liblzma.5.dylib
0x00007fff7089b000 	/usr/lib/libfakelink.dylib
0x00007fff6fbd5000 	/usr/lib/libarchive.2.dylib
0x00007fff46413000 	/System/Library/Frameworks/SystemConfiguration.framework/Versions/A/SystemConfiguration
0x00007fff6f540000 	/usr/lib/libCRFSuite.dylib
0x00007fff3727a000 	/System/Library/Frameworks/CFNetwork.framework/Versions/A/CFNetwork
0x00007fff6fdab000 	/usr/lib/libbsm.0.dylib
0x00007fff72b1c000 	/usr/lib/system/libkxld.dylib
0x00007fff4c350000 	/System/Library/PrivateFrameworks/AppleFSCompression.framework/Versions/A/AppleFSCompression
0x00007fff70136000 	/usr/lib/libcoretls.dylib
0x00007fff7014d000 	/usr/lib/libcoretls_cfhelpers.dylib
0x00007fff71989000 	/usr/lib/libpam.2.dylib
0x00007fff71abe000 	/usr/lib/libsqlite3.dylib
0x00007fff71efd000 	/usr/lib/libxar.1.dylib
0x00007fff6fdbc000 	/usr/lib/libbz2.1.0.dylib
0x00007fff708bc000 	/usr/lib/libiconv.2.dylib
0x00007fff6fe32000 	/usr/lib/libcharset.1.dylib
0x00007fff71426000 	/usr/lib/libnetwork.dylib
0x00007fff71990000 	/usr/lib/libpcap.A.dylib
0x00007fff6fb8a000 	/usr/lib/libapple_nghttp2.dylib
0x00007fff3a1aa000 	/System/Library/Frameworks/CoreServices.framework/Versions/A/Frameworks/FSEvents.framework/Versions/A/FSEvents
0x00007fff39e7a000 	/System/Library/Frameworks/CoreServices.framework/Versions/A/Frameworks/CarbonCore.framework/Versions/A/CarbonCore
0x00007fff3a3ee000 	/System/Library/Frameworks/CoreServices.framework/Versions/A/Frameworks/Metadata.framework/Versions/A/Metadata
0x00007fff3a487000 	/System/Library/Frameworks/CoreServices.framework/Versions/A/Frameworks/OSServices.framework/Versions/A/OSServices
0x00007fff3a4b5000 	/System/Library/Frameworks/CoreServices.framework/Versions/A/Frameworks/SearchKit.framework/Versions/A/SearchKit
0x00007fff39df4000 	/System/Library/Frameworks/CoreServices.framework/Versions/A/Frameworks/AE.framework/Versions/A/AE
0x00007fff3a1b3000 	/System/Library/Frameworks/CoreServices.framework/Versions/A/Frameworks/LaunchServices.framework/Versions/A/LaunchServices
0x00007fff3a15c000 	/System/Library/Frameworks/CoreServices.framework/Versions/A/Frameworks/DictionaryServices.framework/Versions/A/DictionaryServices
0x00007fff3a51d000 	/System/Library/Frameworks/CoreServices.framework/Versions/A/Frameworks/SharedFileList.framework/Versions/A/SharedFileList
0x00007fff3f3ae000 	/System/Library/Frameworks/NetFS.framework/Versions/A/NetFS
0x00007fff60097000 	/System/Library/PrivateFrameworks/NetAuth.framework/Versions/A/NetAuth
0x00007fff6ca20000 	/System/Library/PrivateFrameworks/login.framework/Versions/A/Frameworks/loginsupport.framework/Versions/A/loginsupport
0x00007fff6932d000 	/System/Library/PrivateFrameworks/TCC.framework/Versions/A/TCC
0x00007fff50f81000 	/System/Library/PrivateFrameworks/CoreNLP.framework/Versions/A/CoreNLP
0x00007fff5f594000 	/System/Library/PrivateFrameworks/MetadataUtilities.framework/Versions/A/MetadataUtilities
0x00007fff70cf8000 	/usr/lib/libmecabra.dylib
0x00007fff70c50000 	/usr/lib/libmecab.dylib
0x00007fff708ac000 	/usr/lib/libgermantok.dylib
0x00007fff6fb71000 	/usr/lib/libThaiTokenizer.dylib
0x00007fff6f577000 	/usr/lib/libChineseTokenizer.dylib
0x00007fff346aa000 	/System/Library/Frameworks/Accelerate.framework/Versions/A/Frameworks/vImage.framework/Versions/A/vImage
0x00007fff35b14000 	/System/Library/Frameworks/Accelerate.framework/Versions/A/Frameworks/vecLib.framework/Versions/A/vecLib
0x00007fff35a51000 	/System/Library/Frameworks/Accelerate.framework/Versions/A/Frameworks/vecLib.framework/Versions/A/libvMisc.dylib
0x00007fff35879000 	/System/Library/Frameworks/Accelerate.framework/Versions/A/Frameworks/vecLib.framework/Versions/A/libvDSP.dylib
0x00007fff34d01000 	/System/Library/Frameworks/Accelerate.framework/Versions/A/Frameworks/vecLib.framework/Versions/A/libBLAS.dylib
0x00007fff3543d000 	/System/Library/Frameworks/Accelerate.framework/Versions/A/Frameworks/vecLib.framework/Versions/A/libLAPACK.dylib
0x00007fff357d9000 	/System/Library/Frameworks/Accelerate.framework/Versions/A/Frameworks/vecLib.framework/Versions/A/libLinearAlgebra.dylib
0x00007fff35866000 	/System/Library/Frameworks/Accelerate.framework/Versions/A/Frameworks/vecLib.framework/Versions/A/libSparseBLAS.dylib
0x00007fff357ef000 	/System/Library/Frameworks/Accelerate.framework/Versions/A/Frameworks/vecLib.framework/Versions/A/libQuadrature.dylib
0x00007fff34f69000 	/System/Library/Frameworks/Accelerate.framework/Versions/A/Frameworks/vecLib.framework/Versions/A/libBNNS.dylib
0x00007fff357f5000 	/System/Library/Frameworks/Accelerate.framework/Versions/A/Frameworks/vecLib.framework/Versions/A/libSparse.dylib
0x00007fff5e108000 	/System/Library/PrivateFrameworks/LanguageModeling.framework/Versions/A/LanguageModeling
0x00007fff50931000 	/System/Library/PrivateFrameworks/CoreEmoji.framework/Versions/A/CoreEmoji
0x00007fff5e226000 	/System/Library/PrivateFrameworks/LinguisticData.framework/Versions/A/LinguisticData
0x00007fff5e1d7000 	/System/Library/PrivateFrameworks/Lexicon.framework/Versions/A/Lexicon
0x00007fff6fe33000 	/usr/lib/libcmph.dylib
0x00007fff41f9d000 	/System/Library/Frameworks/OpenDirectory.framework/Versions/A/Frameworks/CFOpenDirectory.framework/Versions/A/CFOpenDirectory
0x00007fff41fba000 	/System/Library/Frameworks/OpenDirectory.framework/Versions/A/OpenDirectory
0x00007fff4a3fd000 	/System/Library/PrivateFrameworks/APFS.framework/Versions/A/APFS
0x00007fff456ac000 	/System/Library/Frameworks/SecurityFoundation.framework/Versions/A/SecurityFoundation
0x00007fff71ef9000 	/usr/lib/libutil.dylib
0x00007fff51e66000 	/System/Library/PrivateFrameworks/CoreServicesStore.framework/Versions/A/CoreServicesStore
0x00007fff45763000 	/System/Library/Frameworks/ServiceManagement.framework/Versions/A/ServiceManagement
0x00007fff4db20000 	/System/Library/PrivateFrameworks/BackgroundTaskManagement.framework/Versions/A/BackgroundTaskManagement
0x00007fff71ff6000 	/usr/lib/libxslt.1.dylib
0x00007fff4c9c3000 	/System/Library/PrivateFrameworks/AppleSystemInfo.framework/Versions/A/AppleSystemInfo
0x00007fff3bb52000 	/System/Library/Frameworks/ImageIO.framework/Versions/A/Resources/libJPEG.dylib
0x00007fff3be11000 	/System/Library/Frameworks/ImageIO.framework/Versions/A/Resources/libTIFF.dylib
0x00007fff3bdf4000 	/System/Library/Frameworks/ImageIO.framework/Versions/A/Resources/libPng.dylib
0x00007fff3ba94000 	/System/Library/Frameworks/ImageIO.framework/Versions/A/Resources/libGIF.dylib
0x00007fff3ba98000 	/System/Library/Frameworks/ImageIO.framework/Versions/A/Resources/libJP2.dylib
0x00007fff3be0f000 	/System/Library/Frameworks/ImageIO.framework/Versions/A/Resources/libRadiance.dylib
0x00007fff70875000 	/usr/lib/libexpat.1.dylib
0x00007fff4c4ab000 	/System/Library/PrivateFrameworks/AppleJPEG.framework/Versions/A/AppleJPEG
0x00007fff5517c000 	/System/Library/PrivateFrameworks/FontServices.framework/libFontParser.dylib
0x00007fff6ba22000 	/System/Library/PrivateFrameworks/WatchdogClient.framework/Versions/A/WatchdogClient
0x00007fff5d763000 	/System/Library/PrivateFrameworks/IOAccelerator.framework/Versions/A/IOAccelerator
0x00007fff3e31e000 	/System/Library/Frameworks/MetalPerformanceShaders.framework/Versions/A/MetalPerformanceShaders
0x00007fff59ef9000 	/System/Library/PrivateFrameworks/GPUWrangler.framework/Versions/A/GPUWrangler
0x00007fff5d778000 	/System/Library/PrivateFrameworks/IOPresentment.framework/Versions/A/IOPresentment
0x00007fff529e6000 	/System/Library/PrivateFrameworks/DSExternalDisplay.framework/Versions/A/DSExternalDisplay
0x00007fff4292e000 	/System/Library/Frameworks/OpenGL.framework/Versions/A/Libraries/libCoreFSCache.dylib
0x00007fff3e06a000 	/System/Library/Frameworks/MetalPerformanceShaders.framework/Frameworks/MPSCore.framework/Versions/A/MPSCore
0x00007fff3e0a8000 	/System/Library/Frameworks/MetalPerformanceShaders.framework/Frameworks/MPSImage.framework/Versions/A/MPSImage
0x00007fff3e16f000 	/System/Library/Frameworks/MetalPerformanceShaders.framework/Frameworks/MPSNeuralNetwork.framework/Versions/A/MPSNeuralNetwork
0x00007fff3e133000 	/System/Library/Frameworks/MetalPerformanceShaders.framework/Frameworks/MPSMatrix.framework/Versions/A/MPSMatrix
0x00007fff3e2ce000 	/System/Library/Frameworks/MetalPerformanceShaders.framework/Frameworks/MPSRayIntersector.framework/Versions/A/MPSRayIntersector
0x00007fff3e159000 	/System/Library/Frameworks/MetalPerformanceShaders.framework/Frameworks/MPSNDArray.framework/Versions/A/MPSNDArray
0x00007fff5f5e1000 	/System/Library/PrivateFrameworks/MetalTools.framework/Versions/A/MetalTools
0x00007fff4b5d7000 	/System/Library/PrivateFrameworks/AggregateDictionary.framework/Versions/A/AggregateDictionary
0x00007fff50379000 	/System/Library/PrivateFrameworks/CoreAnalytics.framework/Versions/A/CoreAnalytics
0x00007fff4c8e2000 	/System/Library/PrivateFrameworks/AppleSauce.framework/Versions/A/AppleSauce
0x00007fff6f833000 	/usr/lib/libIOReport.dylib
0x00007fff3aa1e000 	/System/Library/Frameworks/CoreVideo.framework/Versions/A/CoreVideo
0x00007fff5b372000 	/System/Library/PrivateFrameworks/GraphVisualizer.framework/Versions/A/GraphVisualizer
0x00007fff546c2000 	/System/Library/PrivateFrameworks/FaceCore.framework/Versions/A/FaceCore
0x00007fff41f44000 	/System/Library/Frameworks/OpenCL.framework/Versions/A/OpenCL
0x00007fff6f655000 	/usr/lib/libFosl_dynamic.dylib
0x00007fff60ab7000 	/System/Library/PrivateFrameworks/OTSVG.framework/Versions/A/OTSVG
0x00007fff36bd3000 	/System/Library/Frameworks/ApplicationServices.framework/Versions/A/Frameworks/ATS.framework/Versions/A/Resources/libFontRegistry.dylib
0x00007fff5534d000 	/System/Library/PrivateFrameworks/FontServices.framework/libhvf.dylib
0x00007fff42939000 	/System/Library/Frameworks/OpenGL.framework/Versions/A/Libraries/libGFXShared.dylib
0x00007fff42b17000 	/System/Library/Frameworks/OpenGL.framework/Versions/A/Libraries/libGLU.dylib
0x00007fff42942000 	/System/Library/Frameworks/OpenGL.framework/Versions/A/Libraries/libGL.dylib
0x00007fff4294d000 	/System/Library/Frameworks/OpenGL.framework/Versions/A/Libraries/libGLImage.dylib
0x00007fff4292b000 	/System/Library/Frameworks/OpenGL.framework/Versions/A/Libraries/libCVMSPluginSupport.dylib
0x00007fff42934000 	/System/Library/Frameworks/OpenGL.framework/Versions/A/Libraries/libCoreVMClient.dylib
0x00007fff712c7000 	/usr/lib/libncurses.5.4.dylib
0x00007fff36acf000 	/System/Library/Frameworks/ApplicationServices.framework/Versions/A/Frameworks/ATS.framework/Versions/A/ATS
0x00007fff36c9c000 	/System/Library/Frameworks/ApplicationServices.framework/Versions/A/Frameworks/ColorSyncLegacy.framework/Versions/A/ColorSyncLegacy
0x00007fff36d3a000 	/System/Library/Frameworks/ApplicationServices.framework/Versions/A/Frameworks/HIServices.framework/Versions/A/HIServices
0x00007fff36d92000 	/System/Library/Frameworks/ApplicationServices.framework/Versions/A/Frameworks/LangAnalysis.framework/Versions/A/LangAnalysis
0x00007fff36da1000 	/System/Library/Frameworks/ApplicationServices.framework/Versions/A/Frameworks/PrintCore.framework/Versions/A/PrintCore
0x00007fff36de7000 	/System/Library/Frameworks/ApplicationServices.framework/Versions/A/Frameworks/QD.framework/Versions/A/QD
0x00007fff36df2000 	/System/Library/Frameworks/ApplicationServices.framework/Versions/A/Frameworks/SpeechSynthesis.framework/Versions/A/SpeechSynthesis
0x00007fff36c6c000 	/System/Library/Frameworks/ApplicationServices.framework/Versions/A/Frameworks/ATSUI.framework/Versions/A/ATSUI
0x00007fff7070b000 	/usr/lib/libcups.2.dylib
0x00007fff3d3b9000 	/System/Library/Frameworks/Kerberos.framework/Versions/A/Kerberos
0x00007fff3b4fa000 	/System/Library/Frameworks/GSS.framework/Versions/A/GSS
0x00007fff71a4a000 	/usr/lib/libresolv.9.dylib
0x00007fff5b51f000 	/System/Library/PrivateFrameworks/Heimdal.framework/Versions/A/Heimdal
0x00007fff3d3cc000 	/System/Library/Frameworks/Kerberos.framework/Versions/A/Libraries/libHeimdalProxy.dylib
0x00007fff708b2000 	/usr/lib/libheimdal-asn1.dylib
0x00007fff4f811000 	/System/Library/PrivateFrameworks/CommonAuth.framework/Versions/A/CommonAuth
0x00007fff4ca60000 	/System/Library/PrivateFrameworks/AssertionServices.framework/Versions/A/AssertionServices
0x00007fff4d603000 	/System/Library/PrivateFrameworks/AudioToolboxCore.framework/Versions/A/AudioToolboxCore
0x00007fff6c6d0000 	/System/Library/PrivateFrameworks/caulk.framework/Versions/A/caulk
0x00007fff4dbcc000 	/System/Library/PrivateFrameworks/BaseBoard.framework/Versions/A/BaseBoard
0x00007fff64d1a000 	/System/Library/PrivateFrameworks/RunningBoardServices.framework/Versions/A/RunningBoardServices
0x00007fff61d2b000 	/System/Library/PrivateFrameworks/PersistentConnection.framework/Versions/A/PersistentConnection
0x00007fff64713000 	/System/Library/PrivateFrameworks/ProtocolBuffer.framework/Versions/A/ProtocolBuffer
0x00007fff4f835000 	/System/Library/PrivateFrameworks/CommonUtilities.framework/Versions/A/CommonUtilities
0x00007fff4dd5a000 	/System/Library/PrivateFrameworks/Bom.framework/Versions/A/Bom
0x00007fff6f506000 	/usr/lib/libAudioToolboxUtility.dylib
0x00007fff4db2a000 	/System/Library/PrivateFrameworks/Backup.framework/Versions/A/Backup
0x00007fff52907000 	/System/Library/PrivateFrameworks/CrashReporterSupport.framework/Versions/A/CrashReporterSupport
0x00007fff667ac000 	/System/Library/PrivateFrameworks/Sharing.framework/Versions/A/Sharing
0x00007fff4c06e000 	/System/Library/PrivateFrameworks/Apple80211.framework/Versions/A/Apple80211
0x00007fff4d847000 	/System/Library/PrivateFrameworks/AuthKit.framework/Versions/A/AuthKit
0x00007fff52614000 	/System/Library/PrivateFrameworks/CoreUtils.framework/Versions/A/CoreUtils
0x00007fff3aa63000 	/System/Library/Frameworks/CoreWLAN.framework/Versions/A/CoreWLAN
0x00007fff3b687000 	/System/Library/Frameworks/IOBluetooth.framework/Versions/A/IOBluetooth
0x00007fff5f8e6000 	/System/Library/PrivateFrameworks/MobileKeyBag.framework/Versions/A/MobileKeyBag
0x00007fff51419000 	/System/Library/PrivateFrameworks/CorePhoneNumbers.framework/Versions/A/CorePhoneNumbers
0x00007fff4c45e000 	/System/Library/PrivateFrameworks/AppleIDAuthSupport.framework/Versions/A/AppleIDAuthSupport
0x00007fff3f3bb000 	/System/Library/Frameworks/Network.framework/Versions/A/Network
0x00007fff5dfb4000 	/System/Library/PrivateFrameworks/KeychainCircle.framework/Versions/A/KeychainCircle
0x00007fff384b4000 	/System/Library/Frameworks/CoreBluetooth.framework/Versions/A/CoreBluetooth
0x00007fff6882b000 	/System/Library/PrivateFrameworks/SpeechRecognitionCore.framework/Versions/A/SpeechRecognitionCore
0x000000010c000000 	/Library/Java/JavaVirtualMachines/jdk-15.jdk/Contents/Home/lib/server/libjvm.dylib
0x000000010b62c000 	/Library/Java/JavaVirtualMachines/jdk-15.jdk/Contents/Home/lib/libjimage.dylib
0x000000010b63a000 	/Library/Java/JavaVirtualMachines/jdk-15.jdk/Contents/Home/lib/libinstrument.dylib
0x000000010b64a000 	/Library/Java/JavaVirtualMachines/jdk-15.jdk/Contents/Home/lib/libjava.dylib
0x000000011050b000 	/Library/Java/JavaVirtualMachines/jdk-15.jdk/Contents/Home/lib/libzip.dylib
0x0000000110519000 	/Library/Java/JavaVirtualMachines/jdk-15.jdk/Contents/Home/lib/libnio.dylib
0x000000011052d000 	/Library/Java/JavaVirtualMachines/jdk-15.jdk/Contents/Home/lib/libnet.dylib
0x000000010b7f9000 	/Library/Java/JavaVirtualMachines/jdk-15.jdk/Contents/Home/lib/libextnet.dylib
0x0000000110546000 	/Library/Java/JavaVirtualMachines/jdk-15.jdk/Contents/Home/lib/libawt.dylib
0x00000001105fd000 	/Library/Java/JavaVirtualMachines/jdk-15.jdk/Contents/Home/lib/libmlib_image.dylib
0x00007fff3d3a3000 	/System/Library/Frameworks/JavaVM.framework/Versions/A/Frameworks/JavaNativeFoundation.framework/Versions/A/JavaNativeFoundation
0x00007fff3d3ac000 	/System/Library/Frameworks/JavaVM.framework/Versions/A/Frameworks/JavaRuntimeSupport.framework/Versions/A/JavaRuntimeSupport
0x00007fff3d3b4000 	/System/Library/Frameworks/JavaVM.framework/Versions/A/JavaVM
0x00007fff5ddcb000 	/System/Library/PrivateFrameworks/JavaLaunching.framework/Versions/A/JavaLaunching
0x00007fff37685000 	/System/Library/Frameworks/Carbon.framework/Versions/A/Carbon
0x00007fff523b9000 	/System/Library/PrivateFrameworks/CoreSymbolication.framework/Versions/A/CoreSymbolication
0x00007fff37686000 	/System/Library/Frameworks/Carbon.framework/Versions/A/Frameworks/CommonPanels.framework/Versions/A/CommonPanels
0x00007fff3797f000 	/System/Library/Frameworks/Carbon.framework/Versions/A/Frameworks/Help.framework/Versions/A/Help
0x00007fff37983000 	/System/Library/Frameworks/Carbon.framework/Versions/A/Frameworks/ImageCapture.framework/Versions/A/ImageCapture
0x00007fff3798a000 	/System/Library/Frameworks/Carbon.framework/Versions/A/Frameworks/OpenScripting.framework/Versions/A/OpenScripting
0x00007fff37989000 	/System/Library/Frameworks/Carbon.framework/Versions/A/Frameworks/Ink.framework/Versions/A/Ink
0x00007fff379c5000 	/System/Library/Frameworks/Carbon.framework/Versions/A/Frameworks/Print.framework/Versions/A/Print
0x00007fff379c6000 	/System/Library/Frameworks/Carbon.framework/Versions/A/Frameworks/SecurityHI.framework/Versions/A/SecurityHI
0x00007fff52b3b000 	/System/Library/PrivateFrameworks/DebugSymbols.framework/Versions/A/DebugSymbols
0x0000000110699000 	/Library/Java/JavaVirtualMachines/jdk-15.jdk/Contents/Home/lib/libawt_lwawt.dylib
0x0000000110753000 	/Library/Java/JavaVirtualMachines/jdk-15.jdk/Contents/Home/lib/libosxapp.dylib
0x00007fff3af63000 	/System/Library/Frameworks/ExceptionHandling.framework/Versions/A/ExceptionHandling
0x0000000110773000 	/Library/Java/JavaVirtualMachines/jdk-15.jdk/Contents/Home/lib/libfontmanager.dylib
0x000000011089f000 	/Library/Java/JavaVirtualMachines/jdk-15.jdk/Contents/Home/lib/libfreetype.dylib
0x00007fff51e32000 	/System/Library/PrivateFrameworks/CoreServicesInternal.framework/Versions/A/CoreServicesInternal
0x00007fff3af82000 	/System/Library/Frameworks/FileProvider.framework/Versions/A/FileProvider
0x00007fff35b15000 	/System/Library/Frameworks/Accounts.framework/Versions/A/Accounts
0x00007fff5a21e000 	/System/Library/PrivateFrameworks/GenerationalStorage.framework/Versions/A/GenerationalStorage
0x00007fff6906d000 	/System/Library/PrivateFrameworks/SymptomDiagnosticReporter.framework/Versions/A/SymptomDiagnosticReporter
0x00007fff4bb72000 	/System/Library/PrivateFrameworks/AppContainer.framework/Versions/A/AppContainer
0x00007fff71a64000 	/usr/lib/libsandbox.1.dylib
0x00007fff6a9c6000 	/System/Library/PrivateFrameworks/UserManagement.framework/Versions/A/UserManagement
0x00007fff4e916000 	/System/Library/PrivateFrameworks/ChunkingLibrary.framework/Versions/A/ChunkingLibrary
0x00007fff4bbe4000 	/System/Library/PrivateFrameworks/AppSandbox.framework/Versions/A/AppSandbox
0x00007fff66636000 	/System/Library/PrivateFrameworks/SecCodeWrapper.framework/Versions/A/SecCodeWrapper
0x00007fff6f91b000 	/usr/lib/libMatch.1.dylib
0x00007fff2bafd000 	/System/Library/CoreServices/RawCamera.bundle/Contents/MacOS/RawCamera
0x00007fff5f710000 	/System/Library/PrivateFrameworks/MobileAsset.framework/Versions/A/MobileAsset
0x00007fff68f15000 	/System/Library/PrivateFrameworks/StreamingZip.framework/Versions/A/StreamingZip
0x00007fff3d834000 	/System/Library/Frameworks/MediaToolbox.framework/Versions/A/MediaToolbox
0x00007fff50329000 	/System/Library/PrivateFrameworks/CoreAVCHD.framework/Versions/A/CoreAVCHD
0x00007fff3d75e000 	/System/Library/Frameworks/MediaAccessibility.framework/Versions/A/MediaAccessibility
0x00007fff5eac4000 	/System/Library/PrivateFrameworks/Mangrove.framework/Versions/A/Mangrove
0x00007fff39c2b000 	/System/Library/Frameworks/CoreMedia.framework/Versions/A/CoreMedia
0x00007fff5ed30000 	/System/Library/PrivateFrameworks/MediaExperience.framework/Versions/A/MediaExperience
0x00007fff4670d000 	/System/Library/Frameworks/VideoToolbox.framework/Versions/A/VideoToolbox
0x00007fff4ff53000 	/System/Library/PrivateFrameworks/CoreAUC.framework/Versions/A/CoreAUC
0x00007fff71abc000 	/usr/lib/libspindump.dylib
0x00007fff4cfb2000 	/System/Library/PrivateFrameworks/AudioResourceArbitration.framework/Versions/A/AudioResourceArbitration
0x00007fff4c9c7000 	/System/Library/PrivateFrameworks/AppleVA.framework/Versions/A/AppleVA
0x00007fff34693000 	/System/Library/Frameworks/Accelerate.framework/Versions/A/Frameworks/vImage.framework/Versions/A/Libraries/libCGInterfaces.dylib
0x000000011103f000 	/usr/lib/libobjc-trampolines.dylib
0x00007fff552b4000 	/System/Library/PrivateFrameworks/FontServices.framework/libTrueTypeScaler.dylib
0x00007fff2eeba000 	/System/Library/Extensions/AppleIntelHD5000GraphicsMTLDriver.bundle/Contents/MacOS/AppleIntelHD5000GraphicsMTLDriver
0x00007fff5883e000 	/System/Library/PrivateFrameworks/GPUCompiler.framework/Versions/3902/Libraries/libmetal_timestamp.dylib
0x00007fff6b792000 	/System/Library/PrivateFrameworks/ViewBridge.framework/Versions/A/ViewBridge
0x00007fff4359f000 	/System/Library/Frameworks/OpenGL.framework/Versions/A/Resources/GLEngine.bundle/GLEngine
0x00007fff42982000 	/System/Library/Frameworks/OpenGL.framework/Versions/A/Libraries/libGLProgrammability.dylib
0x00007fff2e9ac000 	/System/Library/Extensions/AppleIntelHD5000GraphicsGLDriver.bundle/Contents/MacOS/AppleIntelHD5000GraphicsGLDriver
0x00007fff59eed000 	/System/Library/PrivateFrameworks/GPUSupport.framework/Versions/A/Libraries/libGPUSupportMercury.dylib
0x00007fff43719000 	/System/Library/Frameworks/OpenGL.framework/Versions/A/Resources/GLRendererFloat.bundle/GLRendererFloat
0x00007fff41f3b000 	/System/Library/Frameworks/OpenCL.framework/Versions/A/Libraries/libcldcpuengine.dylib
0x00007fff6ca23000 	/System/Library/PrivateFrameworks/login.framework/Versions/A/login
0x000000013022d000 	/Library/Java/JavaVirtualMachines/jdk-15.jdk/Contents/Home/lib/libosxui.dylib
0x00000001847c6000 	/Library/Java/JavaVirtualMachines/jdk-15.jdk/Contents/Home/lib/libverify.dylib
0x000000018548c000 	/private/var/folders/nt/d15y3yj164vc6vgh07r462200000gn/T/bluecove_Sofia_0/libbluecove.jnilib


VM Arguments:
jvm_args: -javaagent:/Applications/IntelliJ IDEA CE.app/Contents/lib/idea_rt.jar=53995:/Applications/IntelliJ IDEA CE.app/Contents/bin -Dfile.encoding=UTF-8 
java_command: App
java_class_path (initial): /Volumes/documentos/faculdade/202021/fso/github/FSO_TP2/bin:/Volumes/documentos/faculdade/202021/fso/bibliotecas robot/bluecove-2.1.1.jar:/Volumes/documentos/faculdade/202021/fso/bibliotecas robot/RobotLegoEV3_2021.jar
Launcher Type: SUN_STANDARD

[Global flags]
     intx CICompilerCount                          = 3                                         {product} {ergonomic}
     uint ConcGCThreads                            = 1                                         {product} {ergonomic}
     uint G1ConcRefinementThreads                  = 4                                         {product} {ergonomic}
   size_t G1HeapRegionSize                         = 1048576                                   {product} {ergonomic}
    uintx GCDrainStackTargetSize                   = 64                                        {product} {ergonomic}
   size_t InitialHeapSize                          = 134217728                                 {product} {ergonomic}
   size_t MarkStackSize                            = 4194304                                   {product} {ergonomic}
   size_t MaxHeapSize                              = 2147483648                                {product} {ergonomic}
   size_t MaxNewSize                               = 1287651328                                {product} {ergonomic}
   size_t MinHeapDeltaBytes                        = 1048576                                   {product} {ergonomic}
   size_t MinHeapSize                              = 8388608                                   {product} {ergonomic}
    uintx NonNMethodCodeHeapSize                   = 5832780                                {pd product} {ergonomic}
    uintx NonProfiledCodeHeapSize                  = 122912730                              {pd product} {ergonomic}
    uintx ProfiledCodeHeapSize                     = 122912730                              {pd product} {ergonomic}
    uintx ReservedCodeCacheSize                    = 251658240                              {pd product} {ergonomic}
     bool SegmentedCodeCache                       = true                                      {product} {ergonomic}
   size_t SoftMaxHeapSize                          = 2147483648                             {manageable} {ergonomic}
     bool UseCompressedClassPointers               = true                                 {lp64_product} {ergonomic}
     bool UseCompressedOops                        = true                                 {lp64_product} {ergonomic}
     bool UseG1GC                                  = true                                      {product} {ergonomic}
     bool UseNUMA                                  = false                                     {product} {ergonomic}
     bool UseNUMAInterleaving                      = false                                     {product} {ergonomic}

Logging:
Log output configuration:
 #0: stdout all=warning uptime,level,tags
 #1: stderr all=off uptime,level,tags

Environment Variables:
PATH=/Users/Sofia/opt/anaconda3/bin:/Users/Sofia/opt/anaconda3/condabin:/Library/Frameworks/Python.framework/Versions/3.7/bin:/usr/local/bin:/usr/bin:/bin:/usr/sbin:/sbin:/usr/local/share/dotnet:~/.dotnet/tools:/Library/Frameworks/Mono.framework/Versions/Current/Commands
SHELL=/bin/bash
LC_CTYPE=UTF-8

Signal Handlers:
SIGSEGV: [libjvm.dylib+0xa0a820], sa_mask[0]=11111111011111110111111111111111, sa_flags=SA_ONSTACK|SA_RESTART|SA_SIGINFO
SIGBUS: [libjvm.dylib+0xa0a820], sa_mask[0]=11111111011111110111111111111111, sa_flags=SA_RESTART|SA_SIGINFO
SIGFPE: [libjvm.dylib+0xa0a820], sa_mask[0]=11111111011111110111111111111111, sa_flags=SA_RESTART|SA_SIGINFO
SIGPIPE: [libjvm.dylib+0x8291b0], sa_mask[0]=11111111011111110111111111111111, sa_flags=SA_RESTART|SA_SIGINFO
SIGXFSZ: [libjvm.dylib+0x8291b0], sa_mask[0]=11111111011111110111111111111111, sa_flags=SA_RESTART|SA_SIGINFO
SIGILL: [libjvm.dylib+0xa0a820], sa_mask[0]=11111111011111110111111111111111, sa_flags=SA_RESTART|SA_SIGINFO
SIGUSR2: [libjvm.dylib+0x829cc0], sa_mask[0]=00100000000000000000000000000000, sa_flags=SA_RESTART|SA_SIGINFO
SIGHUP: [libjvm.dylib+0x8283c0], sa_mask[0]=11111111011111110111111111111111, sa_flags=SA_RESTART|SA_SIGINFO
SIGINT: [libjvm.dylib+0x8283c0], sa_mask[0]=11111111011111110111111111111111, sa_flags=SA_RESTART|SA_SIGINFO
SIGTERM: [libjvm.dylib+0x8283c0], sa_mask[0]=11111111011111110111111111111111, sa_flags=SA_RESTART|SA_SIGINFO
SIGQUIT: [libjvm.dylib+0x8283c0], sa_mask[0]=11111111011111110111111111111111, sa_flags=SA_RESTART|SA_SIGINFO


---------------  S Y S T E M  ---------------

OS:uname: Darwin 19.6.0 Darwin Kernel Version 19.6.0: Mon Aug 31 22:12:52 PDT 2020; root:xnu-6153.141.2~1/RELEASE_X86_64 x86_64
OS uptime: 5 days 0:49 hours
rlimit (soft/hard): STACK 8192k/65532k , CORE 0k/infinity , NPROC 1392/2088 , NOFILE 10240/infinity , AS infinity/infinity , CPU infinity/infinity , DATA infinity/infinity , FSIZE infinity/infinity , MEMLOCK infinity/infinity , RSS infinity/infinity
load average: 2.40 2.49 2.47

CPU: total 4 (initial active 4) (2 cores per cpu, 2 threads per core) family 6 model 69 stepping 1, cmov, cx8, fxsr, mmx, sse, sse2, sse3, ssse3, sse4.1, sse4.2, popcnt, vzeroupper, avx, avx2, aes, clmul, erms, lzcnt, ht, tsc, tscinvbit, bmi1, bmi2, fma, clflush

Memory: 4k page, physical 8388608k(91576k free), swap 4194304k(1507840k free)

vm_info: Java HotSpot(TM) 64-Bit Server VM (15+36-1562) for bsd-amd64 JRE (15+36-1562), built on Aug 11 2020 21:36:40 by "mach5one" with clang 4.2.1 Compatible Apple LLVM 10.0.0 (clang-1000.11.45.5)

END.
