#
# A fatal error has been detected by the Java Runtime Environment:
#
#  SIGSEGV (0xb) at pc=0x00007fff72cf5b80, pid=46855, tid=775
#
# JRE version: OpenJDK Runtime Environment (15.0.1+9) (build 15.0.1+9-18)
# Java VM: OpenJDK 64-Bit Server VM (15.0.1+9-18, mixed mode, sharing, tiered, compressed oops, g1 gc, bsd-amd64)
# Problematic frame:
# C  [libsystem_platform.dylib+0x1b80]  _platform_strncpy+0x40
#
# No core dump will be written. Core dumps have been disabled. To enable core dumping, try "ulimit -c unlimited" before starting Java again
#
# If you would like to submit a bug report, please visit:
#   https://bugreport.java.com/bugreport/crash.jsp
# The crash happened outside the Java Virtual Machine in native code.
# See problematic frame for where to report the bug.
#

---------------  S U M M A R Y ------------

Command Line: -javaagent:/Applications/IntelliJ IDEA CE.app/Contents/lib/idea_rt.jar=53955:/Applications/IntelliJ IDEA CE.app/Contents/bin -Dfile.encoding=UTF-8 App

Host: MacBookPro11,1 x86_64 2600 MHz, 4 cores, 8G, Darwin 19.6.0
Time: Thu Jan 14 17:06:03 2021 WET elapsed time: 4.929548 seconds (0d 0h 0m 4s)

---------------  T H R E A D  ---------------

Current thread (0x00007fc6ae00e000):  JavaThread "AppKit Thread" daemon [_thread_in_native, id=775, stack(0x00007ffeead24000,0x00007ffeeb524000)]

Stack: [0x00007ffeead24000,0x00007ffeeb524000],  sp=0x00007ffeeb51ff58,  free space=8175k
Native frames: (J=compiled Java code, A=aot compiled Java code, j=interpreted, Vv=VM code, C=native code)
C  [libsystem_platform.dylib+0x1b80]  _platform_strncpy+0x40
C  [libdispatch.dylib+0x2658]  _dispatch_client_callout+0x8
C  [libdispatch.dylib+0xe7ab]  _dispatch_async_and_wait_invoke+0x57
C  [libdispatch.dylib+0x2658]  _dispatch_client_callout+0x8
C  [libdispatch.dylib+0xdcab]  _dispatch_main_queue_callback_4CF+0x3a8
C  [CoreFoundation+0xc2e81]  __CFRUNLOOP_IS_SERVICING_THE_MAIN_DISPATCH_QUEUE__+0x9
C  [CoreFoundation+0x82c87]  __CFRunLoopRun+0x7ec
C  [CoreFoundation+0x81e3e]  CFRunLoopRunSpecific+0x1ce
C  [HIToolbox+0x2fabd]  RunCurrentEventLoopInMode+0x124
C  [HIToolbox+0x2f7d5]  ReceiveNextEventCommon+0x248
C  [HIToolbox+0x2f579]  _BlockUntilNextEventMatchingListInModeWithFilter+0x40
C  [AppKit+0x41039]  _DPSNextEvent+0x373
C  [AppKit+0x3f880]  -[NSApplication(NSEvent) _nextEventMatchingEventMask:untilDate:inMode:dequeue:]+0x548
C  [libosxapp.dylib+0x270a]  -[NSApplicationAWT nextEventMatchingMask:untilDate:inMode:dequeue:]+0x7a
C  [AppKit+0x3158e]  -[NSApplication run]+0x292
C  [libosxapp.dylib+0x24fe]  +[NSApplicationAWT runAWTLoopWithApp:]+0x9e
C  [libawt_lwawt.dylib+0x3f2f6]  +[AWTStarter starter:headless:]+0x416
C  [JavaNativeFoundation+0x6ff9]  +[JNFRunLoop _performCopiedBlock:]+0xf
C  [Foundation+0x9b0dd]  __NSThreadPerformPerform+0xcc
C  [CoreFoundation+0x83d52]  __CFRUNLOOP_IS_CALLING_OUT_TO_A_SOURCE0_PERFORM_FUNCTION__+0x11
C  [CoreFoundation+0x83cf1]  __CFRunLoopDoSource0+0x67
C  [CoreFoundation+0x83b0b]  __CFRunLoopDoSources0+0xd1
C  [CoreFoundation+0x8283a]  __CFRunLoopRun+0x39f
C  [CoreFoundation+0x81e3e]  CFRunLoopRunSpecific+0x1ce
C  [libjli.dylib+0x6e32]  CreateExecutionEnvironment+0x192
C  [libjli.dylib+0x2674]  JLI_Launch+0x614
C  [java+0xc0e]  main+0x19e
C  [libdyld.dylib+0x1acc9]  start+0x1


siginfo: si_signo: 11 (SIGSEGV), si_code: 1 (SEGV_MAPERR), si_addr: 0x0000000000000000

Register to memory mapping:

RAX=0x0 is NULL
RBX=0x000070000aedcb30 is pointing into the stack for thread: 0x00007fc6ae00b800
RCX=0x0000000000000004 is an unknown value
RDX=0x00000000000000ff is an unknown value
RSP=0x00007ffeeb51ff58 is pointing into the stack for thread: 0x00007fc6ae00e000
RBP=0x00007ffeeb51ff70 is pointing into the stack for thread: 0x00007fc6ae00e000
RSI=0x0 is NULL
RDI=0x000070000aedcb9c is pointing into the stack for thread: 0x00007fc6ae00b800
R8 =0x000070000aedcb9c is pointing into the stack for thread: 0x00007fc6ae00b800
R9 =0x0 is NULL
R10=0x00007fc6b211ccb0 points into unknown readable memory: 0x657461766972702f | 2f 70 72 69 76 61 74 65
R11=0x00007fff72cf5b40: _platform_strncpy+0 in /usr/lib/system/libsystem_platform.dylib at 0x00007fff72cf4000
R12=0x0 is NULL
R13=0x0 is NULL
R14=0x000000017e45db82: GCC_except_table25+0x606 in /private/var/folders/nt/d15y3yj164vc6vgh07r462200000gn/T/bluecove_Sofia_0/libbluecove.jnilib at 0x000000017e44d000
R15=0x00007fff99239000: _dispatch_main_q+0 in /usr/lib/system/libdispatch.dylib at 0x00007fff72aa3000


Registers:
RAX=0x0000000000000000, RBX=0x000070000aedcb30, RCX=0x0000000000000004, RDX=0x00000000000000ff
RSP=0x00007ffeeb51ff58, RBP=0x00007ffeeb51ff70, RSI=0x0000000000000000, RDI=0x000070000aedcb9c
R8 =0x000070000aedcb9c, R9 =0x0000000000000000, R10=0x00007fc6b211ccb0, R11=0x00007fff72cf5b40
R12=0x0000000000000000, R13=0x0000000000000000, R14=0x000000017e45db82, R15=0x00007fff99239000
RIP=0x00007fff72cf5b80, EFLAGS=0x0000000000010202, ERR=0x0000000000000004
  TRAPNO=0x000000000000000e

Top of Stack: (sp=0x00007ffeeb51ff58)
0x00007ffeeb51ff58:   000000017e451397 000070000aedca80
0x00007ffeeb51ff68:   0000000000000000 00007ffeeb51ff90
0x00007ffeeb51ff78:   00007fff72aa5658 000070000aedcad0
0x00007ffeeb51ff88:   000070000aedca80 00007ffeeb51ffd0
0x00007ffeeb51ff98:   00007fff72ab17ab 00007fff99239000
0x00007ffeeb51ffa8:   0000000000000000 0000000000000000
0x00007ffeeb51ffb8:   000070000aedca80 0000000000000000
0x00007ffeeb51ffc8:   0000000000000013 00007ffeeb51fff0
0x00007ffeeb51ffd8:   00007fff72aa5658 00000000000020ff
0x00007ffeeb51ffe8:   000070000aedca80 00007ffeeb520080
0x00007ffeeb51fff8:   00007fff72ab0cab 0000000000000000
0x00007ffeeb520008:   0000000000000000 0000000000000000
0x00007ffeeb520018:   0000000000000000 00007fff99239000
0x00007ffeeb520028:   0000000000000000 000070000aedca80
0x00007ffeeb520038:   0000000000000000 00000000000020ff
0x00007ffeeb520048:   0000000000000000 00007ffeeb520090
0x00007ffeeb520058:   00007fc6ade04130 0000000000000001
0x00007ffeeb520068:   00007ffeeb520170 0000000000000b03
0x00007ffeeb520078:   00007fc6ade042c0 00007ffeeb520090
0x00007ffeeb520088:   00007fff38acde81 00007ffeeb520da0
0x00007ffeeb520098:   00007fff38a8dc87 00007fc6ade04130
0x00007ffeeb5200a8:   00007fc6ade042c0 00007fff8fc8d250
0x00007ffeeb5200b8:   0000000000001103 0000000000000b03
0x00007ffeeb5200c8:   00007fff902fbcc0 00007fff7ce829a1
0x00007ffeeb5200d8:   00007fff7ce95f27 00007fff7ce879e8
0x00007ffeeb5200e8:   00007fc6b1abf360 ffffffffffffffff
0x00007ffeeb5200f8:   00007fc6b1abf370 00007fc6ade042d0
0x00007ffeeb520108:   00007fc6ade04140 41c2d858bdecd917
0x00007ffeeb520118:   0000000000000000 00007ffeeb520170
0x00007ffeeb520128:   0000000100000000 00007fc6ae0b0068
0x00007ffeeb520138:   00000b03ae0b0060 00000b0300001103
0x00007ffeeb520148:   0000000000000000 0000000000000000 

Instructions: (pc=0x00007fff72cf5b80)
0x00007fff72cf5a80:   83 f8 02 74 1e 83 f8 04 74 e1 48 98 48 8d 0d cb
0x00007fff72cf5a90:   54 00 00 48 89 0d de 1f 56 26 48 89 05 07 20 56
0x00007fff72cf5aa0:   26 0f 0b 48 83 c4 08 5b 5d c3 e8 8f 4b 00 00 89
0x00007fff72cf5ab0:   f0 48 8d 0d 76 54 00 00 48 89 0d b9 1f 56 26 48
0x00007fff72cf5ac0:   89 05 e2 1f 56 26 0f 0b 55 48 89 e5 41 57 41 56
0x00007fff72cf5ad0:   41 55 41 54 53 50 49 89 ff 44 8a 2e 45 84 ed 74
0x00007fff72cf5ae0:   37 49 89 f6 49 ff c6 4c 89 f7 e8 51 f3 ff ff 49
0x00007fff72cf5af0:   89 c4 41 8a 07 84 c0 74 24 4c 89 fb 49 ff c7 44
0x00007fff72cf5b00:   38 e8 75 ee 4c 89 ff 4c 89 f6 4c 89 e2 e8 ee f0
0x00007fff72cf5b10:   ff ff 85 c0 75 dc eb 07 4c 89 fb eb 02 31 db 48
0x00007fff72cf5b20:   89 d8 48 83 c4 08 5b 41 5c 41 5d 41 5e 41 5f 5d
0x00007fff72cf5b30:   c3 90 90 90 90 90 90 90 90 90 90 90 90 90 90 90
0x00007fff72cf5b40:   49 89 f8 89 f9 f7 d9 83 e1 0f 75 1f 89 f0 b9 00
0x00007fff72cf5b50:   10 00 00 25 ff 0f 00 00 29 c1 48 39 d1 48 0f 47
0x00007fff72cf5b60:   ca c1 e9 04 75 4a b9 10 00 00 00 48 83 fa 1f 77
0x00007fff72cf5b70:   0f 89 d1 85 d2 75 09 e9 ac 00 00 00 0f 1f 40 00
0x00007fff72cf5b80:   0f b6 06 48 83 c6 01 48 83 ea 01 88 07 48 83 c7
0x00007fff72cf5b90:   01 85 c0 0f 84 83 00 00 00 48 83 e9 01 75 e1 48
0x00007fff72cf5ba0:   85 d2 75 a8 e9 7f 00 00 00 0f 1f 80 00 00 00 00
0x00007fff72cf5bb0:   f3 0f 6f 0e 66 0f ef c0 48 83 c6 10 66 0f 74 c1
0x00007fff72cf5bc0:   66 0f d7 c0 85 c0 75 13 66 0f 7f 0f 48 83 c7 10
0x00007fff72cf5bd0:   48 83 ea 10 83 e9 01 75 d7 eb 8b 0f bc c8 48 29
0x00007fff72cf5be0:   ca f6 c1 08 74 0d 66 0f d6 0f 66 0f 73 d9 08 48
0x00007fff72cf5bf0:   83 c7 08 f6 c1 04 74 0d 66 0f 7e 0f 66 0f 73 d9
0x00007fff72cf5c00:   04 48 83 c7 04 83 e1 03 74 12 66 0f 7e c8 88 07
0x00007fff72cf5c10:   c1 e8 08 48 83 c7 01 83 e9 01 75 f2 48 89 d6 41
0x00007fff72cf5c20:   50 e8 d8 4b 00 00 41 58 4c 89 c0 c3 65 8b 0c 25
0x00007fff72cf5c30:   18 00 00 00 31 c0 f0 0f b1 0f 0f 94 c0 c3 65 8b
0x00007fff72cf5c40:   0c 25 18 00 00 00 31 c0 f0 0f b1 0f 0f 85 27 14
0x00007fff72cf5c50:   00 00 c3 65 8b 04 25 18 00 00 00 31 f6 87 37 39
0x00007fff72cf5c60:   c6 0f 85 d2 14 00 00 c3 65 8b 0c 25 18 00 00 00
0x00007fff72cf5c70:   31 c0 f0 0f b1 0f 0f 94 c0 c3 55 48 89 e5 53 50 


Stack slot to memory mapping:
stack at sp + 0 slots: 0x000000017e451397: ___Z22synchronousBTOperationP8Runnable_block_invoke+0x6b in /private/var/folders/nt/d15y3yj164vc6vgh07r462200000gn/T/bluecove_Sofia_0/libbluecove.jnilib at 0x000000017e44d000
stack at sp + 1 slots: 0x000070000aedca80 is pointing into the stack for thread: 0x00007fc6ae00b800
stack at sp + 2 slots: 0x0 is NULL
stack at sp + 3 slots: 0x00007ffeeb51ff90 is pointing into the stack for thread: 0x00007fc6ae00e000
stack at sp + 4 slots: 0x00007fff72aa5658: _dispatch_client_callout+0x8 in /usr/lib/system/libdispatch.dylib at 0x00007fff72aa3000
stack at sp + 5 slots: 0x000070000aedcad0 is pointing into the stack for thread: 0x00007fc6ae00b800
stack at sp + 6 slots: 0x000070000aedca80 is pointing into the stack for thread: 0x00007fc6ae00b800
stack at sp + 7 slots: 0x00007ffeeb51ffd0 is pointing into the stack for thread: 0x00007fc6ae00e000


---------------  P R O C E S S  ---------------

Threads class SMR info:
_java_thread_list=0x00007fc6b1abd170, length=19, elements={
0x00007fc6ae00b800, 0x00007fc6ae83c800, 0x00007fc6af82f400, 0x00007fc6af80dc00,
0x00007fc6af831000, 0x00007fc6af831600, 0x00007fc6ae83ec00, 0x00007fc6ae00d000,
0x00007fc6ae848400, 0x00007fc6ae0aba00, 0x00007fc6ae016800, 0x00007fc6ae00e000,
0x00007fc6ae949000, 0x00007fc6af93f000, 0x00007fc6af8e4400, 0x00007fc6aebef400,
0x00007fc6ae24f600, 0x00007fc6afa4f200, 0x00007fc6aecce200
}

Java Threads: ( => current thread )
  0x00007fc6ae00b800 JavaThread "main" [_thread_in_native, id=9987, stack(0x000070000adde000,0x000070000aede000)]
  0x00007fc6ae83c800 JavaThread "Reference Handler" daemon [_thread_blocked, id=17923, stack(0x000070000b4f3000,0x000070000b5f3000)]
  0x00007fc6af82f400 JavaThread "Finalizer" daemon [_thread_blocked, id=15875, stack(0x000070000b5f6000,0x000070000b6f6000)]
  0x00007fc6af80dc00 JavaThread "Signal Dispatcher" daemon [_thread_blocked, id=22275, stack(0x000070000b7ff000,0x000070000b8ff000)]
  0x00007fc6af831000 JavaThread "Service Thread" daemon [_thread_blocked, id=41475, stack(0x000070000b902000,0x000070000ba02000)]
  0x00007fc6af831600 JavaThread "C2 CompilerThread0" daemon [_thread_blocked, id=23299, stack(0x000070000ba05000,0x000070000bb05000)]
  0x00007fc6ae83ec00 JavaThread "C1 CompilerThread0" daemon [_thread_blocked, id=40195, stack(0x000070000bb08000,0x000070000bc08000)]
  0x00007fc6ae00d000 JavaThread "Sweeper thread" daemon [_thread_blocked, id=39171, stack(0x000070000bc0b000,0x000070000bd0b000)]
  0x00007fc6ae848400 JavaThread "Common-Cleaner" daemon [_thread_blocked, id=38915, stack(0x000070000bd0e000,0x000070000be0e000)]
  0x00007fc6ae0aba00 JavaThread "Monitor Ctrl-Break" daemon [_thread_in_native, id=37891, stack(0x000070000be11000,0x000070000bf11000)]
  0x00007fc6ae016800 JavaThread "Notification Thread" daemon [_thread_blocked, id=24835, stack(0x000070000bf14000,0x000070000c014000)]
=>0x00007fc6ae00e000 JavaThread "AppKit Thread" daemon [_thread_in_native, id=775, stack(0x00007ffeead24000,0x00007ffeeb524000)]
  0x00007fc6ae949000 JavaThread "Attach Listener" daemon [_thread_blocked, id=73987, stack(0x000070000c323000,0x000070000c423000)]
  0x00007fc6af93f000 JavaThread "Java2D Queue Flusher" daemon [_thread_blocked, id=62723, stack(0x000070000c632000,0x000070000c732000)]
  0x00007fc6af8e4400 JavaThread "Java2D Disposer" daemon [_thread_blocked, id=65027, stack(0x000070000c735000,0x000070000c835000)]
  0x00007fc6aebef400 JavaThread "AWT-Shutdown" [_thread_blocked, id=66063, stack(0x000070000c19d000,0x000070000c29d000)]
  0x00007fc6ae24f600 JavaThread "AWT-EventQueue-0" [_thread_blocked, id=86559, stack(0x000070000c838000,0x000070000c938000)]
  0x00007fc6afa4f200 JavaThread "TimerQueue" daemon [_thread_blocked, id=89091, stack(0x000070000c93b000,0x000070000ca3b000)]
  0x00007fc6aecce200 JavaThread "BluecoveAsynchronousShutdownThread" daemon [_thread_blocked, id=89879, stack(0x000070000ca3e000,0x000070000cb3e000)]

Other Threads:
  0x00007fc6adf0dc90 VMThread "VM Thread" [stack: 0x000070000b3f0000,0x000070000b4f0000] [id=18435]
  0x00007fc6adc2d5f0 WatcherThread [stack: 0x000070000c017000,0x000070000c117000] [id=25347]
  0x00007fc6add107b0 GCTaskThread "GC Thread#0" [stack: 0x000070000aee1000,0x000070000afe1000] [id=13059]
  0x00007fc6add11930 ConcurrentGCThread "G1 Main Marker" [stack: 0x000070000afe4000,0x000070000b0e4000] [id=13315]
  0x00007fc6add12a30 ConcurrentGCThread "G1 Conc#0" [stack: 0x000070000b0e7000,0x000070000b1e7000] [id=13827]
  0x00007fc6ade22660 ConcurrentGCThread "G1 Refine#0" [stack: 0x000070000b1ea000,0x000070000b2ea000] [id=14083]
  0x00007fc6adf056d0 ConcurrentGCThread "G1 Young RemSet Sampling" [stack: 0x000070000b2ed000,0x000070000b3ed000] [id=18691]

Threads with active compile tasks:

VM state: not at safepoint (normal execution)

VM Mutex/Monitor currently owned by a thread: None

Heap address: 0x0000000780000000, size: 2048 MB, Compressed Oops mode: Zero based, Oop shift amount: 3
CDS archive(s) mapped at: [0x0000000800000000-0x0000000800b2b000-0x0000000800b2b000), size 11710464, SharedBaseAddress: 0x0000000800000000, ArchiveRelocationMode: 0.
Compressed class space mapped at: 0x0000000800b2c000-0x0000000840b2c000, size: 1073741824
Narrow klass base: 0x0000000800000000, Narrow klass shift: 3, Narrow klass range: 0x100000000

GC Precious Log:
 CPUs: 4 total, 4 available
 Memory: 8192M
 Large Page Support: Disabled
 NUMA Support: Disabled
 Compressed Oops: Enabled (Zero based)
 Heap Region Size: 1M
 Heap Min Capacity: 8M
 Heap Initial Capacity: 128M
 Heap Max Capacity: 2G
 Pre-touch: Disabled
 Parallel Workers: 4
 Concurrent Workers: 1
 Concurrent Refinement Workers: 4
 Periodic GC: Disabled

Heap:
 garbage-first heap   total 133120K, used 12072K [0x0000000780000000, 0x0000000800000000)
  region size 1024K, 12 young (12288K), 0 survivors (0K)
 Metaspace       used 10571K, capacity 10810K, committed 11136K, reserved 1058816K
  class space    used 1247K, capacity 1340K, committed 1408K, reserved 1048576K

Heap Regions: E=young(eden), S=young(survivor), O=old, HS=humongous(starts), HC=humongous(continues), CS=collection set, F=free, OA=open archive, CA=closed archive, TAMS=top-at-mark-start (previous, next)
|   0|0x0000000780000000, 0x0000000780000000, 0x0000000780100000|  0%| F|  |TAMS 0x0000000780000000, 0x0000000780000000| Untracked 
|   1|0x0000000780100000, 0x0000000780100000, 0x0000000780200000|  0%| F|  |TAMS 0x0000000780100000, 0x0000000780100000| Untracked 
|   2|0x0000000780200000, 0x0000000780200000, 0x0000000780300000|  0%| F|  |TAMS 0x0000000780200000, 0x0000000780200000| Untracked 
|   3|0x0000000780300000, 0x0000000780300000, 0x0000000780400000|  0%| F|  |TAMS 0x0000000780300000, 0x0000000780300000| Untracked 
|   4|0x0000000780400000, 0x0000000780400000, 0x0000000780500000|  0%| F|  |TAMS 0x0000000780400000, 0x0000000780400000| Untracked 
|   5|0x0000000780500000, 0x0000000780500000, 0x0000000780600000|  0%| F|  |TAMS 0x0000000780500000, 0x0000000780500000| Untracked 
|   6|0x0000000780600000, 0x0000000780600000, 0x0000000780700000|  0%| F|  |TAMS 0x0000000780600000, 0x0000000780600000| Untracked 
|   7|0x0000000780700000, 0x0000000780700000, 0x0000000780800000|  0%| F|  |TAMS 0x0000000780700000, 0x0000000780700000| Untracked 
|   8|0x0000000780800000, 0x0000000780800000, 0x0000000780900000|  0%| F|  |TAMS 0x0000000780800000, 0x0000000780800000| Untracked 
|   9|0x0000000780900000, 0x0000000780900000, 0x0000000780a00000|  0%| F|  |TAMS 0x0000000780900000, 0x0000000780900000| Untracked 
|  10|0x0000000780a00000, 0x0000000780a00000, 0x0000000780b00000|  0%| F|  |TAMS 0x0000000780a00000, 0x0000000780a00000| Untracked 
|  11|0x0000000780b00000, 0x0000000780b00000, 0x0000000780c00000|  0%| F|  |TAMS 0x0000000780b00000, 0x0000000780b00000| Untracked 
|  12|0x0000000780c00000, 0x0000000780c00000, 0x0000000780d00000|  0%| F|  |TAMS 0x0000000780c00000, 0x0000000780c00000| Untracked 
|  13|0x0000000780d00000, 0x0000000780d00000, 0x0000000780e00000|  0%| F|  |TAMS 0x0000000780d00000, 0x0000000780d00000| Untracked 
|  14|0x0000000780e00000, 0x0000000780e00000, 0x0000000780f00000|  0%| F|  |TAMS 0x0000000780e00000, 0x0000000780e00000| Untracked 
|  15|0x0000000780f00000, 0x0000000780f00000, 0x0000000781000000|  0%| F|  |TAMS 0x0000000780f00000, 0x0000000780f00000| Untracked 
|  16|0x0000000781000000, 0x0000000781000000, 0x0000000781100000|  0%| F|  |TAMS 0x0000000781000000, 0x0000000781000000| Untracked 
|  17|0x0000000781100000, 0x0000000781100000, 0x0000000781200000|  0%| F|  |TAMS 0x0000000781100000, 0x0000000781100000| Untracked 
|  18|0x0000000781200000, 0x0000000781200000, 0x0000000781300000|  0%| F|  |TAMS 0x0000000781200000, 0x0000000781200000| Untracked 
|  19|0x0000000781300000, 0x0000000781300000, 0x0000000781400000|  0%| F|  |TAMS 0x0000000781300000, 0x0000000781300000| Untracked 
|  20|0x0000000781400000, 0x0000000781400000, 0x0000000781500000|  0%| F|  |TAMS 0x0000000781400000, 0x0000000781400000| Untracked 
|  21|0x0000000781500000, 0x0000000781500000, 0x0000000781600000|  0%| F|  |TAMS 0x0000000781500000, 0x0000000781500000| Untracked 
|  22|0x0000000781600000, 0x0000000781600000, 0x0000000781700000|  0%| F|  |TAMS 0x0000000781600000, 0x0000000781600000| Untracked 
|  23|0x0000000781700000, 0x0000000781700000, 0x0000000781800000|  0%| F|  |TAMS 0x0000000781700000, 0x0000000781700000| Untracked 
|  24|0x0000000781800000, 0x0000000781800000, 0x0000000781900000|  0%| F|  |TAMS 0x0000000781800000, 0x0000000781800000| Untracked 
|  25|0x0000000781900000, 0x0000000781900000, 0x0000000781a00000|  0%| F|  |TAMS 0x0000000781900000, 0x0000000781900000| Untracked 
|  26|0x0000000781a00000, 0x0000000781a00000, 0x0000000781b00000|  0%| F|  |TAMS 0x0000000781a00000, 0x0000000781a00000| Untracked 
|  27|0x0000000781b00000, 0x0000000781b00000, 0x0000000781c00000|  0%| F|  |TAMS 0x0000000781b00000, 0x0000000781b00000| Untracked 
|  28|0x0000000781c00000, 0x0000000781c00000, 0x0000000781d00000|  0%| F|  |TAMS 0x0000000781c00000, 0x0000000781c00000| Untracked 
|  29|0x0000000781d00000, 0x0000000781d00000, 0x0000000781e00000|  0%| F|  |TAMS 0x0000000781d00000, 0x0000000781d00000| Untracked 
|  30|0x0000000781e00000, 0x0000000781e00000, 0x0000000781f00000|  0%| F|  |TAMS 0x0000000781e00000, 0x0000000781e00000| Untracked 
|  31|0x0000000781f00000, 0x0000000781f00000, 0x0000000782000000|  0%| F|  |TAMS 0x0000000781f00000, 0x0000000781f00000| Untracked 
|  32|0x0000000782000000, 0x0000000782000000, 0x0000000782100000|  0%| F|  |TAMS 0x0000000782000000, 0x0000000782000000| Untracked 
|  33|0x0000000782100000, 0x0000000782100000, 0x0000000782200000|  0%| F|  |TAMS 0x0000000782100000, 0x0000000782100000| Untracked 
|  34|0x0000000782200000, 0x0000000782200000, 0x0000000782300000|  0%| F|  |TAMS 0x0000000782200000, 0x0000000782200000| Untracked 
|  35|0x0000000782300000, 0x0000000782300000, 0x0000000782400000|  0%| F|  |TAMS 0x0000000782300000, 0x0000000782300000| Untracked 
|  36|0x0000000782400000, 0x0000000782400000, 0x0000000782500000|  0%| F|  |TAMS 0x0000000782400000, 0x0000000782400000| Untracked 
|  37|0x0000000782500000, 0x0000000782500000, 0x0000000782600000|  0%| F|  |TAMS 0x0000000782500000, 0x0000000782500000| Untracked 
|  38|0x0000000782600000, 0x0000000782600000, 0x0000000782700000|  0%| F|  |TAMS 0x0000000782600000, 0x0000000782600000| Untracked 
|  39|0x0000000782700000, 0x0000000782700000, 0x0000000782800000|  0%| F|  |TAMS 0x0000000782700000, 0x0000000782700000| Untracked 
|  40|0x0000000782800000, 0x0000000782800000, 0x0000000782900000|  0%| F|  |TAMS 0x0000000782800000, 0x0000000782800000| Untracked 
|  41|0x0000000782900000, 0x0000000782900000, 0x0000000782a00000|  0%| F|  |TAMS 0x0000000782900000, 0x0000000782900000| Untracked 
|  42|0x0000000782a00000, 0x0000000782a00000, 0x0000000782b00000|  0%| F|  |TAMS 0x0000000782a00000, 0x0000000782a00000| Untracked 
|  43|0x0000000782b00000, 0x0000000782b00000, 0x0000000782c00000|  0%| F|  |TAMS 0x0000000782b00000, 0x0000000782b00000| Untracked 
|  44|0x0000000782c00000, 0x0000000782c00000, 0x0000000782d00000|  0%| F|  |TAMS 0x0000000782c00000, 0x0000000782c00000| Untracked 
|  45|0x0000000782d00000, 0x0000000782d00000, 0x0000000782e00000|  0%| F|  |TAMS 0x0000000782d00000, 0x0000000782d00000| Untracked 
|  46|0x0000000782e00000, 0x0000000782e00000, 0x0000000782f00000|  0%| F|  |TAMS 0x0000000782e00000, 0x0000000782e00000| Untracked 
|  47|0x0000000782f00000, 0x0000000782f00000, 0x0000000783000000|  0%| F|  |TAMS 0x0000000782f00000, 0x0000000782f00000| Untracked 
|  48|0x0000000783000000, 0x0000000783000000, 0x0000000783100000|  0%| F|  |TAMS 0x0000000783000000, 0x0000000783000000| Untracked 
|  49|0x0000000783100000, 0x0000000783100000, 0x0000000783200000|  0%| F|  |TAMS 0x0000000783100000, 0x0000000783100000| Untracked 
|  50|0x0000000783200000, 0x0000000783200000, 0x0000000783300000|  0%| F|  |TAMS 0x0000000783200000, 0x0000000783200000| Untracked 
|  51|0x0000000783300000, 0x0000000783300000, 0x0000000783400000|  0%| F|  |TAMS 0x0000000783300000, 0x0000000783300000| Untracked 
|  52|0x0000000783400000, 0x0000000783400000, 0x0000000783500000|  0%| F|  |TAMS 0x0000000783400000, 0x0000000783400000| Untracked 
|  53|0x0000000783500000, 0x0000000783500000, 0x0000000783600000|  0%| F|  |TAMS 0x0000000783500000, 0x0000000783500000| Untracked 
|  54|0x0000000783600000, 0x0000000783600000, 0x0000000783700000|  0%| F|  |TAMS 0x0000000783600000, 0x0000000783600000| Untracked 
|  55|0x0000000783700000, 0x0000000783700000, 0x0000000783800000|  0%| F|  |TAMS 0x0000000783700000, 0x0000000783700000| Untracked 
|  56|0x0000000783800000, 0x0000000783800000, 0x0000000783900000|  0%| F|  |TAMS 0x0000000783800000, 0x0000000783800000| Untracked 
|  57|0x0000000783900000, 0x0000000783900000, 0x0000000783a00000|  0%| F|  |TAMS 0x0000000783900000, 0x0000000783900000| Untracked 
|  58|0x0000000783a00000, 0x0000000783a00000, 0x0000000783b00000|  0%| F|  |TAMS 0x0000000783a00000, 0x0000000783a00000| Untracked 
|  59|0x0000000783b00000, 0x0000000783b00000, 0x0000000783c00000|  0%| F|  |TAMS 0x0000000783b00000, 0x0000000783b00000| Untracked 
|  60|0x0000000783c00000, 0x0000000783c00000, 0x0000000783d00000|  0%| F|  |TAMS 0x0000000783c00000, 0x0000000783c00000| Untracked 
|  61|0x0000000783d00000, 0x0000000783d00000, 0x0000000783e00000|  0%| F|  |TAMS 0x0000000783d00000, 0x0000000783d00000| Untracked 
|  62|0x0000000783e00000, 0x0000000783e00000, 0x0000000783f00000|  0%| F|  |TAMS 0x0000000783e00000, 0x0000000783e00000| Untracked 
|  63|0x0000000783f00000, 0x0000000783f00000, 0x0000000784000000|  0%| F|  |TAMS 0x0000000783f00000, 0x0000000783f00000| Untracked 
|  64|0x0000000784000000, 0x0000000784000000, 0x0000000784100000|  0%| F|  |TAMS 0x0000000784000000, 0x0000000784000000| Untracked 
|  65|0x0000000784100000, 0x0000000784100000, 0x0000000784200000|  0%| F|  |TAMS 0x0000000784100000, 0x0000000784100000| Untracked 
|  66|0x0000000784200000, 0x0000000784200000, 0x0000000784300000|  0%| F|  |TAMS 0x0000000784200000, 0x0000000784200000| Untracked 
|  67|0x0000000784300000, 0x0000000784300000, 0x0000000784400000|  0%| F|  |TAMS 0x0000000784300000, 0x0000000784300000| Untracked 
|  68|0x0000000784400000, 0x0000000784400000, 0x0000000784500000|  0%| F|  |TAMS 0x0000000784400000, 0x0000000784400000| Untracked 
|  69|0x0000000784500000, 0x0000000784500000, 0x0000000784600000|  0%| F|  |TAMS 0x0000000784500000, 0x0000000784500000| Untracked 
|  70|0x0000000784600000, 0x0000000784600000, 0x0000000784700000|  0%| F|  |TAMS 0x0000000784600000, 0x0000000784600000| Untracked 
|  71|0x0000000784700000, 0x0000000784700000, 0x0000000784800000|  0%| F|  |TAMS 0x0000000784700000, 0x0000000784700000| Untracked 
|  72|0x0000000784800000, 0x0000000784800000, 0x0000000784900000|  0%| F|  |TAMS 0x0000000784800000, 0x0000000784800000| Untracked 
|  73|0x0000000784900000, 0x0000000784900000, 0x0000000784a00000|  0%| F|  |TAMS 0x0000000784900000, 0x0000000784900000| Untracked 
|  74|0x0000000784a00000, 0x0000000784a00000, 0x0000000784b00000|  0%| F|  |TAMS 0x0000000784a00000, 0x0000000784a00000| Untracked 
|  75|0x0000000784b00000, 0x0000000784b00000, 0x0000000784c00000|  0%| F|  |TAMS 0x0000000784b00000, 0x0000000784b00000| Untracked 
|  76|0x0000000784c00000, 0x0000000784c00000, 0x0000000784d00000|  0%| F|  |TAMS 0x0000000784c00000, 0x0000000784c00000| Untracked 
|  77|0x0000000784d00000, 0x0000000784d00000, 0x0000000784e00000|  0%| F|  |TAMS 0x0000000784d00000, 0x0000000784d00000| Untracked 
|  78|0x0000000784e00000, 0x0000000784e00000, 0x0000000784f00000|  0%| F|  |TAMS 0x0000000784e00000, 0x0000000784e00000| Untracked 
|  79|0x0000000784f00000, 0x0000000784f00000, 0x0000000785000000|  0%| F|  |TAMS 0x0000000784f00000, 0x0000000784f00000| Untracked 
|  80|0x0000000785000000, 0x0000000785000000, 0x0000000785100000|  0%| F|  |TAMS 0x0000000785000000, 0x0000000785000000| Untracked 
|  81|0x0000000785100000, 0x0000000785100000, 0x0000000785200000|  0%| F|  |TAMS 0x0000000785100000, 0x0000000785100000| Untracked 
|  82|0x0000000785200000, 0x0000000785200000, 0x0000000785300000|  0%| F|  |TAMS 0x0000000785200000, 0x0000000785200000| Untracked 
|  83|0x0000000785300000, 0x0000000785300000, 0x0000000785400000|  0%| F|  |TAMS 0x0000000785300000, 0x0000000785300000| Untracked 
|  84|0x0000000785400000, 0x0000000785400000, 0x0000000785500000|  0%| F|  |TAMS 0x0000000785400000, 0x0000000785400000| Untracked 
|  85|0x0000000785500000, 0x0000000785500000, 0x0000000785600000|  0%| F|  |TAMS 0x0000000785500000, 0x0000000785500000| Untracked 
|  86|0x0000000785600000, 0x0000000785600000, 0x0000000785700000|  0%| F|  |TAMS 0x0000000785600000, 0x0000000785600000| Untracked 
|  87|0x0000000785700000, 0x0000000785700000, 0x0000000785800000|  0%| F|  |TAMS 0x0000000785700000, 0x0000000785700000| Untracked 
|  88|0x0000000785800000, 0x0000000785800000, 0x0000000785900000|  0%| F|  |TAMS 0x0000000785800000, 0x0000000785800000| Untracked 
|  89|0x0000000785900000, 0x0000000785900000, 0x0000000785a00000|  0%| F|  |TAMS 0x0000000785900000, 0x0000000785900000| Untracked 
|  90|0x0000000785a00000, 0x0000000785a00000, 0x0000000785b00000|  0%| F|  |TAMS 0x0000000785a00000, 0x0000000785a00000| Untracked 
|  91|0x0000000785b00000, 0x0000000785b00000, 0x0000000785c00000|  0%| F|  |TAMS 0x0000000785b00000, 0x0000000785b00000| Untracked 
|  92|0x0000000785c00000, 0x0000000785c00000, 0x0000000785d00000|  0%| F|  |TAMS 0x0000000785c00000, 0x0000000785c00000| Untracked 
|  93|0x0000000785d00000, 0x0000000785d00000, 0x0000000785e00000|  0%| F|  |TAMS 0x0000000785d00000, 0x0000000785d00000| Untracked 
|  94|0x0000000785e00000, 0x0000000785e00000, 0x0000000785f00000|  0%| F|  |TAMS 0x0000000785e00000, 0x0000000785e00000| Untracked 
|  95|0x0000000785f00000, 0x0000000785f00000, 0x0000000786000000|  0%| F|  |TAMS 0x0000000785f00000, 0x0000000785f00000| Untracked 
|  96|0x0000000786000000, 0x0000000786000000, 0x0000000786100000|  0%| F|  |TAMS 0x0000000786000000, 0x0000000786000000| Untracked 
|  97|0x0000000786100000, 0x0000000786100000, 0x0000000786200000|  0%| F|  |TAMS 0x0000000786100000, 0x0000000786100000| Untracked 
|  98|0x0000000786200000, 0x0000000786200000, 0x0000000786300000|  0%| F|  |TAMS 0x0000000786200000, 0x0000000786200000| Untracked 
|  99|0x0000000786300000, 0x0000000786300000, 0x0000000786400000|  0%| F|  |TAMS 0x0000000786300000, 0x0000000786300000| Untracked 
| 100|0x0000000786400000, 0x0000000786400000, 0x0000000786500000|  0%| F|  |TAMS 0x0000000786400000, 0x0000000786400000| Untracked 
| 101|0x0000000786500000, 0x0000000786500000, 0x0000000786600000|  0%| F|  |TAMS 0x0000000786500000, 0x0000000786500000| Untracked 
| 102|0x0000000786600000, 0x0000000786600000, 0x0000000786700000|  0%| F|  |TAMS 0x0000000786600000, 0x0000000786600000| Untracked 
| 103|0x0000000786700000, 0x0000000786700000, 0x0000000786800000|  0%| F|  |TAMS 0x0000000786700000, 0x0000000786700000| Untracked 
| 104|0x0000000786800000, 0x0000000786800000, 0x0000000786900000|  0%| F|  |TAMS 0x0000000786800000, 0x0000000786800000| Untracked 
| 105|0x0000000786900000, 0x0000000786900000, 0x0000000786a00000|  0%| F|  |TAMS 0x0000000786900000, 0x0000000786900000| Untracked 
| 106|0x0000000786a00000, 0x0000000786a00000, 0x0000000786b00000|  0%| F|  |TAMS 0x0000000786a00000, 0x0000000786a00000| Untracked 
| 107|0x0000000786b00000, 0x0000000786b00000, 0x0000000786c00000|  0%| F|  |TAMS 0x0000000786b00000, 0x0000000786b00000| Untracked 
| 108|0x0000000786c00000, 0x0000000786c00000, 0x0000000786d00000|  0%| F|  |TAMS 0x0000000786c00000, 0x0000000786c00000| Untracked 
| 109|0x0000000786d00000, 0x0000000786d00000, 0x0000000786e00000|  0%| F|  |TAMS 0x0000000786d00000, 0x0000000786d00000| Untracked 
| 110|0x0000000786e00000, 0x0000000786e00000, 0x0000000786f00000|  0%| F|  |TAMS 0x0000000786e00000, 0x0000000786e00000| Untracked 
| 111|0x0000000786f00000, 0x0000000786f00000, 0x0000000787000000|  0%| F|  |TAMS 0x0000000786f00000, 0x0000000786f00000| Untracked 
| 112|0x0000000787000000, 0x0000000787000000, 0x0000000787100000|  0%| F|  |TAMS 0x0000000787000000, 0x0000000787000000| Untracked 
| 113|0x0000000787100000, 0x0000000787100000, 0x0000000787200000|  0%| F|  |TAMS 0x0000000787100000, 0x0000000787100000| Untracked 
| 114|0x0000000787200000, 0x0000000787200000, 0x0000000787300000|  0%| F|  |TAMS 0x0000000787200000, 0x0000000787200000| Untracked 
| 115|0x0000000787300000, 0x0000000787300000, 0x0000000787400000|  0%| F|  |TAMS 0x0000000787300000, 0x0000000787300000| Untracked 
| 116|0x0000000787400000, 0x00000007874dcf00, 0x0000000787500000| 86%| E|  |TAMS 0x0000000787400000, 0x0000000787400000| Complete 
| 117|0x0000000787500000, 0x0000000787600000, 0x0000000787600000|100%| E|CS|TAMS 0x0000000787500000, 0x0000000787500000| Complete 
| 118|0x0000000787600000, 0x0000000787700000, 0x0000000787700000|100%| E|CS|TAMS 0x0000000787600000, 0x0000000787600000| Complete 
| 119|0x0000000787700000, 0x0000000787800000, 0x0000000787800000|100%| E|CS|TAMS 0x0000000787700000, 0x0000000787700000| Complete 
| 120|0x0000000787800000, 0x0000000787900000, 0x0000000787900000|100%| E|CS|TAMS 0x0000000787800000, 0x0000000787800000| Complete 
| 121|0x0000000787900000, 0x0000000787a00000, 0x0000000787a00000|100%| E|CS|TAMS 0x0000000787900000, 0x0000000787900000| Complete 
| 122|0x0000000787a00000, 0x0000000787b00000, 0x0000000787b00000|100%| E|CS|TAMS 0x0000000787a00000, 0x0000000787a00000| Complete 
| 123|0x0000000787b00000, 0x0000000787c00000, 0x0000000787c00000|100%| E|CS|TAMS 0x0000000787b00000, 0x0000000787b00000| Complete 
| 124|0x0000000787c00000, 0x0000000787d00000, 0x0000000787d00000|100%| E|CS|TAMS 0x0000000787c00000, 0x0000000787c00000| Complete 
| 125|0x0000000787d00000, 0x0000000787e00000, 0x0000000787e00000|100%| E|CS|TAMS 0x0000000787d00000, 0x0000000787d00000| Complete 
| 126|0x0000000787e00000, 0x0000000787f00000, 0x0000000787f00000|100%| E|CS|TAMS 0x0000000787e00000, 0x0000000787e00000| Complete 
| 127|0x0000000787f00000, 0x0000000788000000, 0x0000000788000000|100%| E|CS|TAMS 0x0000000787f00000, 0x0000000787f00000| Complete 
|1022|0x00000007bfe00000, 0x00000007bfe51000, 0x00000007bff00000| 31%|OA|  |TAMS 0x00000007bfe00000, 0x00000007bfe00000| Untracked 
|1023|0x00000007bff00000, 0x00000007bff79000, 0x00000007c0000000| 47%|CA|  |TAMS 0x00000007bff00000, 0x00000007bff00000| Untracked 

Card table byte_map: [0x000000011dace000,0x000000011dece000] _byte_map_base: 0x0000000119ece000

Marking Bits (Prev, Next): (CMBitMap*) 0x00007fc6ae823610, (CMBitMap*) 0x00007fc6ae823650
 Prev Bits: [0x000000011e2ce000, 0x00000001202ce000)
 Next Bits: [0x00000001202ce000, 0x00000001222ce000)

Polling page: 0x0000000104716000

Metaspace:

Usage:
  Non-class:      9.25 MB capacity,     9.10 MB ( 98%) used,   131.23 KB (  1%) free+waste,    15.31 KB ( <1%) overhead. 
      Class:      1.31 MB capacity,     1.22 MB ( 93%) used,    85.49 KB (  6%) free+waste,     6.88 KB ( <1%) overhead. 
       Both:     10.56 MB capacity,    10.32 MB ( 98%) used,   216.73 KB (  2%) free+waste,    22.19 KB ( <1%) overhead. 

Virtual space:
  Non-class space:       10.00 MB reserved,       9.50 MB ( 95%) committed 
      Class space:        1.00 GB reserved,       1.38 MB ( <1%) committed 
             Both:        1.01 GB reserved,      10.88 MB (  1%) committed 

Chunk freelists:
   Non-Class:  34.00 KB
       Class:  20.00 KB
        Both:  54.00 KB

MaxMetaspaceSize: 17179869184.00 GB
CompressedClassSpaceSize: 1.00 GB

CodeHeap 'non-profiled nmethods': size=120032Kb used=392Kb max_used=392Kb free=119639Kb
 bounds [0x0000000116196000, 0x0000000116406000, 0x000000011d6ce000]
CodeHeap 'profiled nmethods': size=120028Kb used=1878Kb max_used=1878Kb free=118149Kb
 bounds [0x000000010ec5f000, 0x000000010eecf000, 0x0000000116196000]
CodeHeap 'non-nmethods': size=5700Kb used=1333Kb max_used=1353Kb free=4366Kb
 bounds [0x000000010e6ce000, 0x000000010e93e000, 0x000000010ec5f000]
 total_blobs=1868 nmethods=1223 adapters=559
 compilation: enabled
              stopped_count=0, restarted_count=0
 full_count=0

Compilation events (20 events):
Event: 4.799 Thread 0x00007fc6ae83ec00 nmethod 1211 0x000000010ee2e010 code [0x000000010ee2e1c0, 0x000000010ee2e3c0]
Event: 4.802 Thread 0x00007fc6ae83ec00 1212       3       java.lang.ClassLoader::getClassLoadingLock (35 bytes)
Event: 4.803 Thread 0x00007fc6ae83ec00 nmethod 1212 0x000000010ee2e490 code [0x000000010ee2e640, 0x000000010ee2e940]
Event: 4.803 Thread 0x00007fc6ae83ec00 1213       3       java.lang.ClassLoader::findLoadedClass (16 bytes)
Event: 4.803 Thread 0x00007fc6ae83ec00 nmethod 1213 0x000000010ee2ea90 code [0x000000010ee2ec40, 0x000000010ee2ee10]
Event: 4.810 Thread 0x00007fc6ae83ec00 1215       3       java.util.zip.Inflater::ensureOpen (47 bytes)
Event: 4.810 Thread 0x00007fc6ae83ec00 nmethod 1215 0x000000010ee2ef10 code [0x000000010ee2f0c0, 0x000000010ee2f320]
Event: 4.811 Thread 0x00007fc6ae83ec00 1216   !   3       java.util.zip.Inflater::inflate (418 bytes)
Event: 4.812 Thread 0x00007fc6ae83ec00 nmethod 1216 0x000000010ee2f410 code [0x000000010ee2f6c0, 0x000000010ee308a0]
Event: 4.812 Thread 0x00007fc6ae83ec00 1218   !   3       java.util.zip.InflaterInputStream::read (138 bytes)
Event: 4.813 Thread 0x00007fc6ae83ec00 nmethod 1218 0x000000010ee31290 code [0x000000010ee31520, 0x000000010ee321d0]
Event: 4.813 Thread 0x00007fc6ae83ec00 1219       3       java.util.zip.InflaterInputStream::ensureOpen (18 bytes)
Event: 4.813 Thread 0x00007fc6ae83ec00 nmethod 1219 0x000000010ee32790 code [0x000000010ee32940, 0x000000010ee32b40]
Event: 4.813 Thread 0x00007fc6ae83ec00 1220       3       java.io.FilterInputStream::read (9 bytes)
Event: 4.813 Thread 0x00007fc6ae83ec00 nmethod 1220 0x000000010ee32c10 code [0x000000010ee32da0, 0x000000010ee32f60]
Event: 4.925 Thread 0x00007fc6ae83ec00 1221       3       jdk.internal.loader.BuiltinClassLoader::findLoadedModule (33 bytes)
Event: 4.926 Thread 0x00007fc6ae83ec00 nmethod 1221 0x000000010ee33010 code [0x000000010ee33220, 0x000000010ee33830]
Event: 4.926 Thread 0x00007fc6af831600 1222       4       java.lang.StringLatin1::equals (36 bytes)
Event: 4.926 Thread 0x00007fc6ae83ec00 1223       3       sun.net.www.ParseUtil::firstEncodeIndex (86 bytes)
Event: 4.927 Thread 0x00007fc6ae83ec00 nmethod 1223 0x000000010ee33a90 code [0x000000010ee33cc0, 0x000000010ee34660]

GC Heap History (0 events):
No events

Deoptimization events (20 events):
Event: 2.678 Thread 0x00007fc6ae00b800 Uncommon trap: trap_request=0xffffff45 fr.pc=0x00000001161c9574 relative=0x00000000000002f4
Event: 2.678 Thread 0x00007fc6ae00b800 Uncommon trap: reason=unstable_if action=reinterpret pc=0x00000001161c9574 method=java.lang.StringUTF16.compress([CI[BII)I @ 20 c2
Event: 2.678 Thread 0x00007fc6ae00b800 DEOPT PACKING pc=0x00000001161c9574 sp=0x000070000aedbbc0
Event: 2.678 Thread 0x00007fc6ae00b800 DEOPT UNPACKING pc=0x000000010e71c125 sp=0x000070000aedbb60 mode 2
Event: 4.715 Thread 0x00007fc6ae24f600 Uncommon trap: trap_request=0xffffffde fr.pc=0x00000001161a491c relative=0x000000000000019c
Event: 4.715 Thread 0x00007fc6ae24f600 Uncommon trap: reason=class_check action=maybe_recompile pc=0x00000001161a491c method=java.lang.String.equals(Ljava/lang/Object;)Z @ 8 c2
Event: 4.715 Thread 0x00007fc6ae24f600 DEOPT PACKING pc=0x00000001161a491c sp=0x000070000c9362a0
Event: 4.715 Thread 0x00007fc6ae24f600 DEOPT UNPACKING pc=0x000000010e71c125 sp=0x000070000c936258 mode 2
Event: 4.722 Thread 0x00007fc6ae24f600 Uncommon trap: trap_request=0xffffffde fr.pc=0x00000001161a491c relative=0x000000000000019c
Event: 4.722 Thread 0x00007fc6ae24f600 Uncommon trap: reason=class_check action=maybe_recompile pc=0x00000001161a491c method=java.lang.String.equals(Ljava/lang/Object;)Z @ 8 c2
Event: 4.722 Thread 0x00007fc6ae24f600 DEOPT PACKING pc=0x00000001161a491c sp=0x000070000c936230
Event: 4.722 Thread 0x00007fc6ae24f600 DEOPT UNPACKING pc=0x000000010e71c125 sp=0x000070000c9361e8 mode 2
Event: 4.726 Thread 0x00007fc6ae24f600 Uncommon trap: trap_request=0xffffffde fr.pc=0x00000001161a491c relative=0x000000000000019c
Event: 4.726 Thread 0x00007fc6ae24f600 Uncommon trap: reason=class_check action=maybe_recompile pc=0x00000001161a491c method=java.lang.String.equals(Ljava/lang/Object;)Z @ 8 c2
Event: 4.726 Thread 0x00007fc6ae24f600 DEOPT PACKING pc=0x00000001161a491c sp=0x000070000c9361a0
Event: 4.727 Thread 0x00007fc6ae24f600 DEOPT UNPACKING pc=0x000000010e71c125 sp=0x000070000c936158 mode 2
Event: 4.727 Thread 0x00007fc6ae24f600 Uncommon trap: trap_request=0xffffffde fr.pc=0x00000001161a491c relative=0x000000000000019c
Event: 4.727 Thread 0x00007fc6ae24f600 Uncommon trap: reason=class_check action=maybe_recompile pc=0x00000001161a491c method=java.lang.String.equals(Ljava/lang/Object;)Z @ 8 c2
Event: 4.727 Thread 0x00007fc6ae24f600 DEOPT PACKING pc=0x00000001161a491c sp=0x000070000c936300
Event: 4.727 Thread 0x00007fc6ae24f600 DEOPT UNPACKING pc=0x000000010e71c125 sp=0x000070000c9362b8 mode 2

Classes unloaded (0 events):
No events

Classes redefined (0 events):
No events

Internal exceptions (20 events):
Event: 0.518 Thread 0x00007fc6ae00b800 Exception <a 'java/lang/ClassNotFoundException'{0x0000000787d7a860}: sun/awt/resources/spi/awtosxProvider> (0x0000000787d7a860) 
thrown [./open/src/hotspot/share/classfile/systemDictionary.cpp, line 295]
Event: 2.486 Thread 0x00007fc6ae00b800 Exception <a 'java/lang/NoSuchMethodError'{0x0000000787b07708}: 'void java.lang.invoke.DirectMethodHandle$Holder.invokeStaticInit(java.lang.Object)'> (0x0000000787b07708) 
thrown [./open/src/hotspot/share/interpreter/linkResolver.cpp, line 782]
Event: 2.499 Thread 0x00007fc6ae00b800 Exception <a 'java/lang/NoSuchMethodError'{0x0000000787b2a940}: 'java.lang.Object java.lang.invoke.DirectMethodHandle$Holder.newInvokeSpecial(java.lang.Object, java.lang.Object, java.lang.Object, java.lang.Object, java.lang.Object)'> (0x0000000787b2a940) 
thrown [./open/src/hotspot/share/interpreter/linkResolver.cpp, line 782]
Event: 2.501 Thread 0x00007fc6ae00b800 Exception <a 'java/lang/NoSuchMethodError'{0x0000000787b363d0}: 'java.lang.Object java.lang.invoke.DirectMethodHandle$Holder.invokeStatic(java.lang.Object, int, java.lang.Object, java.lang.Object, java.lang.Object, java.lang.Object)'> (0x0000000787b363d0) 
thrown [./open/src/hotspot/share/interpreter/linkResolver.cpp, line 782]
Event: 2.509 Thread 0x00007fc6ae00b800 Exception <a 'java/lang/NoSuchMethodError'{0x0000000787b5c8b0}: 'java.lang.Object java.lang.invoke.DirectMethodHandle$Holder.invokeStatic(java.lang.Object, int, java.lang.Object)'> (0x0000000787b5c8b0) 
thrown [./open/src/hotspot/share/interpreter/linkResolver.cpp, line 782]
Event: 2.516 Thread 0x00007fc6ae00b800 Exception <a 'java/lang/ClassNotFoundException'{0x0000000787b8dd78}: com/apple/laf/resources/spi/aquaProvider> (0x0000000787b8dd78) 
thrown [./open/src/hotspot/share/classfile/systemDictionary.cpp, line 295]
Event: 2.541 Thread 0x00007fc6ae00b800 Exception <a 'java/lang/ClassNotFoundException'{0x0000000787bfcdf8}: com/sun/swing/internal/plaf/basic/resources/spi/basicProvider> (0x0000000787bfcdf8) 
thrown [./open/src/hotspot/share/classfile/systemDictionary.cpp, line 295]
Event: 2.554 Thread 0x00007fc6ae00b800 Implicit null exception at 0x00000001161bf61b to 0x00000001161bff19
Event: 2.595 Thread 0x00007fc6ae00b800 Exception <a 'java/lang/NoSuchMethodError'{0x0000000787a872f0}: 'void java.lang.invoke.DirectMethodHandle$Holder.invokeStatic(java.lang.Object, java.lang.Object, java.lang.Object)'> (0x0000000787a872f0) 
thrown [./open/src/hotspot/share/interpreter/linkResolver.cpp, line 782]
Event: 4.423 Thread 0x00007fc6ae00b800 Exception <a 'java/lang/NoSuchMethodError'{0x000000078773bd80}: 'java.lang.Object java.lang.invoke.DirectMethodHandle$Holder.newInvokeSpecial(java.lang.Object, java.lang.Object, java.lang.Object, int, java.lang.Object)'> (0x000000078773bd80) 
thrown [./open/src/hotspot/share/interpreter/linkResolver.cpp, line 782]
Event: 4.439 Thread 0x00007fc6ae00b800 Exception <a 'java/lang/NoSuchMethodError'{0x000000078778a6a0}: 'void java.lang.invoke.DirectMethodHandle$Holder.invokeStatic(java.lang.Object, int, long)'> (0x000000078778a6a0) 
thrown [./open/src/hotspot/share/interpreter/linkResolver.cpp, line 782]
Event: 4.443 Thread 0x00007fc6ae24f600 Exception <a 'java/lang/NoSuchMethodError'{0x0000000787745900}: 'void java.lang.invoke.DirectMethodHandle$Holder.invokeStatic(java.lang.Object, long)'> (0x0000000787745900) 
thrown [./open/src/hotspot/share/interpreter/linkResolver.cpp, line 782]
Event: 4.445 Thread 0x00007fc6ae00b800 Exception <a 'java/lang/NoSuchMethodError'{0x00000007877a7ce0}: 'java.lang.Object java.lang.invoke.Invokers$Holder.linkToTargetMethod(int, int, int, int, java.lang.Object)'> (0x00000007877a7ce0) 
thrown [./open/src/hotspot/share/interpreter/linkResolver.cpp, line 782]
Event: 4.446 Thread 0x00007fc6ae00b800 Exception <a 'java/lang/NoSuchMethodError'{0x00000007877ab890}: 'void java.lang.invoke.DirectMethodHandle$Holder.invokeStatic(java.lang.Object, java.lang.Object, long)'> (0x00000007877ab890) 
thrown [./open/src/hotspot/share/interpreter/linkResolver.cpp, line 782]
Event: 4.458 Thread 0x00007fc6ae00e000 Exception <a 'java/lang/NoSuchMethodError'{0x00000007877d3028}: 'void java.lang.invoke.DirectMethodHandle$Holder.invokeSpecial(java.lang.Object, java.lang.Object, long)'> (0x00000007877d3028) 
thrown [./open/src/hotspot/share/interpreter/linkResolver.cpp, line 782]
Event: 4.503 Thread 0x00007fc6ae00b800 Exception <a 'java/lang/NoSuchMethodError'{0x00000007877c2d70}: 'void java.lang.invoke.DirectMethodHandle$Holder.invokeStatic(java.lang.Object, long, long)'> (0x00000007877c2d70) 
thrown [./open/src/hotspot/share/interpreter/linkResolver.cpp, line 782]
Event: 4.503 Thread 0x00007fc6ae00b800 Exception <a 'java/lang/NoSuchMethodError'{0x0000000787600538}: 'java.lang.Object java.lang.invoke.DirectMethodHandle$Holder.newInvokeSpecial(java.lang.Object, long)'> (0x0000000787600538) 
thrown [./open/src/hotspot/share/interpreter/linkResolver.cpp, line 782]
Event: 4.507 Thread 0x00007fc6ae00b800 Exception <a 'java/lang/NoSuchMethodError'{0x000000078760ac88}: 'java.lang.Object java.lang.invoke.DirectMethodHandle$Holder.newInvokeSpecial(java.lang.Object, java.lang.Object, int)'> (0x000000078760ac88) 
thrown [./open/src/hotspot/share/interpreter/linkResolver.cpp, line 782]
Event: 4.780 Thread 0x00007fc6ae00b800 Exception <a 'java/lang/NoClassDefFoundError'{0x000000078746e660}: org/apache/log4j/Category> (0x000000078746e660) 
thrown [./open/src/hotspot/share/classfile/systemDictionary.cpp, line 284]
Event: 4.797 Thread 0x00007fc6ae00b800 Exception <a 'java/lang/UnsatisfiedLinkError'{0x00000007874a3de8}: 'boolean com.intel.bluetooth.BluetoothStackOSX.isNativeCodeLoaded()'> (0x00000007874a3de8) 
thrown [./open/src/hotspot/share/prims/nativeLookup.cpp, line 530]

Events (20 events):
Event: 4.801 loading class sun/net/www/protocol/file/FileURLConnection done
Event: 4.801 loading class sun/net/www/MessageHeader
Event: 4.801 loading class sun/net/www/MessageHeader done
Event: 4.801 loading class sun/net/www/protocol/jar/URLJarFile
Event: 4.801 loading class sun/net/www/protocol/jar/URLJarFile done
Event: 4.802 loading class sun/nio/fs/UnixFileKey
Event: 4.802 loading class sun/nio/fs/UnixFileKey done
Event: 4.802 loading class sun/net/www/protocol/jar/URLJarFile$URLJarFileEntry
Event: 4.802 loading class sun/net/www/protocol/jar/URLJarFile$URLJarFileEntry done
Event: 4.802 loading class sun/net/www/protocol/jar/JarURLConnection$JarURLInputStream
Event: 4.802 loading class sun/net/www/protocol/jar/JarURLConnection$JarURLInputStream done
Event: 4.803 loading class java/io/DeleteOnExitHook
Event: 4.803 loading class java/io/DeleteOnExitHook done
Event: 4.803 loading class java/io/DeleteOnExitHook$1
Event: 4.803 loading class java/io/DeleteOnExitHook$1 done
Event: 4.814 loading class java/io/FileOutputStream$1
Event: 4.814 loading class java/io/FileOutputStream$1 done
Event: 4.924 Loaded shared library /private/var/folders/nt/d15y3yj164vc6vgh07r462200000gn/T/bluecove_Sofia_0/libbluecove.jnilib
Event: 4.925 Thread 0x00007fc6aecce200 Thread added: 0x00007fc6aecce200
Event: 4.925 Protecting memory [0x000070000ca3e000,0x000070000ca42000] with protection modes 0


Dynamic libraries:
0x00007fff7201f000 	/usr/lib/libz.1.dylib
0x00000001046e5000 	/Users/Sofia/Library/Java/JavaVirtualMachines/openjdk-15.0.1/Contents/Home/lib/libjli.dylib
0x00007fff37b69000 	/System/Library/Frameworks/Cocoa.framework/Versions/A/Cocoa
0x00007fff45362000 	/System/Library/Frameworks/Security.framework/Versions/A/Security
0x00007fff36ace000 	/System/Library/Frameworks/ApplicationServices.framework/Versions/A/ApplicationServices
0x00007fff6fae3000 	/usr/lib/libSystem.B.dylib
0x00007fff728e0000 	/usr/lib/system/libcache.dylib
0x00007fff728e6000 	/usr/lib/system/libcommonCrypto.dylib
0x00007fff728f2000 	/usr/lib/system/libcompiler_rt.dylib
0x00007fff728fa000 	/usr/lib/system/libcopyfile.dylib
0x00007fff72904000 	/usr/lib/system/libcorecrypto.dylib
0x00007fff72aa3000 	/usr/lib/system/libdispatch.dylib
0x00007fff72ae4000 	/usr/lib/system/libdyld.dylib
0x00007fff72b1b000 	/usr/lib/system/libkeymgr.dylib
0x00007fff72b29000 	/usr/lib/system/liblaunch.dylib
0x00007fff72b2a000 	/usr/lib/system/libmacho.dylib
0x00007fff72b30000 	/usr/lib/system/libquarantine.dylib
0x00007fff72b33000 	/usr/lib/system/libremovefile.dylib
0x00007fff72b35000 	/usr/lib/system/libsystem_asl.dylib
0x00007fff72b4d000 	/usr/lib/system/libsystem_blocks.dylib
0x00007fff72b4e000 	/usr/lib/system/libsystem_c.dylib
0x00007fff72bd6000 	/usr/lib/system/libsystem_configuration.dylib
0x00007fff72bda000 	/usr/lib/system/libsystem_coreservices.dylib
0x00007fff72bde000 	/usr/lib/system/libsystem_darwin.dylib
0x00007fff72be7000 	/usr/lib/system/libsystem_dnssd.dylib
0x00007fff72bef000 	/usr/lib/system/libsystem_featureflags.dylib
0x00007fff72bf1000 	/usr/lib/system/libsystem_info.dylib
0x00007fff72c6c000 	/usr/lib/system/libsystem_m.dylib
0x00007fff72cb4000 	/usr/lib/system/libsystem_malloc.dylib
0x00007fff72cdc000 	/usr/lib/system/libsystem_networkextension.dylib
0x00007fff72cea000 	/usr/lib/system/libsystem_notify.dylib
0x00007fff72d08000 	/usr/lib/system/libsystem_sandbox.dylib
0x00007fff72d0d000 	/usr/lib/system/libsystem_secinit.dylib
0x00007fff72c3f000 	/usr/lib/system/libsystem_kernel.dylib
0x00007fff72cf4000 	/usr/lib/system/libsystem_platform.dylib
0x00007fff72cfd000 	/usr/lib/system/libsystem_pthread.dylib
0x00007fff72d10000 	/usr/lib/system/libsystem_symptoms.dylib
0x00007fff72d18000 	/usr/lib/system/libsystem_trace.dylib
0x00007fff72d30000 	/usr/lib/system/libunwind.dylib
0x00007fff72d36000 	/usr/lib/system/libxpc.dylib
0x00007fff71943000 	/usr/lib/libobjc.A.dylib
0x00007fff6fe1c000 	/usr/lib/libc++abi.dylib
0x00007fff6fdc9000 	/usr/lib/libc++.1.dylib
0x00007fff38a0b000 	/System/Library/Frameworks/CoreFoundation.framework/Versions/A/CoreFoundation
0x00007fff3b0c8000 	/System/Library/Frameworks/Foundation.framework/Versions/C/Foundation
0x00007fff35cbe000 	/System/Library/Frameworks/AppKit.framework/Versions/C/AppKit
0x00007fff384ed000 	/System/Library/Frameworks/CoreData.framework/Versions/A/CoreData
0x00007fff69af8000 	/System/Library/PrivateFrameworks/UIFoundation.framework/Versions/A/UIFoundation
0x00007fff64b8c000 	/System/Library/PrivateFrameworks/RemoteViewServices.framework/Versions/A/RemoteViewServices
0x00007fff6c653000 	/System/Library/PrivateFrameworks/XCTTargetBootstrap.framework/Versions/A/XCTTargetBootstrap
0x00007fff388d8000 	/System/Library/Frameworks/CoreDisplay.framework/Versions/A/CoreDisplay
0x00007fff3df83000 	/System/Library/Frameworks/Metal.framework/Versions/A/Metal
0x00007fff52b79000 	/System/Library/PrivateFrameworks/DesktopServicesPriv.framework/Versions/A/DesktopServicesPriv
0x00007fff70c1e000 	/usr/lib/liblangid.dylib
0x00007fff51e0e000 	/System/Library/PrivateFrameworks/CoreSVG.framework/Versions/A/CoreSVG
0x00007fff67ce8000 	/System/Library/PrivateFrameworks/SkyLight.framework/Versions/A/SkyLight
0x00007fff38e8c000 	/System/Library/Frameworks/CoreGraphics.framework/Versions/A/CoreGraphics
0x00007fff34692000 	/System/Library/Frameworks/Accelerate.framework/Versions/A/Accelerate
0x00007fff71f10000 	/usr/lib/libxml2.2.dylib
0x00007fff5db17000 	/System/Library/PrivateFrameworks/IconServices.framework/Versions/A/IconServices
0x00007fff3b8a7000 	/System/Library/Frameworks/IOSurface.framework/Versions/A/IOSurface
0x00007fff6f60d000 	/usr/lib/libDiagnosticMessagesClient.dylib
0x00007fff529d3000 	/System/Library/PrivateFrameworks/DFRFoundation.framework/Versions/A/DFRFoundation
0x00007fff709ad000 	/usr/lib/libicucore.A.dylib
0x00007fff36e00000 	/System/Library/Frameworks/AudioToolbox.framework/Versions/A/AudioToolbox
0x00007fff36ee3000 	/System/Library/Frameworks/AudioUnit.framework/Versions/A/AudioUnit
0x00007fff6fce5000 	/usr/lib/libauto.dylib
0x00007fff52a75000 	/System/Library/PrivateFrameworks/DataDetectorsCore.framework/Versions/A/DataDetectorsCore
0x00007fff3768a000 	/System/Library/Frameworks/Carbon.framework/Versions/A/Frameworks/HIToolbox.framework/Versions/A/HIToolbox
0x00007fff4455c000 	/System/Library/Frameworks/QuartzCore.framework/Versions/A/QuartzCore
0x00007fff379c9000 	/System/Library/Frameworks/Carbon.framework/Versions/A/Frameworks/SpeechRecognition.framework/Versions/A/SpeechRecognition
0x00007fff524e7000 	/System/Library/PrivateFrameworks/CoreUI.framework/Versions/A/CoreUI
0x00007fff37f58000 	/System/Library/Frameworks/CoreAudio.framework/Versions/A/CoreAudio
0x00007fff3ad87000 	/System/Library/Frameworks/DiskArbitration.framework/Versions/A/DiskArbitration
0x00007fff5fb67000 	/System/Library/PrivateFrameworks/MultitouchSupport.framework/Versions/A/MultitouchSupport
0x00007fff70874000 	/usr/lib/libenergytrace.dylib
0x00007fff3b801000 	/System/Library/Frameworks/IOKit.framework/Versions/A/IOKit
0x00007fff39df3000 	/System/Library/Frameworks/CoreServices.framework/Versions/A/CoreServices
0x00007fff61d1f000 	/System/Library/PrivateFrameworks/PerformanceAnalysis.framework/Versions/A/PerformanceAnalysis
0x00007fff4358f000 	/System/Library/Frameworks/OpenGL.framework/Versions/A/OpenGL
0x00007fff37b77000 	/System/Library/Frameworks/ColorSync.framework/Versions/A/ColorSync
0x00007fff3950f000 	/System/Library/Frameworks/CoreImage.framework/Versions/A/CoreImage
0x00007fff3a866000 	/System/Library/Frameworks/CoreText.framework/Versions/A/CoreText
0x00007fff3b937000 	/System/Library/Frameworks/ImageIO.framework/Versions/A/ImageIO
0x00007fff6fe45000 	/usr/lib/libcompression.dylib
0x00007fff6f951000 	/usr/lib/libMobileGestalt.dylib
0x00007fff69862000 	/System/Library/PrivateFrameworks/TextureIO.framework/Versions/A/TextureIO
0x00007fff6fc48000 	/usr/lib/libate.dylib
0x00007fff5dd20000 	/System/Library/PrivateFrameworks/InternationalSupport.framework/Versions/A/InternationalSupport
0x00007fff70c20000 	/usr/lib/liblzma.5.dylib
0x00007fff7089b000 	/usr/lib/libfakelink.dylib
0x00007fff6fbd5000 	/usr/lib/libarchive.2.dylib
0x00007fff46413000 	/System/Library/Frameworks/SystemConfiguration.framework/Versions/A/SystemConfiguration
0x00007fff6f540000 	/usr/lib/libCRFSuite.dylib
0x00007fff3727a000 	/System/Library/Frameworks/CFNetwork.framework/Versions/A/CFNetwork
0x00007fff6fdab000 	/usr/lib/libbsm.0.dylib
0x00007fff72b1c000 	/usr/lib/system/libkxld.dylib
0x00007fff4c350000 	/System/Library/PrivateFrameworks/AppleFSCompression.framework/Versions/A/AppleFSCompression
0x00007fff70136000 	/usr/lib/libcoretls.dylib
0x00007fff7014d000 	/usr/lib/libcoretls_cfhelpers.dylib
0x00007fff71989000 	/usr/lib/libpam.2.dylib
0x00007fff71abe000 	/usr/lib/libsqlite3.dylib
0x00007fff71efd000 	/usr/lib/libxar.1.dylib
0x00007fff6fdbc000 	/usr/lib/libbz2.1.0.dylib
0x00007fff708bc000 	/usr/lib/libiconv.2.dylib
0x00007fff6fe32000 	/usr/lib/libcharset.1.dylib
0x00007fff71426000 	/usr/lib/libnetwork.dylib
0x00007fff71990000 	/usr/lib/libpcap.A.dylib
0x00007fff6fb8a000 	/usr/lib/libapple_nghttp2.dylib
0x00007fff3a1aa000 	/System/Library/Frameworks/CoreServices.framework/Versions/A/Frameworks/FSEvents.framework/Versions/A/FSEvents
0x00007fff39e7a000 	/System/Library/Frameworks/CoreServices.framework/Versions/A/Frameworks/CarbonCore.framework/Versions/A/CarbonCore
0x00007fff3a3ee000 	/System/Library/Frameworks/CoreServices.framework/Versions/A/Frameworks/Metadata.framework/Versions/A/Metadata
0x00007fff3a487000 	/System/Library/Frameworks/CoreServices.framework/Versions/A/Frameworks/OSServices.framework/Versions/A/OSServices
0x00007fff3a4b5000 	/System/Library/Frameworks/CoreServices.framework/Versions/A/Frameworks/SearchKit.framework/Versions/A/SearchKit
0x00007fff39df4000 	/System/Library/Frameworks/CoreServices.framework/Versions/A/Frameworks/AE.framework/Versions/A/AE
0x00007fff3a1b3000 	/System/Library/Frameworks/CoreServices.framework/Versions/A/Frameworks/LaunchServices.framework/Versions/A/LaunchServices
0x00007fff3a15c000 	/System/Library/Frameworks/CoreServices.framework/Versions/A/Frameworks/DictionaryServices.framework/Versions/A/DictionaryServices
0x00007fff3a51d000 	/System/Library/Frameworks/CoreServices.framework/Versions/A/Frameworks/SharedFileList.framework/Versions/A/SharedFileList
0x00007fff3f3ae000 	/System/Library/Frameworks/NetFS.framework/Versions/A/NetFS
0x00007fff60097000 	/System/Library/PrivateFrameworks/NetAuth.framework/Versions/A/NetAuth
0x00007fff6ca20000 	/System/Library/PrivateFrameworks/login.framework/Versions/A/Frameworks/loginsupport.framework/Versions/A/loginsupport
0x00007fff6932d000 	/System/Library/PrivateFrameworks/TCC.framework/Versions/A/TCC
0x00007fff50f81000 	/System/Library/PrivateFrameworks/CoreNLP.framework/Versions/A/CoreNLP
0x00007fff5f594000 	/System/Library/PrivateFrameworks/MetadataUtilities.framework/Versions/A/MetadataUtilities
0x00007fff70cf8000 	/usr/lib/libmecabra.dylib
0x00007fff70c50000 	/usr/lib/libmecab.dylib
0x00007fff708ac000 	/usr/lib/libgermantok.dylib
0x00007fff6fb71000 	/usr/lib/libThaiTokenizer.dylib
0x00007fff6f577000 	/usr/lib/libChineseTokenizer.dylib
0x00007fff346aa000 	/System/Library/Frameworks/Accelerate.framework/Versions/A/Frameworks/vImage.framework/Versions/A/vImage
0x00007fff35b14000 	/System/Library/Frameworks/Accelerate.framework/Versions/A/Frameworks/vecLib.framework/Versions/A/vecLib
0x00007fff35a51000 	/System/Library/Frameworks/Accelerate.framework/Versions/A/Frameworks/vecLib.framework/Versions/A/libvMisc.dylib
0x00007fff35879000 	/System/Library/Frameworks/Accelerate.framework/Versions/A/Frameworks/vecLib.framework/Versions/A/libvDSP.dylib
0x00007fff34d01000 	/System/Library/Frameworks/Accelerate.framework/Versions/A/Frameworks/vecLib.framework/Versions/A/libBLAS.dylib
0x00007fff3543d000 	/System/Library/Frameworks/Accelerate.framework/Versions/A/Frameworks/vecLib.framework/Versions/A/libLAPACK.dylib
0x00007fff357d9000 	/System/Library/Frameworks/Accelerate.framework/Versions/A/Frameworks/vecLib.framework/Versions/A/libLinearAlgebra.dylib
0x00007fff35866000 	/System/Library/Frameworks/Accelerate.framework/Versions/A/Frameworks/vecLib.framework/Versions/A/libSparseBLAS.dylib
0x00007fff357ef000 	/System/Library/Frameworks/Accelerate.framework/Versions/A/Frameworks/vecLib.framework/Versions/A/libQuadrature.dylib
0x00007fff34f69000 	/System/Library/Frameworks/Accelerate.framework/Versions/A/Frameworks/vecLib.framework/Versions/A/libBNNS.dylib
0x00007fff357f5000 	/System/Library/Frameworks/Accelerate.framework/Versions/A/Frameworks/vecLib.framework/Versions/A/libSparse.dylib
0x00007fff5e108000 	/System/Library/PrivateFrameworks/LanguageModeling.framework/Versions/A/LanguageModeling
0x00007fff50931000 	/System/Library/PrivateFrameworks/CoreEmoji.framework/Versions/A/CoreEmoji
0x00007fff5e226000 	/System/Library/PrivateFrameworks/LinguisticData.framework/Versions/A/LinguisticData
0x00007fff5e1d7000 	/System/Library/PrivateFrameworks/Lexicon.framework/Versions/A/Lexicon
0x00007fff6fe33000 	/usr/lib/libcmph.dylib
0x00007fff41f9d000 	/System/Library/Frameworks/OpenDirectory.framework/Versions/A/Frameworks/CFOpenDirectory.framework/Versions/A/CFOpenDirectory
0x00007fff41fba000 	/System/Library/Frameworks/OpenDirectory.framework/Versions/A/OpenDirectory
0x00007fff4a3fd000 	/System/Library/PrivateFrameworks/APFS.framework/Versions/A/APFS
0x00007fff456ac000 	/System/Library/Frameworks/SecurityFoundation.framework/Versions/A/SecurityFoundation
0x00007fff71ef9000 	/usr/lib/libutil.dylib
0x00007fff51e66000 	/System/Library/PrivateFrameworks/CoreServicesStore.framework/Versions/A/CoreServicesStore
0x00007fff45763000 	/System/Library/Frameworks/ServiceManagement.framework/Versions/A/ServiceManagement
0x00007fff4db20000 	/System/Library/PrivateFrameworks/BackgroundTaskManagement.framework/Versions/A/BackgroundTaskManagement
0x00007fff71ff6000 	/usr/lib/libxslt.1.dylib
0x00007fff4c9c3000 	/System/Library/PrivateFrameworks/AppleSystemInfo.framework/Versions/A/AppleSystemInfo
0x00007fff3bb52000 	/System/Library/Frameworks/ImageIO.framework/Versions/A/Resources/libJPEG.dylib
0x00007fff3be11000 	/System/Library/Frameworks/ImageIO.framework/Versions/A/Resources/libTIFF.dylib
0x00007fff3bdf4000 	/System/Library/Frameworks/ImageIO.framework/Versions/A/Resources/libPng.dylib
0x00007fff3ba94000 	/System/Library/Frameworks/ImageIO.framework/Versions/A/Resources/libGIF.dylib
0x00007fff3ba98000 	/System/Library/Frameworks/ImageIO.framework/Versions/A/Resources/libJP2.dylib
0x00007fff3be0f000 	/System/Library/Frameworks/ImageIO.framework/Versions/A/Resources/libRadiance.dylib
0x00007fff70875000 	/usr/lib/libexpat.1.dylib
0x00007fff4c4ab000 	/System/Library/PrivateFrameworks/AppleJPEG.framework/Versions/A/AppleJPEG
0x00007fff5517c000 	/System/Library/PrivateFrameworks/FontServices.framework/libFontParser.dylib
0x00007fff6ba22000 	/System/Library/PrivateFrameworks/WatchdogClient.framework/Versions/A/WatchdogClient
0x00007fff5d763000 	/System/Library/PrivateFrameworks/IOAccelerator.framework/Versions/A/IOAccelerator
0x00007fff3e31e000 	/System/Library/Frameworks/MetalPerformanceShaders.framework/Versions/A/MetalPerformanceShaders
0x00007fff59ef9000 	/System/Library/PrivateFrameworks/GPUWrangler.framework/Versions/A/GPUWrangler
0x00007fff5d778000 	/System/Library/PrivateFrameworks/IOPresentment.framework/Versions/A/IOPresentment
0x00007fff529e6000 	/System/Library/PrivateFrameworks/DSExternalDisplay.framework/Versions/A/DSExternalDisplay
0x00007fff4292e000 	/System/Library/Frameworks/OpenGL.framework/Versions/A/Libraries/libCoreFSCache.dylib
0x00007fff3e06a000 	/System/Library/Frameworks/MetalPerformanceShaders.framework/Frameworks/MPSCore.framework/Versions/A/MPSCore
0x00007fff3e0a8000 	/System/Library/Frameworks/MetalPerformanceShaders.framework/Frameworks/MPSImage.framework/Versions/A/MPSImage
0x00007fff3e16f000 	/System/Library/Frameworks/MetalPerformanceShaders.framework/Frameworks/MPSNeuralNetwork.framework/Versions/A/MPSNeuralNetwork
0x00007fff3e133000 	/System/Library/Frameworks/MetalPerformanceShaders.framework/Frameworks/MPSMatrix.framework/Versions/A/MPSMatrix
0x00007fff3e2ce000 	/System/Library/Frameworks/MetalPerformanceShaders.framework/Frameworks/MPSRayIntersector.framework/Versions/A/MPSRayIntersector
0x00007fff3e159000 	/System/Library/Frameworks/MetalPerformanceShaders.framework/Frameworks/MPSNDArray.framework/Versions/A/MPSNDArray
0x00007fff5f5e1000 	/System/Library/PrivateFrameworks/MetalTools.framework/Versions/A/MetalTools
0x00007fff4b5d7000 	/System/Library/PrivateFrameworks/AggregateDictionary.framework/Versions/A/AggregateDictionary
0x00007fff50379000 	/System/Library/PrivateFrameworks/CoreAnalytics.framework/Versions/A/CoreAnalytics
0x00007fff4c8e2000 	/System/Library/PrivateFrameworks/AppleSauce.framework/Versions/A/AppleSauce
0x00007fff6f833000 	/usr/lib/libIOReport.dylib
0x00007fff3aa1e000 	/System/Library/Frameworks/CoreVideo.framework/Versions/A/CoreVideo
0x00007fff5b372000 	/System/Library/PrivateFrameworks/GraphVisualizer.framework/Versions/A/GraphVisualizer
0x00007fff546c2000 	/System/Library/PrivateFrameworks/FaceCore.framework/Versions/A/FaceCore
0x00007fff41f44000 	/System/Library/Frameworks/OpenCL.framework/Versions/A/OpenCL
0x00007fff6f655000 	/usr/lib/libFosl_dynamic.dylib
0x00007fff60ab7000 	/System/Library/PrivateFrameworks/OTSVG.framework/Versions/A/OTSVG
0x00007fff36bd3000 	/System/Library/Frameworks/ApplicationServices.framework/Versions/A/Frameworks/ATS.framework/Versions/A/Resources/libFontRegistry.dylib
0x00007fff5534d000 	/System/Library/PrivateFrameworks/FontServices.framework/libhvf.dylib
0x00007fff42939000 	/System/Library/Frameworks/OpenGL.framework/Versions/A/Libraries/libGFXShared.dylib
0x00007fff42b17000 	/System/Library/Frameworks/OpenGL.framework/Versions/A/Libraries/libGLU.dylib
0x00007fff42942000 	/System/Library/Frameworks/OpenGL.framework/Versions/A/Libraries/libGL.dylib
0x00007fff4294d000 	/System/Library/Frameworks/OpenGL.framework/Versions/A/Libraries/libGLImage.dylib
0x00007fff4292b000 	/System/Library/Frameworks/OpenGL.framework/Versions/A/Libraries/libCVMSPluginSupport.dylib
0x00007fff42934000 	/System/Library/Frameworks/OpenGL.framework/Versions/A/Libraries/libCoreVMClient.dylib
0x00007fff712c7000 	/usr/lib/libncurses.5.4.dylib
0x00007fff36acf000 	/System/Library/Frameworks/ApplicationServices.framework/Versions/A/Frameworks/ATS.framework/Versions/A/ATS
0x00007fff36c9c000 	/System/Library/Frameworks/ApplicationServices.framework/Versions/A/Frameworks/ColorSyncLegacy.framework/Versions/A/ColorSyncLegacy
0x00007fff36d3a000 	/System/Library/Frameworks/ApplicationServices.framework/Versions/A/Frameworks/HIServices.framework/Versions/A/HIServices
0x00007fff36d92000 	/System/Library/Frameworks/ApplicationServices.framework/Versions/A/Frameworks/LangAnalysis.framework/Versions/A/LangAnalysis
0x00007fff36da1000 	/System/Library/Frameworks/ApplicationServices.framework/Versions/A/Frameworks/PrintCore.framework/Versions/A/PrintCore
0x00007fff36de7000 	/System/Library/Frameworks/ApplicationServices.framework/Versions/A/Frameworks/QD.framework/Versions/A/QD
0x00007fff36df2000 	/System/Library/Frameworks/ApplicationServices.framework/Versions/A/Frameworks/SpeechSynthesis.framework/Versions/A/SpeechSynthesis
0x00007fff36c6c000 	/System/Library/Frameworks/ApplicationServices.framework/Versions/A/Frameworks/ATSUI.framework/Versions/A/ATSUI
0x00007fff7070b000 	/usr/lib/libcups.2.dylib
0x00007fff3d3b9000 	/System/Library/Frameworks/Kerberos.framework/Versions/A/Kerberos
0x00007fff3b4fa000 	/System/Library/Frameworks/GSS.framework/Versions/A/GSS
0x00007fff71a4a000 	/usr/lib/libresolv.9.dylib
0x00007fff5b51f000 	/System/Library/PrivateFrameworks/Heimdal.framework/Versions/A/Heimdal
0x00007fff3d3cc000 	/System/Library/Frameworks/Kerberos.framework/Versions/A/Libraries/libHeimdalProxy.dylib
0x00007fff708b2000 	/usr/lib/libheimdal-asn1.dylib
0x00007fff4f811000 	/System/Library/PrivateFrameworks/CommonAuth.framework/Versions/A/CommonAuth
0x00007fff4ca60000 	/System/Library/PrivateFrameworks/AssertionServices.framework/Versions/A/AssertionServices
0x00007fff4d603000 	/System/Library/PrivateFrameworks/AudioToolboxCore.framework/Versions/A/AudioToolboxCore
0x00007fff6c6d0000 	/System/Library/PrivateFrameworks/caulk.framework/Versions/A/caulk
0x00007fff4dbcc000 	/System/Library/PrivateFrameworks/BaseBoard.framework/Versions/A/BaseBoard
0x00007fff64d1a000 	/System/Library/PrivateFrameworks/RunningBoardServices.framework/Versions/A/RunningBoardServices
0x00007fff61d2b000 	/System/Library/PrivateFrameworks/PersistentConnection.framework/Versions/A/PersistentConnection
0x00007fff64713000 	/System/Library/PrivateFrameworks/ProtocolBuffer.framework/Versions/A/ProtocolBuffer
0x00007fff4f835000 	/System/Library/PrivateFrameworks/CommonUtilities.framework/Versions/A/CommonUtilities
0x00007fff4dd5a000 	/System/Library/PrivateFrameworks/Bom.framework/Versions/A/Bom
0x00007fff6f506000 	/usr/lib/libAudioToolboxUtility.dylib
0x00007fff4db2a000 	/System/Library/PrivateFrameworks/Backup.framework/Versions/A/Backup
0x00007fff52907000 	/System/Library/PrivateFrameworks/CrashReporterSupport.framework/Versions/A/CrashReporterSupport
0x00007fff667ac000 	/System/Library/PrivateFrameworks/Sharing.framework/Versions/A/Sharing
0x00007fff4c06e000 	/System/Library/PrivateFrameworks/Apple80211.framework/Versions/A/Apple80211
0x00007fff4d847000 	/System/Library/PrivateFrameworks/AuthKit.framework/Versions/A/AuthKit
0x00007fff52614000 	/System/Library/PrivateFrameworks/CoreUtils.framework/Versions/A/CoreUtils
0x00007fff3aa63000 	/System/Library/Frameworks/CoreWLAN.framework/Versions/A/CoreWLAN
0x00007fff3b687000 	/System/Library/Frameworks/IOBluetooth.framework/Versions/A/IOBluetooth
0x00007fff5f8e6000 	/System/Library/PrivateFrameworks/MobileKeyBag.framework/Versions/A/MobileKeyBag
0x00007fff51419000 	/System/Library/PrivateFrameworks/CorePhoneNumbers.framework/Versions/A/CorePhoneNumbers
0x00007fff4c45e000 	/System/Library/PrivateFrameworks/AppleIDAuthSupport.framework/Versions/A/AppleIDAuthSupport
0x00007fff3f3bb000 	/System/Library/Frameworks/Network.framework/Versions/A/Network
0x00007fff5dfb4000 	/System/Library/PrivateFrameworks/KeychainCircle.framework/Versions/A/KeychainCircle
0x00007fff384b4000 	/System/Library/Frameworks/CoreBluetooth.framework/Versions/A/CoreBluetooth
0x00007fff6882b000 	/System/Library/PrivateFrameworks/SpeechRecognitionCore.framework/Versions/A/SpeechRecognitionCore
0x0000000105600000 	/Users/Sofia/Library/Java/JavaVirtualMachines/openjdk-15.0.1/Contents/Home/lib/server/libjvm.dylib
0x000000010470a000 	/Users/Sofia/Library/Java/JavaVirtualMachines/openjdk-15.0.1/Contents/Home/lib/libjimage.dylib
0x0000000104718000 	/Users/Sofia/Library/Java/JavaVirtualMachines/openjdk-15.0.1/Contents/Home/lib/libinstrument.dylib
0x0000000104728000 	/Users/Sofia/Library/Java/JavaVirtualMachines/openjdk-15.0.1/Contents/Home/lib/libjava.dylib
0x00000001049d6000 	/Users/Sofia/Library/Java/JavaVirtualMachines/openjdk-15.0.1/Contents/Home/lib/libzip.dylib
0x00000001049e4000 	/Users/Sofia/Library/Java/JavaVirtualMachines/openjdk-15.0.1/Contents/Home/lib/libnio.dylib
0x00000001049f8000 	/Users/Sofia/Library/Java/JavaVirtualMachines/openjdk-15.0.1/Contents/Home/lib/libnet.dylib
0x0000000104a11000 	/Users/Sofia/Library/Java/JavaVirtualMachines/openjdk-15.0.1/Contents/Home/lib/libextnet.dylib
0x0000000104a18000 	/Users/Sofia/Library/Java/JavaVirtualMachines/openjdk-15.0.1/Contents/Home/lib/libawt.dylib
0x0000000104c06000 	/Users/Sofia/Library/Java/JavaVirtualMachines/openjdk-15.0.1/Contents/Home/lib/libmlib_image.dylib
0x00007fff3d3a3000 	/System/Library/Frameworks/JavaVM.framework/Versions/A/Frameworks/JavaNativeFoundation.framework/Versions/A/JavaNativeFoundation
0x00007fff3d3ac000 	/System/Library/Frameworks/JavaVM.framework/Versions/A/Frameworks/JavaRuntimeSupport.framework/Versions/A/JavaRuntimeSupport
0x00007fff3d3b4000 	/System/Library/Frameworks/JavaVM.framework/Versions/A/JavaVM
0x00007fff5ddcb000 	/System/Library/PrivateFrameworks/JavaLaunching.framework/Versions/A/JavaLaunching
0x00007fff37685000 	/System/Library/Frameworks/Carbon.framework/Versions/A/Carbon
0x00007fff523b9000 	/System/Library/PrivateFrameworks/CoreSymbolication.framework/Versions/A/CoreSymbolication
0x00007fff37686000 	/System/Library/Frameworks/Carbon.framework/Versions/A/Frameworks/CommonPanels.framework/Versions/A/CommonPanels
0x00007fff3797f000 	/System/Library/Frameworks/Carbon.framework/Versions/A/Frameworks/Help.framework/Versions/A/Help
0x00007fff37983000 	/System/Library/Frameworks/Carbon.framework/Versions/A/Frameworks/ImageCapture.framework/Versions/A/ImageCapture
0x00007fff3798a000 	/System/Library/Frameworks/Carbon.framework/Versions/A/Frameworks/OpenScripting.framework/Versions/A/OpenScripting
0x00007fff37989000 	/System/Library/Frameworks/Carbon.framework/Versions/A/Frameworks/Ink.framework/Versions/A/Ink
0x00007fff379c5000 	/System/Library/Frameworks/Carbon.framework/Versions/A/Frameworks/Print.framework/Versions/A/Print
0x00007fff379c6000 	/System/Library/Frameworks/Carbon.framework/Versions/A/Frameworks/SecurityHI.framework/Versions/A/SecurityHI
0x00007fff52b3b000 	/System/Library/PrivateFrameworks/DebugSymbols.framework/Versions/A/DebugSymbols
0x0000000104ca2000 	/Users/Sofia/Library/Java/JavaVirtualMachines/openjdk-15.0.1/Contents/Home/lib/libawt_lwawt.dylib
0x0000000104acf000 	/Users/Sofia/Library/Java/JavaVirtualMachines/openjdk-15.0.1/Contents/Home/lib/libosxapp.dylib
0x00007fff3af63000 	/System/Library/Frameworks/ExceptionHandling.framework/Versions/A/ExceptionHandling
0x000000012661c000 	/Users/Sofia/Library/Java/JavaVirtualMachines/openjdk-15.0.1/Contents/Home/lib/libfontmanager.dylib
0x0000000126748000 	/Users/Sofia/Library/Java/JavaVirtualMachines/openjdk-15.0.1/Contents/Home/lib/libfreetype.dylib
0x00007fff51e32000 	/System/Library/PrivateFrameworks/CoreServicesInternal.framework/Versions/A/CoreServicesInternal
0x00007fff3af82000 	/System/Library/Frameworks/FileProvider.framework/Versions/A/FileProvider
0x00007fff35b15000 	/System/Library/Frameworks/Accounts.framework/Versions/A/Accounts
0x00007fff5a21e000 	/System/Library/PrivateFrameworks/GenerationalStorage.framework/Versions/A/GenerationalStorage
0x00007fff6906d000 	/System/Library/PrivateFrameworks/SymptomDiagnosticReporter.framework/Versions/A/SymptomDiagnosticReporter
0x00007fff4bb72000 	/System/Library/PrivateFrameworks/AppContainer.framework/Versions/A/AppContainer
0x00007fff71a64000 	/usr/lib/libsandbox.1.dylib
0x00007fff6a9c6000 	/System/Library/PrivateFrameworks/UserManagement.framework/Versions/A/UserManagement
0x00007fff4e916000 	/System/Library/PrivateFrameworks/ChunkingLibrary.framework/Versions/A/ChunkingLibrary
0x00007fff4bbe4000 	/System/Library/PrivateFrameworks/AppSandbox.framework/Versions/A/AppSandbox
0x00007fff66636000 	/System/Library/PrivateFrameworks/SecCodeWrapper.framework/Versions/A/SecCodeWrapper
0x00007fff6f91b000 	/usr/lib/libMatch.1.dylib
0x00007fff2bafd000 	/System/Library/CoreServices/RawCamera.bundle/Contents/MacOS/RawCamera
0x00007fff5f710000 	/System/Library/PrivateFrameworks/MobileAsset.framework/Versions/A/MobileAsset
0x00007fff68f15000 	/System/Library/PrivateFrameworks/StreamingZip.framework/Versions/A/StreamingZip
0x00007fff3d834000 	/System/Library/Frameworks/MediaToolbox.framework/Versions/A/MediaToolbox
0x00007fff50329000 	/System/Library/PrivateFrameworks/CoreAVCHD.framework/Versions/A/CoreAVCHD
0x00007fff3d75e000 	/System/Library/Frameworks/MediaAccessibility.framework/Versions/A/MediaAccessibility
0x00007fff5eac4000 	/System/Library/PrivateFrameworks/Mangrove.framework/Versions/A/Mangrove
0x00007fff39c2b000 	/System/Library/Frameworks/CoreMedia.framework/Versions/A/CoreMedia
0x00007fff5ed30000 	/System/Library/PrivateFrameworks/MediaExperience.framework/Versions/A/MediaExperience
0x00007fff4670d000 	/System/Library/Frameworks/VideoToolbox.framework/Versions/A/VideoToolbox
0x00007fff4ff53000 	/System/Library/PrivateFrameworks/CoreAUC.framework/Versions/A/CoreAUC
0x00007fff71abc000 	/usr/lib/libspindump.dylib
0x00007fff4cfb2000 	/System/Library/PrivateFrameworks/AudioResourceArbitration.framework/Versions/A/AudioResourceArbitration
0x00007fff4c9c7000 	/System/Library/PrivateFrameworks/AppleVA.framework/Versions/A/AppleVA
0x00007fff34693000 	/System/Library/Frameworks/Accelerate.framework/Versions/A/Frameworks/vImage.framework/Versions/A/Libraries/libCGInterfaces.dylib
0x0000000104dee000 	/usr/lib/libobjc-trampolines.dylib
0x00007fff552b4000 	/System/Library/PrivateFrameworks/FontServices.framework/libTrueTypeScaler.dylib
0x00007fff2eeba000 	/System/Library/Extensions/AppleIntelHD5000GraphicsMTLDriver.bundle/Contents/MacOS/AppleIntelHD5000GraphicsMTLDriver
0x00007fff5883e000 	/System/Library/PrivateFrameworks/GPUCompiler.framework/Versions/3902/Libraries/libmetal_timestamp.dylib
0x00007fff6b792000 	/System/Library/PrivateFrameworks/ViewBridge.framework/Versions/A/ViewBridge
0x00007fff6ca23000 	/System/Library/PrivateFrameworks/login.framework/Versions/A/login
0x00007fff4359f000 	/System/Library/Frameworks/OpenGL.framework/Versions/A/Resources/GLEngine.bundle/GLEngine
0x00007fff42982000 	/System/Library/Frameworks/OpenGL.framework/Versions/A/Libraries/libGLProgrammability.dylib
0x00007fff2e9ac000 	/System/Library/Extensions/AppleIntelHD5000GraphicsGLDriver.bundle/Contents/MacOS/AppleIntelHD5000GraphicsGLDriver
0x00007fff59eed000 	/System/Library/PrivateFrameworks/GPUSupport.framework/Versions/A/Libraries/libGPUSupportMercury.dylib
0x00007fff43719000 	/System/Library/Frameworks/OpenGL.framework/Versions/A/Resources/GLRendererFloat.bundle/GLRendererFloat
0x00007fff41f3b000 	/System/Library/Frameworks/OpenCL.framework/Versions/A/Libraries/libcldcpuengine.dylib
0x0000000128ebc000 	/Users/Sofia/Library/Java/JavaVirtualMachines/openjdk-15.0.1/Contents/Home/lib/libosxui.dylib
0x000000017ce99000 	/Users/Sofia/Library/Java/JavaVirtualMachines/openjdk-15.0.1/Contents/Home/lib/libverify.dylib
0x000000017e44d000 	/private/var/folders/nt/d15y3yj164vc6vgh07r462200000gn/T/bluecove_Sofia_0/libbluecove.jnilib


VM Arguments:
jvm_args: -javaagent:/Applications/IntelliJ IDEA CE.app/Contents/lib/idea_rt.jar=53955:/Applications/IntelliJ IDEA CE.app/Contents/bin -Dfile.encoding=UTF-8 
java_command: App
java_class_path (initial): /Volumes/documentos/faculdade/202021/fso/github/FSO_TP2/bin:/Volumes/documentos/faculdade/202021/fso/bibliotecas robot/bluecove-2.1.1.jar:/Volumes/documentos/faculdade/202021/fso/bibliotecas robot/RobotLegoEV3_2021.jar
Launcher Type: SUN_STANDARD

[Global flags]
     intx CICompilerCount                          = 3                                         {product} {ergonomic}
     uint ConcGCThreads                            = 1                                         {product} {ergonomic}
     uint G1ConcRefinementThreads                  = 4                                         {product} {ergonomic}
   size_t G1HeapRegionSize                         = 1048576                                   {product} {ergonomic}
    uintx GCDrainStackTargetSize                   = 64                                        {product} {ergonomic}
   size_t InitialHeapSize                          = 134217728                                 {product} {ergonomic}
   size_t MarkStackSize                            = 4194304                                   {product} {ergonomic}
   size_t MaxHeapSize                              = 2147483648                                {product} {ergonomic}
   size_t MaxNewSize                               = 1287651328                                {product} {ergonomic}
   size_t MinHeapDeltaBytes                        = 1048576                                   {product} {ergonomic}
   size_t MinHeapSize                              = 8388608                                   {product} {ergonomic}
    uintx NonNMethodCodeHeapSize                   = 5832780                                {pd product} {ergonomic}
    uintx NonProfiledCodeHeapSize                  = 122912730                              {pd product} {ergonomic}
    uintx ProfiledCodeHeapSize                     = 122912730                              {pd product} {ergonomic}
    uintx ReservedCodeCacheSize                    = 251658240                              {pd product} {ergonomic}
     bool SegmentedCodeCache                       = true                                      {product} {ergonomic}
   size_t SoftMaxHeapSize                          = 2147483648                             {manageable} {ergonomic}
     bool UseCompressedClassPointers               = true                                 {lp64_product} {ergonomic}
     bool UseCompressedOops                        = true                                 {lp64_product} {ergonomic}
     bool UseG1GC                                  = true                                      {product} {ergonomic}
     bool UseNUMA                                  = false                                     {product} {ergonomic}
     bool UseNUMAInterleaving                      = false                                     {product} {ergonomic}

Logging:
Log output configuration:
 #0: stdout all=warning uptime,level,tags
 #1: stderr all=off uptime,level,tags

Environment Variables:
PATH=/Users/Sofia/opt/anaconda3/bin:/Users/Sofia/opt/anaconda3/condabin:/Library/Frameworks/Python.framework/Versions/3.7/bin:/usr/local/bin:/usr/bin:/bin:/usr/sbin:/sbin:/usr/local/share/dotnet:~/.dotnet/tools:/Library/Frameworks/Mono.framework/Versions/Current/Commands
SHELL=/bin/bash
LC_CTYPE=UTF-8

Signal Handlers:
SIGSEGV: [libjvm.dylib+0xa00020], sa_mask[0]=11111111011111110111111111111111, sa_flags=SA_ONSTACK|SA_RESTART|SA_SIGINFO
SIGBUS: [libjvm.dylib+0xa00020], sa_mask[0]=11111111011111110111111111111111, sa_flags=SA_RESTART|SA_SIGINFO
SIGFPE: [libjvm.dylib+0xa00020], sa_mask[0]=11111111011111110111111111111111, sa_flags=SA_RESTART|SA_SIGINFO
SIGPIPE: [libjvm.dylib+0x82b7f0], sa_mask[0]=11111111011111110111111111111111, sa_flags=SA_RESTART|SA_SIGINFO
SIGXFSZ: [libjvm.dylib+0x82b7f0], sa_mask[0]=11111111011111110111111111111111, sa_flags=SA_RESTART|SA_SIGINFO
SIGILL: [libjvm.dylib+0xa00020], sa_mask[0]=11111111011111110111111111111111, sa_flags=SA_RESTART|SA_SIGINFO
SIGUSR2: [libjvm.dylib+0x82c300], sa_mask[0]=00100000000000000000000000000000, sa_flags=SA_RESTART|SA_SIGINFO
SIGHUP: [libjvm.dylib+0x82aa00], sa_mask[0]=11111111011111110111111111111111, sa_flags=SA_RESTART|SA_SIGINFO
SIGINT: [libjvm.dylib+0x82aa00], sa_mask[0]=11111111011111110111111111111111, sa_flags=SA_RESTART|SA_SIGINFO
SIGTERM: [libjvm.dylib+0x82aa00], sa_mask[0]=11111111011111110111111111111111, sa_flags=SA_RESTART|SA_SIGINFO
SIGQUIT: [libjvm.dylib+0x82aa00], sa_mask[0]=11111111011111110111111111111111, sa_flags=SA_RESTART|SA_SIGINFO


---------------  S Y S T E M  ---------------

OS:uname: Darwin 19.6.0 Darwin Kernel Version 19.6.0: Mon Aug 31 22:12:52 PDT 2020; root:xnu-6153.141.2~1/RELEASE_X86_64 x86_64
OS uptime: 5 days 0:39 hours
rlimit (soft/hard): STACK 8192k/65532k , CORE 0k/infinity , NPROC 1392/2088 , NOFILE 10240/infinity , AS infinity/infinity , CPU infinity/infinity , DATA infinity/infinity , FSIZE infinity/infinity , MEMLOCK infinity/infinity , RSS infinity/infinity
load average: 1.75 2.31 2.45

CPU: total 4 (initial active 4) (2 cores per cpu, 2 threads per core) family 6 model 69 stepping 1 microcode 0x26, cmov, cx8, fxsr, mmx, sse, sse2, sse3, ssse3, sse4.1, sse4.2, popcnt, vzeroupper, avx, avx2, aes, clmul, erms, lzcnt, ht, tsc, tscinvbit, bmi1, bmi2, fma, clflush

Memory: 4k page, physical 8388608k(111804k free), swap 4194304k(1409536k free)

vm_info: OpenJDK 64-Bit Server VM (15.0.1+9-18) for bsd-amd64 JRE (15.0.1+9-18), built on Sep 15 2020 13:39:50 by "mach5one" with clang 4.2.1 Compatible Apple LLVM 10.0.0 (clang-1000.11.45.5)

END.
